# JRE version: 7.0_25-b15
# Java VM: Java HotSpot(TM) 64-Bit Server VM (23.25-b01 mixed mode bsd-amd64 compressed oops)
Heap
 PSYoungGen      total 342464K, used 92480K [0x00000007eaab0000, 0x00000007ffd30000, 0x0000000800000000)
  eden space 338304K, 27% used [0x00000007eaab0000,0x00000007f0500070,0x00000007ff510000)
  from space 4160K, 0% used [0x00000007ff510000,0x00000007ff510000,0x00000007ff920000)
  to   space 4160K, 0% used [0x00000007ff920000,0x00000007ff920000,0x00000007ffd30000)
 ParOldGen       total 87424K, used 40836K [0x00000007c0000000, 0x00000007c5560000, 0x00000007eaab0000)
  object space 87424K, 46% used [0x00000007c0000000,0x00000007c27e1190,0x00000007c5560000)
 PSPermGen       total 49216K, used 49129K [0x00000007bae00000, 0x00000007bde10000, 0x00000007c0000000)
  object space 49216K, 99% used [0x00000007bae00000,0x00000007bddfa7a8,0x00000007bde10000)
GC Heap History (10 events):
Event: 3319.571 GC heap before
{Heap before GC invocations=109 (full 50):
 PSYoungGen      total 342464K, used 2962K [0x00000007eaab0000, 0x00000007ffd90000, 0x0000000800000000)
  eden space 338304K, 0% used [0x00000007eaab0000,0x00000007eaab0000,0x00000007ff510000)
  from space 4160K, 71% used [0x00000007ff510000,0x00000007ff7f4a80,0x00000007ff920000)
  to   space 4352K, 0% used [0x00000007ff950000,0x00000007ff950000,0x00000007ffd90000)
 ParOldGen       total 87424K, used 40091K [0x00000007c0000000, 0x00000007c5560000, 0x00000007eaab0000)
  object space 87424K, 45% used [0x00000007c0000000,0x00000007c2726e90,0x00000007c5560000)
 PSPermGen       total 49280K, used 49119K [0x00000007bae00000, 0x00000007bde20000, 0x00000007c0000000)
  object space 49280K, 99% used [0x00000007bae00000,0x00000007bddf7d58,0x00000007bde20000)
Event: 3319.674 GC heap after
Heap after GC invocations=109 (full 50):
 PSYoungGen      total 342464K, used 0K [0x00000007eaab0000, 0x00000007ffd90000, 0x0000000800000000)
  eden space 338304K, 0% used [0x00000007eaab0000,0x00000007eaab0000,0x00000007ff510000)
  from space 4160K, 0% used [0x00000007ff510000,0x00000007ff510000,0x00000007ff920000)
  to   space 4352K, 0% used [0x00000007ff950000,0x00000007ff950000,0x00000007ffd90000)
 ParOldGen       total 87424K, used 40887K [0x00000007c0000000, 0x00000007c5560000, 0x00000007eaab0000)
  object space 87424K, 46% used [0x00000007c0000000,0x00000007c27eddf8,0x00000007c5560000)
 PSPermGen       total 49216K, used 49119K [0x00000007bae00000, 0x00000007bde10000, 0x00000007c0000000)
  object space 49216K, 99% used [0x00000007bae00000,0x00000007bddf7d18,0x00000007bde10000)
}
Event: 3385.859 GC heap before
{Heap before GC invocations=110 (full 50):
 PSYoungGen      total 342464K, used 132584K [0x00000007eaab0000, 0x00000007ffd90000, 0x0000000800000000)
  eden space 338304K, 39% used [0x00000007eaab0000,0x00000007f2c2a178,0x00000007ff510000)
  from space 4160K, 0% used [0x00000007ff510000,0x00000007ff510000,0x00000007ff920000)
  to   space 4352K, 0% used [0x00000007ff950000,0x00000007ff950000,0x00000007ffd90000)
 ParOldGen       total 87424K, used 40887K [0x00000007c0000000, 0x00000007c5560000, 0x00000007eaab0000)
  object space 87424K, 46% used [0x00000007c0000000,0x00000007c27eddf8,0x00000007c5560000)
 PSPermGen       total 49216K, used 49120K [0x00000007bae00000, 0x00000007bde10000, 0x00000007c0000000)
  object space 49216K, 99% used [0x00000007bae00000,0x00000007bddf80a0,0x00000007bde10000)
Event: 3385.864 GC heap after
Heap after GC invocations=110 (full 50):
 PSYoungGen      total 342272K, used 1744K [0x00000007eaab0000, 0x00000007ffd30000, 0x0000000800000000)
  eden space 338304K, 0% used [0x00000007eaab0000,0x00000007eaab0000,0x00000007ff510000)
  from space 3968K, 43% used [0x00000007ff950000,0x00000007ffb042e8,0x00000007ffd30000)
  to   space 4160K, 0% used [0x00000007ff510000,0x00000007ff510000,0x00000007ff920000)
 ParOldGen       total 87424K, used 40887K [0x00000007c0000000, 0x00000007c5560000, 0x00000007eaab0000)
  object space 87424K, 46% used [0x00000007c0000000,0x00000007c27eddf8,0x00000007c5560000)
 PSPermGen       total 49216K, used 49120K [0x00000007bae00000, 0x00000007bde10000, 0x00000007c0000000)
  object space 49216K, 99% used [0x00000007bae00000,0x00000007bddf80a0,0x00000007bde10000)
}
Event: 3385.864 GC heap before
{Heap before GC invocations=111 (full 51):
 PSYoungGen      total 342272K, used 1744K [0x00000007eaab0000, 0x00000007ffd30000, 0x0000000800000000)
  eden space 338304K, 0% used [0x00000007eaab0000,0x00000007eaab0000,0x00000007ff510000)
  from space 3968K, 43% used [0x00000007ff950000,0x00000007ffb042e8,0x00000007ffd30000)
  to   space 4160K, 0% used [0x00000007ff510000,0x00000007ff510000,0x00000007ff920000)
 ParOldGen       total 87424K, used 40887K [0x00000007c0000000, 0x00000007c5560000, 0x00000007eaab0000)
  object space 87424K, 46% used [0x00000007c0000000,0x00000007c27eddf8,0x00000007c5560000)
 PSPermGen       total 49216K, used 49120K [0x00000007bae00000, 0x00000007bde10000, 0x00000007c0000000)
  object space 49216K, 99% used [0x00000007bae00000,0x00000007bddf80a0,0x00000007bde10000)
Event: 3385.982 GC heap after
Heap after GC invocations=111 (full 51):
 PSYoungGen      total 342272K, used 0K [0x00000007eaab0000, 0x00000007ffd30000, 0x0000000800000000)
  eden space 338304K, 0% used [0x00000007eaab0000,0x00000007eaab0000,0x00000007ff510000)
  from space 3968K, 0% used [0x00000007ff950000,0x00000007ff950000,0x00000007ffd30000)
  to   space 4160K, 0% used [0x00000007ff510000,0x00000007ff510000,0x00000007ff920000)
 ParOldGen       total 87424K, used 40473K [0x00000007c0000000, 0x00000007c5560000, 0x00000007eaab0000)
  object space 87424K, 46% used [0x00000007c0000000,0x00000007c2786460,0x00000007c5560000)
 PSPermGen       total 49216K, used 49120K [0x00000007bae00000, 0x00000007bde10000, 0x00000007c0000000)
  object space 49216K, 99% used [0x00000007bae00000,0x00000007bddf8040,0x00000007bde10000)
}
Event: 3446.627 GC heap before
{Heap before GC invocations=112 (full 51):
 PSYoungGen      total 342272K, used 132160K [0x00000007eaab0000, 0x00000007ffd30000, 0x0000000800000000)
  eden space 338304K, 39% used [0x00000007eaab0000,0x00000007f2bc03a8,0x00000007ff510000)
  from space 3968K, 0% used [0x00000007ff950000,0x00000007ff950000,0x00000007ffd30000)
  to   space 4160K, 0% used [0x00000007ff510000,0x00000007ff510000,0x00000007ff920000)
 ParOldGen       total 87424K, used 40473K [0x00000007c0000000, 0x00000007c5560000, 0x00000007eaab0000)
  object space 87424K, 46% used [0x00000007c0000000,0x00000007c2786460,0x00000007c5560000)
 PSPermGen       total 49216K, used 49128K [0x00000007bae00000, 0x00000007bde10000, 0x00000007c0000000)
  object space 49216K, 99% used [0x00000007bae00000,0x00000007bddfa310,0x00000007bde10000)
Event: 3446.632 GC heap after
Heap after GC invocations=112 (full 51):
 PSYoungGen      total 342464K, used 2672K [0x00000007eaab0000, 0x00000007ffd30000, 0x0000000800000000)
  eden space 338304K, 0% used [0x00000007eaab0000,0x00000007eaab0000,0x00000007ff510000)
  from space 4160K, 64% used [0x00000007ff510000,0x00000007ff7ac270,0x00000007ff920000)
  to   space 4160K, 0% used [0x00000007ff920000,0x00000007ff920000,0x00000007ffd30000)
 ParOldGen       total 87424K, used 40473K [0x00000007c0000000, 0x00000007c5560000, 0x00000007eaab0000)
  object space 87424K, 46% used [0x00000007c0000000,0x00000007c2786460,0x00000007c5560000)
 PSPermGen       total 49216K, used 49128K [0x00000007bae00000, 0x00000007bde10000, 0x00000007c0000000)
  object space 49216K, 99% used [0x00000007bae00000,0x00000007bddfa310,0x00000007bde10000)
}
Event: 3446.632 GC heap before
{Heap before GC invocations=113 (full 52):
 PSYoungGen      total 342464K, used 2672K [0x00000007eaab0000, 0x00000007ffd30000, 0x0000000800000000)
  eden space 338304K, 0% used [0x00000007eaab0000,0x00000007eaab0000,0x00000007ff510000)
  from space 4160K, 64% used [0x00000007ff510000,0x00000007ff7ac270,0x00000007ff920000)
  to   space 4160K, 0% used [0x00000007ff920000,0x00000007ff920000,0x00000007ffd30000)
 ParOldGen       total 87424K, used 40473K [0x00000007c0000000, 0x00000007c5560000, 0x00000007eaab0000)
  object space 87424K, 46% used [0x00000007c0000000,0x00000007c2786460,0x00000007c5560000)
 PSPermGen       total 49216K, used 49128K [0x00000007bae00000, 0x00000007bde10000, 0x00000007c0000000)
  object space 49216K, 99% used [0x00000007bae00000,0x00000007bddfa310,0x00000007bde10000)
Event: 3446.767 GC heap after
Heap after GC invocations=113 (full 52):
 PSYoungGen      total 342464K, used 0K [0x00000007eaab0000, 0x00000007ffd30000, 0x0000000800000000)
  eden space 338304K, 0% used [0x00000007eaab0000,0x00000007eaab0000,0x00000007ff510000)
  from space 4160K, 0% used [0x00000007ff510000,0x00000007ff510000,0x00000007ff920000)
  to   space 4160K, 0% used [0x00000007ff920000,0x00000007ff920000,0x00000007ffd30000)
 ParOldGen       total 87424K, used 40836K [0x00000007c0000000, 0x00000007c5560000, 0x00000007eaab0000)
  object space 87424K, 46% used [0x00000007c0000000,0x00000007c27e1190,0x00000007c5560000)
 PSPermGen       total 49216K, used 49128K [0x00000007bae00000, 0x00000007bde10000, 0x00000007c0000000)
  object space 49216K, 99% used [0x00000007bae00000,0x00000007bddfa2f0,0x00000007bde10000)
}

