# JRE version: 7.0_25-b15
# Java VM: Java HotSpot(TM) 64-Bit Server VM (23.25-b01 mixed mode bsd-amd64 compressed oops)
Heap
 PSYoungGen      total 293952K, used 8509K [0x00000007eaab0000, 0x00000007fd3e0000, 0x0000000800000000)
  eden space 291648K, 2% used [0x00000007eaab0000,0x00000007eb2ff6d0,0x00000007fc780000)
  from space 2304K, 0% used [0x00000007fc780000,0x00000007fc780000,0x00000007fc9c0000)
  to   space 6336K, 0% used [0x00000007fcdb0000,0x00000007fcdb0000,0x00000007fd3e0000)
 ParOldGen       total 87424K, used 42171K [0x00000007c0000000, 0x00000007c5560000, 0x00000007eaab0000)
  object space 87424K, 48% used [0x00000007c0000000,0x00000007c292ed80,0x00000007c5560000)
 PSPermGen       total 49600K, used 49012K [0x00000007bae00000, 0x00000007bde70000, 0x00000007c0000000)
  object space 49600K, 98% used [0x00000007bae00000,0x00000007bdddd190,0x00000007bde70000)
GC Heap History (10 events):
Event: 2304.917 GC heap before
{Heap before GC invocations=80 (full 35):
 PSYoungGen      total 293632K, used 1938K [0x00000007eaab0000, 0x00000007fd4c0000, 0x0000000800000000)
  eden space 291648K, 0% used [0x00000007eaab0000,0x00000007eaab0000,0x00000007fc780000)
  from space 1984K, 97% used [0x00000007fc780000,0x00000007fc9648d0,0x00000007fc970000)
  to   space 6784K, 0% used [0x00000007fce20000,0x00000007fce20000,0x00000007fd4c0000)
 ParOldGen       total 87424K, used 41908K [0x00000007c0000000, 0x00000007c5560000, 0x00000007eaab0000)
  object space 87424K, 47% used [0x00000007c0000000,0x00000007c28ed1c0,0x00000007c5560000)
 PSPermGen       total 49728K, used 49009K [0x00000007bae00000, 0x00000007bde90000, 0x00000007c0000000)
  object space 49728K, 98% used [0x00000007bae00000,0x00000007bdddc590,0x00000007bde90000)
Event: 2305.070 GC heap after
Heap after GC invocations=80 (full 35):
 PSYoungGen      total 293632K, used 0K [0x00000007eaab0000, 0x00000007fd4c0000, 0x0000000800000000)
  eden space 291648K, 0% used [0x00000007eaab0000,0x00000007eaab0000,0x00000007fc780000)
  from space 1984K, 0% used [0x00000007fc780000,0x00000007fc780000,0x00000007fc970000)
  to   space 6784K, 0% used [0x00000007fce20000,0x00000007fce20000,0x00000007fd4c0000)
 ParOldGen       total 87424K, used 41920K [0x00000007c0000000, 0x00000007c5560000, 0x00000007eaab0000)
  object space 87424K, 47% used [0x00000007c0000000,0x00000007c28f0280,0x00000007c5560000)
 PSPermGen       total 49664K, used 49009K [0x00000007bae00000, 0x00000007bde80000, 0x00000007c0000000)
  object space 49664K, 98% used [0x00000007bae00000,0x00000007bdddc590,0x00000007bde80000)
}
Event: 2370.760 GC heap before
{Heap before GC invocations=81 (full 35):
 PSYoungGen      total 293632K, used 37710K [0x00000007eaab0000, 0x00000007fd4c0000, 0x0000000800000000)
  eden space 291648K, 12% used [0x00000007eaab0000,0x00000007ecf83aa8,0x00000007fc780000)
  from space 1984K, 0% used [0x00000007fc780000,0x00000007fc780000,0x00000007fc970000)
  to   space 6784K, 0% used [0x00000007fce20000,0x00000007fce20000,0x00000007fd4c0000)
 ParOldGen       total 87424K, used 41920K [0x00000007c0000000, 0x00000007c5560000, 0x00000007eaab0000)
  object space 87424K, 47% used [0x00000007c0000000,0x00000007c28f0280,0x00000007c5560000)
 PSPermGen       total 49664K, used 49010K [0x00000007bae00000, 0x00000007bde80000, 0x00000007c0000000)
  object space 49664K, 98% used [0x00000007bae00000,0x00000007bdddc8b8,0x00000007bde80000)
Event: 2370.762 GC heap after
Heap after GC invocations=81 (full 35):
 PSYoungGen      total 298048K, used 256K [0x00000007eaab0000, 0x00000007fd460000, 0x0000000800000000)
  eden space 291648K, 0% used [0x00000007eaab0000,0x00000007eaab0000,0x00000007fc780000)
  from space 6400K, 4% used [0x00000007fce20000,0x00000007fce60000,0x00000007fd460000)
  to   space 6592K, 0% used [0x00000007fc780000,0x00000007fc780000,0x00000007fcdf0000)
 ParOldGen       total 87424K, used 41920K [0x00000007c0000000, 0x00000007c5560000, 0x00000007eaab0000)
  object space 87424K, 47% used [0x00000007c0000000,0x00000007c28f0280,0x00000007c5560000)
 PSPermGen       total 49664K, used 49010K [0x00000007bae00000, 0x00000007bde80000, 0x00000007c0000000)
  object space 49664K, 98% used [0x00000007bae00000,0x00000007bdddc8b8,0x00000007bde80000)
}
Event: 2370.763 GC heap before
{Heap before GC invocations=82 (full 36):
 PSYoungGen      total 298048K, used 256K [0x00000007eaab0000, 0x00000007fd460000, 0x0000000800000000)
  eden space 291648K, 0% used [0x00000007eaab0000,0x00000007eaab0000,0x00000007fc780000)
  from space 6400K, 4% used [0x00000007fce20000,0x00000007fce60000,0x00000007fd460000)
  to   space 6592K, 0% used [0x00000007fc780000,0x00000007fc780000,0x00000007fcdf0000)
 ParOldGen       total 87424K, used 41920K [0x00000007c0000000, 0x00000007c5560000, 0x00000007eaab0000)
  object space 87424K, 47% used [0x00000007c0000000,0x00000007c28f0280,0x00000007c5560000)
 PSPermGen       total 49664K, used 49010K [0x00000007bae00000, 0x00000007bde80000, 0x00000007c0000000)
  object space 49664K, 98% used [0x00000007bae00000,0x00000007bdddc8b8,0x00000007bde80000)
Event: 2370.869 GC heap after
Heap after GC invocations=82 (full 36):
 PSYoungGen      total 298048K, used 0K [0x00000007eaab0000, 0x00000007fd460000, 0x0000000800000000)
  eden space 291648K, 0% used [0x00000007eaab0000,0x00000007eaab0000,0x00000007fc780000)
  from space 6400K, 0% used [0x00000007fce20000,0x00000007fce20000,0x00000007fd460000)
  to   space 6592K, 0% used [0x00000007fc780000,0x00000007fc780000,0x00000007fcdf0000)
 ParOldGen       total 87424K, used 41833K [0x00000007c0000000, 0x00000007c5560000, 0x00000007eaab0000)
  object space 87424K, 47% used [0x00000007c0000000,0x00000007c28da598,0x00000007c5560000)
 PSPermGen       total 49600K, used 49010K [0x00000007bae00000, 0x00000007bde70000, 0x00000007c0000000)
  object space 49600K, 98% used [0x00000007bae00000,0x00000007bdddc898,0x00000007bde70000)
}
Event: 2430.762 GC heap before
{Heap before GC invocations=83 (full 36):
 PSYoungGen      total 298048K, used 194762K [0x00000007eaab0000, 0x00000007fd460000, 0x0000000800000000)
  eden space 291648K, 66% used [0x00000007eaab0000,0x00000007f68e2af8,0x00000007fc780000)
  from space 6400K, 0% used [0x00000007fce20000,0x00000007fce20000,0x00000007fd460000)
  to   space 6592K, 0% used [0x00000007fc780000,0x00000007fc780000,0x00000007fcdf0000)
 ParOldGen       total 87424K, used 41833K [0x00000007c0000000, 0x00000007c5560000, 0x00000007eaab0000)
  object space 87424K, 47% used [0x00000007c0000000,0x00000007c28da598,0x00000007c5560000)
 PSPermGen       total 49600K, used 49012K [0x00000007bae00000, 0x00000007bde70000, 0x00000007c0000000)
  object space 49600K, 98% used [0x00000007bae00000,0x00000007bdddd230,0x00000007bde70000)
Event: 2430.766 GC heap after
Heap after GC invocations=83 (full 36):
 PSYoungGen      total 293952K, used 2301K [0x00000007eaab0000, 0x00000007fd3e0000, 0x0000000800000000)
  eden space 291648K, 0% used [0x00000007eaab0000,0x00000007eaab0000,0x00000007fc780000)
  from space 2304K, 99% used [0x00000007fc780000,0x00000007fc9bf7e8,0x00000007fc9c0000)
  to   space 6336K, 0% used [0x00000007fcdb0000,0x00000007fcdb0000,0x00000007fd3e0000)
 ParOldGen       total 87424K, used 41833K [0x00000007c0000000, 0x00000007c5560000, 0x00000007eaab0000)
  object space 87424K, 47% used [0x00000007c0000000,0x00000007c28da598,0x00000007c5560000)
 PSPermGen       total 49600K, used 49012K [0x00000007bae00000, 0x00000007bde70000, 0x00000007c0000000)
  object space 49600K, 98% used [0x00000007bae00000,0x00000007bdddd230,0x00000007bde70000)
}
Event: 2430.766 GC heap before
{Heap before GC invocations=84 (full 37):
 PSYoungGen      total 293952K, used 2301K [0x00000007eaab0000, 0x00000007fd3e0000, 0x0000000800000000)
  eden space 291648K, 0% used [0x00000007eaab0000,0x00000007eaab0000,0x00000007fc780000)
  from space 2304K, 99% used [0x00000007fc780000,0x00000007fc9bf7e8,0x00000007fc9c0000)
  to   space 6336K, 0% used [0x00000007fcdb0000,0x00000007fcdb0000,0x00000007fd3e0000)
 ParOldGen       total 87424K, used 41833K [0x00000007c0000000, 0x00000007c5560000, 0x00000007eaab0000)
  object space 87424K, 47% used [0x00000007c0000000,0x00000007c28da598,0x00000007c5560000)
 PSPermGen       total 49600K, used 49012K [0x00000007bae00000, 0x00000007bde70000, 0x00000007c0000000)
  object space 49600K, 98% used [0x00000007bae00000,0x00000007bdddd230,0x00000007bde70000)
Event: 2430.918 GC heap after
Heap after GC invocations=84 (full 37):
 PSYoungGen      total 293952K, used 0K [0x00000007eaab0000, 0x00000007fd3e0000, 0x0000000800000000)
  eden space 291648K, 0% used [0x00000007eaab0000,0x00000007eaab0000,0x00000007fc780000)
  from space 2304K, 0% used [0x00000007fc780000,0x00000007fc780000,0x00000007fc9c0000)
  to   space 6336K, 0% used [0x00000007fcdb0000,0x00000007fcdb0000,0x00000007fd3e0000)
 ParOldGen       total 87424K, used 42171K [0x00000007c0000000, 0x00000007c5560000, 0x00000007eaab0000)
  object space 87424K, 48% used [0x00000007c0000000,0x00000007c292ed80,0x00000007c5560000)
 PSPermGen       total 49600K, used 49012K [0x00000007bae00000, 0x00000007bde70000, 0x00000007c0000000)
  object space 49600K, 98% used [0x00000007bae00000,0x00000007bdddd190,0x00000007bde70000)
}

