# JRE version: 7.0_25-b15
# Java VM: Java HotSpot(TM) 64-Bit Server VM (23.25-b01 mixed mode bsd-amd64 compressed oops)
Heap
 PSYoungGen      total 39424K, used 35731K [0x00000007eaab0000, 0x00000007ed550000, 0x0000000800000000)
  eden space 37568K, 90% used [0x00000007eaab0000,0x00000007ecbc6940,0x00000007ecf60000)
  from space 1856K, 99% used [0x00000007ecf60000,0x00000007ed12e538,0x00000007ed130000)
  to   space 3136K, 0% used [0x00000007ed240000,0x00000007ed240000,0x00000007ed550000)
 ParOldGen       total 87424K, used 44727K [0x00000007c0000000, 0x00000007c5560000, 0x00000007eaab0000)
  object space 87424K, 51% used [0x00000007c0000000,0x00000007c2badc20,0x00000007c5560000)
 PSPermGen       total 52800K, used 52523K [0x00000007bae00000, 0x00000007be190000, 0x00000007c0000000)
  object space 52800K, 99% used [0x00000007bae00000,0x00000007be14acf8,0x00000007be190000)
GC Heap History (10 events):
Event: 16100.224 GC heap before
{Heap before GC invocations=567 (full 176):
 PSYoungGen      total 40896K, used 38240K [0x00000007eaab0000, 0x00000007ed550000, 0x0000000800000000)
  eden space 38080K, 100% used [0x00000007eaab0000,0x00000007ecfe0000,0x00000007ecfe0000)
  from space 2816K, 5% used [0x00000007ed290000,0x00000007ed2b8000,0x00000007ed550000)
  to   space 2752K, 0% used [0x00000007ecfe0000,0x00000007ecfe0000,0x00000007ed290000)
 ParOldGen       total 87424K, used 41581K [0x00000007c0000000, 0x00000007c5560000, 0x00000007eaab0000)
  object space 87424K, 47% used [0x00000007c0000000,0x00000007c289b4f0,0x00000007c5560000)
 PSPermGen       total 52800K, used 52522K [0x00000007bae00000, 0x00000007be190000, 0x00000007c0000000)
  object space 52800K, 99% used [0x00000007bae00000,0x00000007be14aac8,0x00000007be190000)
Event: 16100.228 GC heap after
Heap after GC invocations=567 (full 176):
 PSYoungGen      total 40832K, used 318K [0x00000007eaab0000, 0x00000007ed550000, 0x0000000800000000)
  eden space 38080K, 0% used [0x00000007eaab0000,0x00000007eaab0000,0x00000007ecfe0000)
  from space 2752K, 11% used [0x00000007ecfe0000,0x00000007ed02f978,0x00000007ed290000)
  to   space 2688K, 0% used [0x00000007ed2b0000,0x00000007ed2b0000,0x00000007ed550000)
 ParOldGen       total 87424K, used 41597K [0x00000007c0000000, 0x00000007c5560000, 0x00000007eaab0000)
  object space 87424K, 47% used [0x00000007c0000000,0x00000007c289f4f0,0x00000007c5560000)
 PSPermGen       total 52800K, used 52522K [0x00000007bae00000, 0x00000007be190000, 0x00000007c0000000)
  object space 52800K, 99% used [0x00000007bae00000,0x00000007be14aac8,0x00000007be190000)
}
Event: 16100.994 GC heap before
{Heap before GC invocations=568 (full 176):
 PSYoungGen      total 40832K, used 38398K [0x00000007eaab0000, 0x00000007ed550000, 0x0000000800000000)
  eden space 38080K, 100% used [0x00000007eaab0000,0x00000007ecfe0000,0x00000007ecfe0000)
  from space 2752K, 11% used [0x00000007ecfe0000,0x00000007ed02f978,0x00000007ed290000)
  to   space 2688K, 0% used [0x00000007ed2b0000,0x00000007ed2b0000,0x00000007ed550000)
 ParOldGen       total 87424K, used 41597K [0x00000007c0000000, 0x00000007c5560000, 0x00000007eaab0000)
  object space 87424K, 47% used [0x00000007c0000000,0x00000007c289f4f0,0x00000007c5560000)
 PSPermGen       total 52800K, used 52522K [0x00000007bae00000, 0x00000007be190000, 0x00000007c0000000)
  object space 52800K, 99% used [0x00000007bae00000,0x00000007be14aac8,0x00000007be190000)
Event: 16100.999 GC heap after
Heap after GC invocations=568 (full 176):
 PSYoungGen      total 39808K, used 2663K [0x00000007eaab0000, 0x00000007ed550000, 0x0000000800000000)
  eden space 37120K, 0% used [0x00000007eaab0000,0x00000007eaab0000,0x00000007ecef0000)
  from space 2688K, 99% used [0x00000007ed2b0000,0x00000007ed549e60,0x00000007ed550000)
  to   space 3264K, 0% used [0x00000007ecef0000,0x00000007ecef0000,0x00000007ed220000)
 ParOldGen       total 87424K, used 41845K [0x00000007c0000000, 0x00000007c5560000, 0x00000007eaab0000)
  object space 87424K, 47% used [0x00000007c0000000,0x00000007c28dd4f0,0x00000007c5560000)
 PSPermGen       total 52800K, used 52522K [0x00000007bae00000, 0x00000007be190000, 0x00000007c0000000)
  object space 52800K, 99% used [0x00000007bae00000,0x00000007be14aac8,0x00000007be190000)
}
Event: 16104.257 GC heap before
{Heap before GC invocations=569 (full 176):
 PSYoungGen      total 39808K, used 39768K [0x00000007eaab0000, 0x00000007ed550000, 0x0000000800000000)
  eden space 37120K, 99% used [0x00000007eaab0000,0x00000007eceec4a0,0x00000007ecef0000)
  from space 2688K, 99% used [0x00000007ed2b0000,0x00000007ed549e60,0x00000007ed550000)
  to   space 3264K, 0% used [0x00000007ecef0000,0x00000007ecef0000,0x00000007ed220000)
 ParOldGen       total 87424K, used 41845K [0x00000007c0000000, 0x00000007c5560000, 0x00000007eaab0000)
  object space 87424K, 47% used [0x00000007c0000000,0x00000007c28dd4f0,0x00000007c5560000)
 PSPermGen       total 52800K, used 52523K [0x00000007bae00000, 0x00000007be190000, 0x00000007c0000000)
  object space 52800K, 99% used [0x00000007bae00000,0x00000007be14acd8,0x00000007be190000)
Event: 16104.262 GC heap after
Heap after GC invocations=569 (full 176):
 PSYoungGen      total 40384K, used 697K [0x00000007eaab0000, 0x00000007ed550000, 0x0000000800000000)
  eden space 37120K, 0% used [0x00000007eaab0000,0x00000007eaab0000,0x00000007ecef0000)
  from space 3264K, 21% used [0x00000007ecef0000,0x00000007ecf9e430,0x00000007ed220000)
  to   space 3072K, 0% used [0x00000007ed250000,0x00000007ed250000,0x00000007ed550000)
 ParOldGen       total 87424K, used 44149K [0x00000007c0000000, 0x00000007c5560000, 0x00000007eaab0000)
  object space 87424K, 50% used [0x00000007c0000000,0x00000007c2b1d510,0x00000007c5560000)
 PSPermGen       total 52800K, used 52523K [0x00000007bae00000, 0x00000007be190000, 0x00000007c0000000)
  object space 52800K, 99% used [0x00000007bae00000,0x00000007be14acd8,0x00000007be190000)
}
Event: 16113.943 GC heap before
{Heap before GC invocations=570 (full 176):
 PSYoungGen      total 40384K, used 37817K [0x00000007eaab0000, 0x00000007ed550000, 0x0000000800000000)
  eden space 37120K, 100% used [0x00000007eaab0000,0x00000007ecef0000,0x00000007ecef0000)
  from space 3264K, 21% used [0x00000007ecef0000,0x00000007ecf9e430,0x00000007ed220000)
  to   space 3072K, 0% used [0x00000007ed250000,0x00000007ed250000,0x00000007ed550000)
 ParOldGen       total 87424K, used 44149K [0x00000007c0000000, 0x00000007c5560000, 0x00000007eaab0000)
  object space 87424K, 50% used [0x00000007c0000000,0x00000007c2b1d510,0x00000007c5560000)
 PSPermGen       total 52800K, used 52523K [0x00000007bae00000, 0x00000007be190000, 0x00000007c0000000)
  object space 52800K, 99% used [0x00000007bae00000,0x00000007be14acd8,0x00000007be190000)
Event: 16113.946 GC heap after
Heap after GC invocations=570 (full 176):
 PSYoungGen      total 40640K, used 192K [0x00000007eaab0000, 0x00000007ed550000, 0x0000000800000000)
  eden space 37568K, 0% used [0x00000007eaab0000,0x00000007eaab0000,0x00000007ecf60000)
  from space 3072K, 6% used [0x00000007ed250000,0x00000007ed280000,0x00000007ed550000)
  to   space 3008K, 0% used [0x00000007ecf60000,0x00000007ecf60000,0x00000007ed250000)
 ParOldGen       total 87424K, used 44663K [0x00000007c0000000, 0x00000007c5560000, 0x00000007eaab0000)
  object space 87424K, 51% used [0x00000007c0000000,0x00000007c2b9dc00,0x00000007c5560000)
 PSPermGen       total 52800K, used 52523K [0x00000007bae00000, 0x00000007be190000, 0x00000007c0000000)
  object space 52800K, 99% used [0x00000007bae00000,0x00000007be14acd8,0x00000007be190000)
}
Event: 16127.152 GC heap before
{Heap before GC invocations=571 (full 176):
 PSYoungGen      total 40640K, used 37749K [0x00000007eaab0000, 0x00000007ed550000, 0x0000000800000000)
  eden space 37568K, 99% used [0x00000007eaab0000,0x00000007ecf5d610,0x00000007ecf60000)
  from space 3072K, 6% used [0x00000007ed250000,0x00000007ed280000,0x00000007ed550000)
  to   space 3008K, 0% used [0x00000007ecf60000,0x00000007ecf60000,0x00000007ed250000)
 ParOldGen       total 87424K, used 44663K [0x00000007c0000000, 0x00000007c5560000, 0x00000007eaab0000)
  object space 87424K, 51% used [0x00000007c0000000,0x00000007c2b9dc00,0x00000007c5560000)
 PSPermGen       total 52800K, used 52523K [0x00000007bae00000, 0x00000007be190000, 0x00000007c0000000)
  object space 52800K, 99% used [0x00000007bae00000,0x00000007be14acf8,0x00000007be190000)
Event: 16127.159 GC heap after
Heap after GC invocations=571 (full 176):
 PSYoungGen      total 39424K, used 1849K [0x00000007eaab0000, 0x00000007ed550000, 0x0000000800000000)
  eden space 37568K, 0% used [0x00000007eaab0000,0x00000007eaab0000,0x00000007ecf60000)
  from space 1856K, 99% used [0x00000007ecf60000,0x00000007ed12e538,0x00000007ed130000)
  to   space 3136K, 0% used [0x00000007ed240000,0x00000007ed240000,0x00000007ed550000)
 ParOldGen       total 87424K, used 44727K [0x00000007c0000000, 0x00000007c5560000, 0x00000007eaab0000)
  object space 87424K, 51% used [0x00000007c0000000,0x00000007c2badc20,0x00000007c5560000)
 PSPermGen       total 52800K, used 52523K [0x00000007bae00000, 0x00000007be190000, 0x00000007c0000000)
  object space 52800K, 99% used [0x00000007bae00000,0x00000007be14acf8,0x00000007be190000)
}

