# JRE version: 7.0_25-b15
# Java VM: Java HotSpot(TM) 64-Bit Server VM (23.25-b01 mixed mode bsd-amd64 compressed oops)
Heap
 PSYoungGen      total 309696K, used 99754K [0x00000007eaab0000, 0x00000007ff050000, 0x0000000800000000)
  eden space 307264K, 32% used [0x00000007eaab0000,0x00000007f0c1a800,0x00000007fd6c0000)
  from space 2432K, 0% used [0x00000007fea10000,0x00000007fea10000,0x00000007fec70000)
  to   space 3968K, 0% used [0x00000007fec70000,0x00000007fec70000,0x00000007ff050000)
 ParOldGen       total 87424K, used 46505K [0x00000007c0000000, 0x00000007c5560000, 0x00000007eaab0000)
  object space 87424K, 53% used [0x00000007c0000000,0x00000007c2d6a680,0x00000007c5560000)
 PSPermGen       total 50240K, used 49904K [0x00000007bae00000, 0x00000007bdf10000, 0x00000007c0000000)
  object space 50240K, 99% used [0x00000007bae00000,0x00000007bdebc338,0x00000007bdf10000)
GC Heap History (10 events):
Event: 6091.925 GC heap before
{Heap before GC invocations=189 (full 88):
 PSYoungGen      total 309568K, used 2274K [0x00000007eaab0000, 0x00000007ff490000, 0x0000000800000000)
  eden space 307264K, 0% used [0x00000007eaab0000,0x00000007eaab0000,0x00000007fd6c0000)
  from space 2304K, 98% used [0x00000007feca0000,0x00000007feed88a0,0x00000007feee0000)
  to   space 4416K, 0% used [0x00000007ff040000,0x00000007ff040000,0x00000007ff490000)
 ParOldGen       total 87424K, used 46430K [0x00000007c0000000, 0x00000007c5560000, 0x00000007eaab0000)
  object space 87424K, 53% used [0x00000007c0000000,0x00000007c2d57920,0x00000007c5560000)
 PSPermGen       total 50240K, used 49904K [0x00000007bae00000, 0x00000007bdf10000, 0x00000007c0000000)
  object space 50240K, 99% used [0x00000007bae00000,0x00000007bdebc0a8,0x00000007bdf10000)
Event: 6092.043 GC heap after
Heap after GC invocations=189 (full 88):
 PSYoungGen      total 309568K, used 0K [0x00000007eaab0000, 0x00000007ff490000, 0x0000000800000000)
  eden space 307264K, 0% used [0x00000007eaab0000,0x00000007eaab0000,0x00000007fd6c0000)
  from space 2304K, 0% used [0x00000007feca0000,0x00000007feca0000,0x00000007feee0000)
  to   space 4416K, 0% used [0x00000007ff040000,0x00000007ff040000,0x00000007ff490000)
 ParOldGen       total 87424K, used 46375K [0x00000007c0000000, 0x00000007c5560000, 0x00000007eaab0000)
  object space 87424K, 53% used [0x00000007c0000000,0x00000007c2d49db0,0x00000007c5560000)
 PSPermGen       total 50240K, used 49904K [0x00000007bae00000, 0x00000007bdf10000, 0x00000007c0000000)
  object space 50240K, 99% used [0x00000007bae00000,0x00000007bdebc048,0x00000007bdf10000)
}
Event: 6151.922 GC heap before
{Heap before GC invocations=190 (full 88):
 PSYoungGen      total 309568K, used 127813K [0x00000007eaab0000, 0x00000007ff490000, 0x0000000800000000)
  eden space 307264K, 41% used [0x00000007eaab0000,0x00000007f2781648,0x00000007fd6c0000)
  from space 2304K, 0% used [0x00000007feca0000,0x00000007feca0000,0x00000007feee0000)
  to   space 4416K, 0% used [0x00000007ff040000,0x00000007ff040000,0x00000007ff490000)
 ParOldGen       total 87424K, used 46375K [0x00000007c0000000, 0x00000007c5560000, 0x00000007eaab0000)
  object space 87424K, 53% used [0x00000007c0000000,0x00000007c2d49db0,0x00000007c5560000)
 PSPermGen       total 50240K, used 49904K [0x00000007bae00000, 0x00000007bdf10000, 0x00000007c0000000)
  object space 50240K, 99% used [0x00000007bae00000,0x00000007bdebc128,0x00000007bdf10000)
Event: 6151.927 GC heap after
Heap after GC invocations=190 (full 88):
 PSYoungGen      total 309376K, used 2063K [0x00000007eaab0000, 0x00000007ff250000, 0x0000000800000000)
  eden space 307264K, 0% used [0x00000007eaab0000,0x00000007eaab0000,0x00000007fd6c0000)
  from space 2112K, 97% used [0x00000007ff040000,0x00000007ff243e60,0x00000007ff250000)
  to   space 4224K, 0% used [0x00000007fea10000,0x00000007fea10000,0x00000007fee30000)
 ParOldGen       total 87424K, used 46375K [0x00000007c0000000, 0x00000007c5560000, 0x00000007eaab0000)
  object space 87424K, 53% used [0x00000007c0000000,0x00000007c2d49db0,0x00000007c5560000)
 PSPermGen       total 50240K, used 49904K [0x00000007bae00000, 0x00000007bdf10000, 0x00000007c0000000)
  object space 50240K, 99% used [0x00000007bae00000,0x00000007bdebc128,0x00000007bdf10000)
}
Event: 6151.927 GC heap before
{Heap before GC invocations=191 (full 89):
 PSYoungGen      total 309376K, used 2063K [0x00000007eaab0000, 0x00000007ff250000, 0x0000000800000000)
  eden space 307264K, 0% used [0x00000007eaab0000,0x00000007eaab0000,0x00000007fd6c0000)
  from space 2112K, 97% used [0x00000007ff040000,0x00000007ff243e60,0x00000007ff250000)
  to   space 4224K, 0% used [0x00000007fea10000,0x00000007fea10000,0x00000007fee30000)
 ParOldGen       total 87424K, used 46375K [0x00000007c0000000, 0x00000007c5560000, 0x00000007eaab0000)
  object space 87424K, 53% used [0x00000007c0000000,0x00000007c2d49db0,0x00000007c5560000)
 PSPermGen       total 50240K, used 49904K [0x00000007bae00000, 0x00000007bdf10000, 0x00000007c0000000)
  object space 50240K, 99% used [0x00000007bae00000,0x00000007bdebc128,0x00000007bdf10000)
Event: 6152.040 GC heap after
Heap after GC invocations=191 (full 89):
 PSYoungGen      total 309376K, used 0K [0x00000007eaab0000, 0x00000007ff250000, 0x0000000800000000)
  eden space 307264K, 0% used [0x00000007eaab0000,0x00000007eaab0000,0x00000007fd6c0000)
  from space 2112K, 0% used [0x00000007ff040000,0x00000007ff040000,0x00000007ff250000)
  to   space 4224K, 0% used [0x00000007fea10000,0x00000007fea10000,0x00000007fee30000)
 ParOldGen       total 87424K, used 46325K [0x00000007c0000000, 0x00000007c5560000, 0x00000007eaab0000)
  object space 87424K, 52% used [0x00000007c0000000,0x00000007c2d3d558,0x00000007c5560000)
 PSPermGen       total 50240K, used 49904K [0x00000007bae00000, 0x00000007bdf10000, 0x00000007c0000000)
  object space 50240K, 99% used [0x00000007bae00000,0x00000007bdebc048,0x00000007bdf10000)
}
Event: 6216.068 GC heap before
{Heap before GC invocations=192 (full 89):
 PSYoungGen      total 309376K, used 150205K [0x00000007eaab0000, 0x00000007ff250000, 0x0000000800000000)
  eden space 307264K, 48% used [0x00000007eaab0000,0x00000007f3d5f6c8,0x00000007fd6c0000)
  from space 2112K, 0% used [0x00000007ff040000,0x00000007ff040000,0x00000007ff250000)
  to   space 4224K, 0% used [0x00000007fea10000,0x00000007fea10000,0x00000007fee30000)
 ParOldGen       total 87424K, used 46325K [0x00000007c0000000, 0x00000007c5560000, 0x00000007eaab0000)
  object space 87424K, 52% used [0x00000007c0000000,0x00000007c2d3d558,0x00000007c5560000)
 PSPermGen       total 50240K, used 49904K [0x00000007bae00000, 0x00000007bdf10000, 0x00000007c0000000)
  object space 50240K, 99% used [0x00000007bae00000,0x00000007bdebc048,0x00000007bdf10000)
Event: 6216.073 GC heap after
Heap after GC invocations=192 (full 89):
 PSYoungGen      total 309696K, used 2383K [0x00000007eaab0000, 0x00000007ff050000, 0x0000000800000000)
  eden space 307264K, 0% used [0x00000007eaab0000,0x00000007eaab0000,0x00000007fd6c0000)
  from space 2432K, 98% used [0x00000007fea10000,0x00000007fec63ea0,0x00000007fec70000)
  to   space 3968K, 0% used [0x00000007fec70000,0x00000007fec70000,0x00000007ff050000)
 ParOldGen       total 87424K, used 46325K [0x00000007c0000000, 0x00000007c5560000, 0x00000007eaab0000)
  object space 87424K, 52% used [0x00000007c0000000,0x00000007c2d3d558,0x00000007c5560000)
 PSPermGen       total 50240K, used 49904K [0x00000007bae00000, 0x00000007bdf10000, 0x00000007c0000000)
  object space 50240K, 99% used [0x00000007bae00000,0x00000007bdebc048,0x00000007bdf10000)
}
Event: 6216.073 GC heap before
{Heap before GC invocations=193 (full 90):
 PSYoungGen      total 309696K, used 2383K [0x00000007eaab0000, 0x00000007ff050000, 0x0000000800000000)
  eden space 307264K, 0% used [0x00000007eaab0000,0x00000007eaab0000,0x00000007fd6c0000)
  from space 2432K, 98% used [0x00000007fea10000,0x00000007fec63ea0,0x00000007fec70000)
  to   space 3968K, 0% used [0x00000007fec70000,0x00000007fec70000,0x00000007ff050000)
 ParOldGen       total 87424K, used 46325K [0x00000007c0000000, 0x00000007c5560000, 0x00000007eaab0000)
  object space 87424K, 52% used [0x00000007c0000000,0x00000007c2d3d558,0x00000007c5560000)
 PSPermGen       total 50240K, used 49904K [0x00000007bae00000, 0x00000007bdf10000, 0x00000007c0000000)
  object space 50240K, 99% used [0x00000007bae00000,0x00000007bdebc048,0x00000007bdf10000)
Event: 6216.190 GC heap after
Heap after GC invocations=193 (full 90):
 PSYoungGen      total 309696K, used 0K [0x00000007eaab0000, 0x00000007ff050000, 0x0000000800000000)
  eden space 307264K, 0% used [0x00000007eaab0000,0x00000007eaab0000,0x00000007fd6c0000)
  from space 2432K, 0% used [0x00000007fea10000,0x00000007fea10000,0x00000007fec70000)
  to   space 3968K, 0% used [0x00000007fec70000,0x00000007fec70000,0x00000007ff050000)
 ParOldGen       total 87424K, used 46505K [0x00000007c0000000, 0x00000007c5560000, 0x00000007eaab0000)
  object space 87424K, 53% used [0x00000007c0000000,0x00000007c2d6a680,0x00000007c5560000)
 PSPermGen       total 50240K, used 49904K [0x00000007bae00000, 0x00000007bdf10000, 0x00000007c0000000)
  object space 50240K, 99% used [0x00000007bae00000,0x00000007bdebc048,0x00000007bdf10000)
}

