# JRE version: 7.0_25-b15
# Java VM: Java HotSpot(TM) 64-Bit Server VM (23.25-b01 mixed mode bsd-amd64 compressed oops)
Heap
 PSYoungGen      total 279424K, used 200487K [0x00000007eaab0000, 0x00000007fdd10000, 0x0000000800000000)
  eden space 247680K, 80% used [0x00000007eaab0000,0x00000007f6e79c38,0x00000007f9c90000)
  from space 31744K, 0% used [0x00000007f9c90000,0x00000007f9c90000,0x00000007fbb90000)
  to   space 32320K, 0% used [0x00000007fbd80000,0x00000007fbd80000,0x00000007fdd10000)
 ParOldGen       total 87424K, used 43083K [0x00000007c0000000, 0x00000007c5560000, 0x00000007eaab0000)
  object space 87424K, 49% used [0x00000007c0000000,0x00000007c2a12ce8,0x00000007c5560000)
 PSPermGen       total 83968K, used 50961K [0x00000007bae00000, 0x00000007c0000000, 0x00000007c0000000)
  object space 83968K, 60% used [0x00000007bae00000,0x00000007bdfc4538,0x00000007c0000000)
GC Heap History (10 events):
Event: 63.929 GC heap before
{Heap before GC invocations=10 (full 1):
 PSYoungGen      total 277440K, used 20924K [0x00000007eaab0000, 0x00000007fd930000, 0x0000000800000000)
  eden space 247488K, 0% used [0x00000007eaab0000,0x00000007eaab0000,0x00000007f9c60000)
  from space 29952K, 69% used [0x00000007f9c60000,0x00000007fb0cf2b0,0x00000007fb9a0000)
  to   space 30336K, 0% used [0x00000007fbb90000,0x00000007fbb90000,0x00000007fd930000)
 ParOldGen       total 87424K, used 50398K [0x00000007c0000000, 0x00000007c5560000, 0x00000007eaab0000)
  object space 87424K, 57% used [0x00000007c0000000,0x00000007c31379a8,0x00000007c5560000)
 PSPermGen       total 50624K, used 50487K [0x00000007bae00000, 0x00000007bdf70000, 0x00000007c0000000)
  object space 50624K, 99% used [0x00000007bae00000,0x00000007bdf4dec8,0x00000007bdf70000)
Event: 64.227 GC heap after
Heap after GC invocations=10 (full 1):
 PSYoungGen      total 277440K, used 0K [0x00000007eaab0000, 0x00000007fd930000, 0x0000000800000000)
  eden space 247488K, 0% used [0x00000007eaab0000,0x00000007eaab0000,0x00000007f9c60000)
  from space 29952K, 0% used [0x00000007f9c60000,0x00000007f9c60000,0x00000007fb9a0000)
  to   space 30336K, 0% used [0x00000007fbb90000,0x00000007fbb90000,0x00000007fd930000)
 ParOldGen       total 87424K, used 44038K [0x00000007c0000000, 0x00000007c5560000, 0x00000007eaab0000)
  object space 87424K, 50% used [0x00000007c0000000,0x00000007c2b01818,0x00000007c5560000)
 PSPermGen       total 83968K, used 50465K [0x00000007bae00000, 0x00000007c0000000, 0x00000007c0000000)
  object space 83968K, 60% used [0x00000007bae00000,0x00000007bdf484f8,0x00000007c0000000)
}
Event: 133.516 GC heap before
{Heap before GC invocations=11 (full 1):
 PSYoungGen      total 277440K, used 39654K [0x00000007eaab0000, 0x00000007fd930000, 0x0000000800000000)
  eden space 247488K, 16% used [0x00000007eaab0000,0x00000007ed169b60,0x00000007f9c60000)
  from space 29952K, 0% used [0x00000007f9c60000,0x00000007f9c60000,0x00000007fb9a0000)
  to   space 30336K, 0% used [0x00000007fbb90000,0x00000007fbb90000,0x00000007fd930000)
 ParOldGen       total 87424K, used 44038K [0x00000007c0000000, 0x00000007c5560000, 0x00000007eaab0000)
  object space 87424K, 50% used [0x00000007c0000000,0x00000007c2b01818,0x00000007c5560000)
 PSPermGen       total 83968K, used 50742K [0x00000007bae00000, 0x00000007c0000000, 0x00000007c0000000)
  object space 83968K, 60% used [0x00000007bae00000,0x00000007bdf8d8e0,0x00000007c0000000)
Event: 133.521 GC heap after
Heap after GC invocations=11 (full 1):
 PSYoungGen      total 278016K, used 527K [0x00000007eaab0000, 0x00000007fdbf0000, 0x0000000800000000)
  eden space 247680K, 0% used [0x00000007eaab0000,0x00000007eaab0000,0x00000007f9c90000)
  from space 30336K, 1% used [0x00000007fbb90000,0x00000007fbc13cc0,0x00000007fd930000)
  to   space 31744K, 0% used [0x00000007f9c90000,0x00000007f9c90000,0x00000007fbb90000)
 ParOldGen       total 87424K, used 44038K [0x00000007c0000000, 0x00000007c5560000, 0x00000007eaab0000)
  object space 87424K, 50% used [0x00000007c0000000,0x00000007c2b01818,0x00000007c5560000)
 PSPermGen       total 83968K, used 50742K [0x00000007bae00000, 0x00000007c0000000, 0x00000007c0000000)
  object space 83968K, 60% used [0x00000007bae00000,0x00000007bdf8d8e0,0x00000007c0000000)
}
Event: 133.521 GC heap before
{Heap before GC invocations=12 (full 2):
 PSYoungGen      total 278016K, used 527K [0x00000007eaab0000, 0x00000007fdbf0000, 0x0000000800000000)
  eden space 247680K, 0% used [0x00000007eaab0000,0x00000007eaab0000,0x00000007f9c90000)
  from space 30336K, 1% used [0x00000007fbb90000,0x00000007fbc13cc0,0x00000007fd930000)
  to   space 31744K, 0% used [0x00000007f9c90000,0x00000007f9c90000,0x00000007fbb90000)
 ParOldGen       total 87424K, used 44038K [0x00000007c0000000, 0x00000007c5560000, 0x00000007eaab0000)
  object space 87424K, 50% used [0x00000007c0000000,0x00000007c2b01818,0x00000007c5560000)
 PSPermGen       total 83968K, used 50742K [0x00000007bae00000, 0x00000007c0000000, 0x00000007c0000000)
  object space 83968K, 60% used [0x00000007bae00000,0x00000007bdf8d8e0,0x00000007c0000000)
Event: 133.653 GC heap after
Heap after GC invocations=12 (full 2):
 PSYoungGen      total 278016K, used 0K [0x00000007eaab0000, 0x00000007fdbf0000, 0x0000000800000000)
  eden space 247680K, 0% used [0x00000007eaab0000,0x00000007eaab0000,0x00000007f9c90000)
  from space 30336K, 0% used [0x00000007fbb90000,0x00000007fbb90000,0x00000007fd930000)
  to   space 31744K, 0% used [0x00000007f9c90000,0x00000007f9c90000,0x00000007fbb90000)
 ParOldGen       total 87424K, used 43197K [0x00000007c0000000, 0x00000007c5560000, 0x00000007eaab0000)
  object space 87424K, 49% used [0x00000007c0000000,0x00000007c2a2f6c0,0x00000007c5560000)
 PSPermGen       total 83968K, used 50741K [0x00000007bae00000, 0x00000007c0000000, 0x00000007c0000000)
  object space 83968K, 60% used [0x00000007bae00000,0x00000007bdf8d5d8,0x00000007c0000000)
}
Event: 199.267 GC heap before
{Heap before GC invocations=13 (full 2):
 PSYoungGen      total 278016K, used 98536K [0x00000007eaab0000, 0x00000007fdbf0000, 0x0000000800000000)
  eden space 247680K, 39% used [0x00000007eaab0000,0x00000007f0aea2e0,0x00000007f9c90000)
  from space 30336K, 0% used [0x00000007fbb90000,0x00000007fbb90000,0x00000007fd930000)
  to   space 31744K, 0% used [0x00000007f9c90000,0x00000007f9c90000,0x00000007fbb90000)
 ParOldGen       total 87424K, used 43197K [0x00000007c0000000, 0x00000007c5560000, 0x00000007eaab0000)
  object space 87424K, 49% used [0x00000007c0000000,0x00000007c2a2f6c0,0x00000007c5560000)
 PSPermGen       total 83968K, used 50851K [0x00000007bae00000, 0x00000007c0000000, 0x00000007c0000000)
  object space 83968K, 60% used [0x00000007bae00000,0x00000007bdfa8e88,0x00000007c0000000)
Event: 199.271 GC heap after
Heap after GC invocations=13 (full 2):
 PSYoungGen      total 279424K, used 1724K [0x00000007eaab0000, 0x00000007fdd10000, 0x0000000800000000)
  eden space 247680K, 0% used [0x00000007eaab0000,0x00000007eaab0000,0x00000007f9c90000)
  from space 31744K, 5% used [0x00000007f9c90000,0x00000007f9e3f010,0x00000007fbb90000)
  to   space 32320K, 0% used [0x00000007fbd80000,0x00000007fbd80000,0x00000007fdd10000)
 ParOldGen       total 87424K, used 43197K [0x00000007c0000000, 0x00000007c5560000, 0x00000007eaab0000)
  object space 87424K, 49% used [0x00000007c0000000,0x00000007c2a2f6c0,0x00000007c5560000)
 PSPermGen       total 83968K, used 50851K [0x00000007bae00000, 0x00000007c0000000, 0x00000007c0000000)
  object space 83968K, 60% used [0x00000007bae00000,0x00000007bdfa8e88,0x00000007c0000000)
}
Event: 199.272 GC heap before
{Heap before GC invocations=14 (full 3):
 PSYoungGen      total 279424K, used 1724K [0x00000007eaab0000, 0x00000007fdd10000, 0x0000000800000000)
  eden space 247680K, 0% used [0x00000007eaab0000,0x00000007eaab0000,0x00000007f9c90000)
  from space 31744K, 5% used [0x00000007f9c90000,0x00000007f9e3f010,0x00000007fbb90000)
  to   space 32320K, 0% used [0x00000007fbd80000,0x00000007fbd80000,0x00000007fdd10000)
 ParOldGen       total 87424K, used 43197K [0x00000007c0000000, 0x00000007c5560000, 0x00000007eaab0000)
  object space 87424K, 49% used [0x00000007c0000000,0x00000007c2a2f6c0,0x00000007c5560000)
 PSPermGen       total 83968K, used 50851K [0x00000007bae00000, 0x00000007c0000000, 0x00000007c0000000)
  object space 83968K, 60% used [0x00000007bae00000,0x00000007bdfa8e88,0x00000007c0000000)
Event: 199.397 GC heap after
Heap after GC invocations=14 (full 3):
 PSYoungGen      total 279424K, used 0K [0x00000007eaab0000, 0x00000007fdd10000, 0x0000000800000000)
  eden space 247680K, 0% used [0x00000007eaab0000,0x00000007eaab0000,0x00000007f9c90000)
  from space 31744K, 0% used [0x00000007f9c90000,0x00000007f9c90000,0x00000007fbb90000)
  to   space 32320K, 0% used [0x00000007fbd80000,0x00000007fbd80000,0x00000007fdd10000)
 ParOldGen       total 87424K, used 43083K [0x00000007c0000000, 0x00000007c5560000, 0x00000007eaab0000)
  object space 87424K, 49% used [0x00000007c0000000,0x00000007c2a12ce8,0x00000007c5560000)
 PSPermGen       total 83968K, used 50850K [0x00000007bae00000, 0x00000007c0000000, 0x00000007c0000000)
  object space 83968K, 60% used [0x00000007bae00000,0x00000007bdfa8a08,0x00000007c0000000)
}

