# JRE version: 7.0_25-b15
# Java VM: Java HotSpot(TM) 64-Bit Server VM (23.25-b01 mixed mode bsd-amd64 compressed oops)
Heap
 PSYoungGen      total 346048K, used 165801K [0x00000007eaab0000, 0x0000000800000000, 0x0000000800000000)
  eden space 342528K, 48% used [0x00000007eaab0000,0x00000007f4c9a668,0x00000007ff930000)
  from space 3520K, 0% used [0x00000007ffc90000,0x00000007ffc90000,0x0000000800000000)
  to   space 3456K, 0% used [0x00000007ff930000,0x00000007ff930000,0x00000007ffc90000)
 ParOldGen       total 87424K, used 40903K [0x00000007c0000000, 0x00000007c5560000, 0x00000007eaab0000)
  object space 87424K, 46% used [0x00000007c0000000,0x00000007c27f1dc8,0x00000007c5560000)
 PSPermGen       total 52288K, used 52260K [0x00000007bae00000, 0x00000007be110000, 0x00000007c0000000)
  object space 52288K, 99% used [0x00000007bae00000,0x00000007be109070,0x00000007be110000)
GC Heap History (10 events):
Event: 5564.909 GC heap before
{Heap before GC invocations=186 (full 88):
 PSYoungGen      total 345856K, used 1944K [0x00000007eaab0000, 0x0000000800000000, 0x0000000800000000)
  eden space 342080K, 0% used [0x00000007eaab0000,0x00000007eaab0000,0x00000007ff8c0000)
  from space 3776K, 51% used [0x00000007ffc50000,0x00000007ffe36218,0x0000000800000000)
  to   space 3648K, 0% used [0x00000007ff8c0000,0x00000007ff8c0000,0x00000007ffc50000)
 ParOldGen       total 87424K, used 40827K [0x00000007c0000000, 0x00000007c5560000, 0x00000007eaab0000)
  object space 87424K, 46% used [0x00000007c0000000,0x00000007c27def20,0x00000007c5560000)
 PSPermGen       total 52288K, used 52250K [0x00000007bae00000, 0x00000007be110000, 0x00000007c0000000)
  object space 52288K, 99% used [0x00000007bae00000,0x00000007be106a60,0x00000007be110000)
Event: 5565.020 GC heap after
Heap after GC invocations=186 (full 88):
 PSYoungGen      total 345856K, used 0K [0x00000007eaab0000, 0x0000000800000000, 0x0000000800000000)
  eden space 342080K, 0% used [0x00000007eaab0000,0x00000007eaab0000,0x00000007ff8c0000)
  from space 3776K, 0% used [0x00000007ffc50000,0x00000007ffc50000,0x0000000800000000)
  to   space 3648K, 0% used [0x00000007ff8c0000,0x00000007ff8c0000,0x00000007ffc50000)
 ParOldGen       total 87424K, used 40764K [0x00000007c0000000, 0x00000007c5560000, 0x00000007eaab0000)
  object space 87424K, 46% used [0x00000007c0000000,0x00000007c27cf1a8,0x00000007c5560000)
 PSPermGen       total 52288K, used 52250K [0x00000007bae00000, 0x00000007be110000, 0x00000007c0000000)
  object space 52288K, 99% used [0x00000007bae00000,0x00000007be106a60,0x00000007be110000)
}
Event: 5631.173 GC heap before
{Heap before GC invocations=187 (full 88):
 PSYoungGen      total 345856K, used 309155K [0x00000007eaab0000, 0x0000000800000000, 0x0000000800000000)
  eden space 342080K, 90% used [0x00000007eaab0000,0x00000007fd898fc8,0x00000007ff8c0000)
  from space 3776K, 0% used [0x00000007ffc50000,0x00000007ffc50000,0x0000000800000000)
  to   space 3648K, 0% used [0x00000007ff8c0000,0x00000007ff8c0000,0x00000007ffc50000)
 ParOldGen       total 87424K, used 40764K [0x00000007c0000000, 0x00000007c5560000, 0x00000007eaab0000)
  object space 87424K, 46% used [0x00000007c0000000,0x00000007c27cf1a8,0x00000007c5560000)
 PSPermGen       total 52288K, used 52251K [0x00000007bae00000, 0x00000007be110000, 0x00000007c0000000)
  object space 52288K, 99% used [0x00000007bae00000,0x00000007be106fd0,0x00000007be110000)
Event: 5631.178 GC heap after
Heap after GC invocations=187 (full 88):
 PSYoungGen      total 345728K, used 2239K [0x00000007eaab0000, 0x0000000800000000, 0x0000000800000000)
  eden space 342080K, 0% used [0x00000007eaab0000,0x00000007eaab0000,0x00000007ff8c0000)
  from space 3648K, 61% used [0x00000007ff8c0000,0x00000007ffaefe30,0x00000007ffc50000)
  to   space 3520K, 0% used [0x00000007ffc90000,0x00000007ffc90000,0x0000000800000000)
 ParOldGen       total 87424K, used 40764K [0x00000007c0000000, 0x00000007c5560000, 0x00000007eaab0000)
  object space 87424K, 46% used [0x00000007c0000000,0x00000007c27cf1a8,0x00000007c5560000)
 PSPermGen       total 52288K, used 52251K [0x00000007bae00000, 0x00000007be110000, 0x00000007c0000000)
  object space 52288K, 99% used [0x00000007bae00000,0x00000007be106fd0,0x00000007be110000)
}
Event: 5631.178 GC heap before
{Heap before GC invocations=188 (full 89):
 PSYoungGen      total 345728K, used 2239K [0x00000007eaab0000, 0x0000000800000000, 0x0000000800000000)
  eden space 342080K, 0% used [0x00000007eaab0000,0x00000007eaab0000,0x00000007ff8c0000)
  from space 3648K, 61% used [0x00000007ff8c0000,0x00000007ffaefe30,0x00000007ffc50000)
  to   space 3520K, 0% used [0x00000007ffc90000,0x00000007ffc90000,0x0000000800000000)
 ParOldGen       total 87424K, used 40764K [0x00000007c0000000, 0x00000007c5560000, 0x00000007eaab0000)
  object space 87424K, 46% used [0x00000007c0000000,0x00000007c27cf1a8,0x00000007c5560000)
 PSPermGen       total 52288K, used 52251K [0x00000007bae00000, 0x00000007be110000, 0x00000007c0000000)
  object space 52288K, 99% used [0x00000007bae00000,0x00000007be106fd0,0x00000007be110000)
Event: 5631.285 GC heap after
Heap after GC invocations=188 (full 89):
 PSYoungGen      total 345728K, used 0K [0x00000007eaab0000, 0x0000000800000000, 0x0000000800000000)
  eden space 342080K, 0% used [0x00000007eaab0000,0x00000007eaab0000,0x00000007ff8c0000)
  from space 3648K, 0% used [0x00000007ff8c0000,0x00000007ff8c0000,0x00000007ffc50000)
  to   space 3520K, 0% used [0x00000007ffc90000,0x00000007ffc90000,0x0000000800000000)
 ParOldGen       total 87424K, used 40881K [0x00000007c0000000, 0x00000007c5560000, 0x00000007eaab0000)
  object space 87424K, 46% used [0x00000007c0000000,0x00000007c27ec598,0x00000007c5560000)
 PSPermGen       total 52288K, used 52251K [0x00000007bae00000, 0x00000007be110000, 0x00000007c0000000)
  object space 52288K, 99% used [0x00000007bae00000,0x00000007be106fd0,0x00000007be110000)
}
Event: 5691.175 GC heap before
{Heap before GC invocations=189 (full 89):
 PSYoungGen      total 345728K, used 215387K [0x00000007eaab0000, 0x0000000800000000, 0x0000000800000000)
  eden space 342080K, 62% used [0x00000007eaab0000,0x00000007f7d06d88,0x00000007ff8c0000)
  from space 3648K, 0% used [0x00000007ff8c0000,0x00000007ff8c0000,0x00000007ffc50000)
  to   space 3520K, 0% used [0x00000007ffc90000,0x00000007ffc90000,0x0000000800000000)
 ParOldGen       total 87424K, used 40881K [0x00000007c0000000, 0x00000007c5560000, 0x00000007eaab0000)
  object space 87424K, 46% used [0x00000007c0000000,0x00000007c27ec598,0x00000007c5560000)
 PSPermGen       total 52288K, used 52256K [0x00000007bae00000, 0x00000007be110000, 0x00000007c0000000)
  object space 52288K, 99% used [0x00000007bae00000,0x00000007be108068,0x00000007be110000)
Event: 5691.180 GC heap after
Heap after GC invocations=189 (full 89):
 PSYoungGen      total 346048K, used 2028K [0x00000007eaab0000, 0x0000000800000000, 0x0000000800000000)
  eden space 342528K, 0% used [0x00000007eaab0000,0x00000007eaab0000,0x00000007ff930000)
  from space 3520K, 57% used [0x00000007ffc90000,0x00000007ffe8b248,0x0000000800000000)
  to   space 3456K, 0% used [0x00000007ff930000,0x00000007ff930000,0x00000007ffc90000)
 ParOldGen       total 87424K, used 40881K [0x00000007c0000000, 0x00000007c5560000, 0x00000007eaab0000)
  object space 87424K, 46% used [0x00000007c0000000,0x00000007c27ec598,0x00000007c5560000)
 PSPermGen       total 52288K, used 52256K [0x00000007bae00000, 0x00000007be110000, 0x00000007c0000000)
  object space 52288K, 99% used [0x00000007bae00000,0x00000007be108068,0x00000007be110000)
}
Event: 5691.180 GC heap before
{Heap before GC invocations=190 (full 90):
 PSYoungGen      total 346048K, used 2028K [0x00000007eaab0000, 0x0000000800000000, 0x0000000800000000)
  eden space 342528K, 0% used [0x00000007eaab0000,0x00000007eaab0000,0x00000007ff930000)
  from space 3520K, 57% used [0x00000007ffc90000,0x00000007ffe8b248,0x0000000800000000)
  to   space 3456K, 0% used [0x00000007ff930000,0x00000007ff930000,0x00000007ffc90000)
 ParOldGen       total 87424K, used 40881K [0x00000007c0000000, 0x00000007c5560000, 0x00000007eaab0000)
  object space 87424K, 46% used [0x00000007c0000000,0x00000007c27ec598,0x00000007c5560000)
 PSPermGen       total 52288K, used 52256K [0x00000007bae00000, 0x00000007be110000, 0x00000007c0000000)
  object space 52288K, 99% used [0x00000007bae00000,0x00000007be108068,0x00000007be110000)
Event: 5691.291 GC heap after
Heap after GC invocations=190 (full 90):
 PSYoungGen      total 346048K, used 0K [0x00000007eaab0000, 0x0000000800000000, 0x0000000800000000)
  eden space 342528K, 0% used [0x00000007eaab0000,0x00000007eaab0000,0x00000007ff930000)
  from space 3520K, 0% used [0x00000007ffc90000,0x00000007ffc90000,0x0000000800000000)
  to   space 3456K, 0% used [0x00000007ff930000,0x00000007ff930000,0x00000007ffc90000)
 ParOldGen       total 87424K, used 40903K [0x00000007c0000000, 0x00000007c5560000, 0x00000007eaab0000)
  object space 87424K, 46% used [0x00000007c0000000,0x00000007c27f1dc8,0x00000007c5560000)
 PSPermGen       total 52288K, used 52256K [0x00000007bae00000, 0x00000007be110000, 0x00000007c0000000)
  object space 52288K, 99% used [0x00000007bae00000,0x00000007be108068,0x00000007be110000)
}

