# JRE version: 7.0_25-b15
# Java VM: Java HotSpot(TM) 64-Bit Server VM (23.25-b01 mixed mode bsd-amd64 compressed oops)
Heap
 PSYoungGen      total 129856K, used 21665K [0x00000007eaab0000, 0x00000007f7730000, 0x0000000800000000)
  eden space 129664K, 16% used [0x00000007eaab0000,0x00000007ebfd86d0,0x00000007f2950000)
  from space 192K, 0% used [0x00000007f7070000,0x00000007f7070000,0x00000007f70a0000)
  to   space 3584K, 0% used [0x00000007f73b0000,0x00000007f73b0000,0x00000007f7730000)
 ParOldGen       total 87424K, used 39890K [0x00000007c0000000, 0x00000007c5560000, 0x00000007eaab0000)
  object space 87424K, 45% used [0x00000007c0000000,0x00000007c26f48c0,0x00000007c5560000)
 PSPermGen       total 49792K, used 49504K [0x00000007bae00000, 0x00000007bdea0000, 0x00000007c0000000)
  object space 49792K, 99% used [0x00000007bae00000,0x00000007bde582d0,0x00000007bdea0000)
GC Heap History (10 events):
Event: 9947.188 GC heap before
{Heap before GC invocations=324 (full 146):
 PSYoungGen      total 142784K, used 2003K [0x00000007eaab0000, 0x00000007f7be0000, 0x0000000800000000)
  eden space 140736K, 0% used [0x00000007eaab0000,0x00000007eaab0000,0x00000007f3420000)
  from space 2048K, 97% used [0x00000007f79e0000,0x00000007f7bd4eb0,0x00000007f7be0000)
  to   space 3456K, 0% used [0x00000007f7520000,0x00000007f7520000,0x00000007f7880000)
 ParOldGen       total 87424K, used 40244K [0x00000007c0000000, 0x00000007c5560000, 0x00000007eaab0000)
  object space 87424K, 46% used [0x00000007c0000000,0x00000007c274d080,0x00000007c5560000)
 PSPermGen       total 49792K, used 49488K [0x00000007bae00000, 0x00000007bdea0000, 0x00000007c0000000)
  object space 49792K, 99% used [0x00000007bae00000,0x00000007bde54050,0x00000007bdea0000)
Event: 9947.295 GC heap after
Heap after GC invocations=324 (full 146):
 PSYoungGen      total 142784K, used 0K [0x00000007eaab0000, 0x00000007f7be0000, 0x0000000800000000)
  eden space 140736K, 0% used [0x00000007eaab0000,0x00000007eaab0000,0x00000007f3420000)
  from space 2048K, 0% used [0x00000007f79e0000,0x00000007f79e0000,0x00000007f7be0000)
  to   space 3456K, 0% used [0x00000007f7520000,0x00000007f7520000,0x00000007f7880000)
 ParOldGen       total 87424K, used 39741K [0x00000007c0000000, 0x00000007c5560000, 0x00000007eaab0000)
  object space 87424K, 45% used [0x00000007c0000000,0x00000007c26cf688,0x00000007c5560000)
 PSPermGen       total 49792K, used 49488K [0x00000007bae00000, 0x00000007bdea0000, 0x00000007c0000000)
  object space 49792K, 99% used [0x00000007bae00000,0x00000007bde54010,0x00000007bdea0000)
}
Event: 9983.827 GC heap before
{Heap before GC invocations=325 (full 146):
 PSYoungGen      total 142784K, used 140725K [0x00000007eaab0000, 0x00000007f7be0000, 0x0000000800000000)
  eden space 140736K, 99% used [0x00000007eaab0000,0x00000007f341d620,0x00000007f3420000)
  from space 2048K, 0% used [0x00000007f79e0000,0x00000007f79e0000,0x00000007f7be0000)
  to   space 3456K, 0% used [0x00000007f7520000,0x00000007f7520000,0x00000007f7880000)
 ParOldGen       total 87424K, used 39741K [0x00000007c0000000, 0x00000007c5560000, 0x00000007eaab0000)
  object space 87424K, 45% used [0x00000007c0000000,0x00000007c26cf688,0x00000007c5560000)
 PSPermGen       total 49792K, used 49489K [0x00000007bae00000, 0x00000007bdea0000, 0x00000007c0000000)
  object space 49792K, 99% used [0x00000007bae00000,0x00000007bde54468,0x00000007bdea0000)
Event: 9983.832 GC heap after
Heap after GC invocations=325 (full 146):
 PSYoungGen      total 137088K, used 2022K [0x00000007eaab0000, 0x00000007f79f0000, 0x0000000800000000)
  eden space 135040K, 0% used [0x00000007eaab0000,0x00000007eaab0000,0x00000007f2e90000)
  from space 2048K, 98% used [0x00000007f7520000,0x00000007f7719940,0x00000007f7720000)
  to   space 2880K, 0% used [0x00000007f7720000,0x00000007f7720000,0x00000007f79f0000)
 ParOldGen       total 87424K, used 39741K [0x00000007c0000000, 0x00000007c5560000, 0x00000007eaab0000)
  object space 87424K, 45% used [0x00000007c0000000,0x00000007c26cf688,0x00000007c5560000)
 PSPermGen       total 49792K, used 49489K [0x00000007bae00000, 0x00000007bdea0000, 0x00000007c0000000)
  object space 49792K, 99% used [0x00000007bae00000,0x00000007bde54468,0x00000007bdea0000)
}
Event: 9989.097 GC heap before
{Heap before GC invocations=326 (full 146):
 PSYoungGen      total 137088K, used 137051K [0x00000007eaab0000, 0x00000007f79f0000, 0x0000000800000000)
  eden space 135040K, 99% used [0x00000007eaab0000,0x00000007f2e8d658,0x00000007f2e90000)
  from space 2048K, 98% used [0x00000007f7520000,0x00000007f7719940,0x00000007f7720000)
  to   space 2880K, 0% used [0x00000007f7720000,0x00000007f7720000,0x00000007f79f0000)
 ParOldGen       total 87424K, used 39741K [0x00000007c0000000, 0x00000007c5560000, 0x00000007eaab0000)
  object space 87424K, 45% used [0x00000007c0000000,0x00000007c26cf688,0x00000007c5560000)
 PSPermGen       total 49792K, used 49489K [0x00000007bae00000, 0x00000007bdea0000, 0x00000007c0000000)
  object space 49792K, 99% used [0x00000007bae00000,0x00000007bde54468,0x00000007bdea0000)
Event: 9989.100 GC heap after
Heap after GC invocations=326 (full 146):
 PSYoungGen      total 129856K, used 160K [0x00000007eaab0000, 0x00000007f7750000, 0x0000000800000000)
  eden space 129664K, 0% used [0x00000007eaab0000,0x00000007eaab0000,0x00000007f2950000)
  from space 192K, 83% used [0x00000007f7720000,0x00000007f7748000,0x00000007f7750000)
  to   space 3520K, 0% used [0x00000007f7070000,0x00000007f7070000,0x00000007f73e0000)
 ParOldGen       total 87424K, used 41600K [0x00000007c0000000, 0x00000007c5560000, 0x00000007eaab0000)
  object space 87424K, 47% used [0x00000007c0000000,0x00000007c28a0080,0x00000007c5560000)
 PSPermGen       total 49792K, used 49489K [0x00000007bae00000, 0x00000007bdea0000, 0x00000007c0000000)
  object space 49792K, 99% used [0x00000007bae00000,0x00000007bde54468,0x00000007bdea0000)
}
Event: 10008.963 GC heap before
{Heap before GC invocations=327 (full 146):
 PSYoungGen      total 129856K, used 34183K [0x00000007eaab0000, 0x00000007f7750000, 0x0000000800000000)
  eden space 129664K, 26% used [0x00000007eaab0000,0x00000007ecbe9cd0,0x00000007f2950000)
  from space 192K, 83% used [0x00000007f7720000,0x00000007f7748000,0x00000007f7750000)
  to   space 3520K, 0% used [0x00000007f7070000,0x00000007f7070000,0x00000007f73e0000)
 ParOldGen       total 87424K, used 41600K [0x00000007c0000000, 0x00000007c5560000, 0x00000007eaab0000)
  object space 87424K, 47% used [0x00000007c0000000,0x00000007c28a0080,0x00000007c5560000)
 PSPermGen       total 49792K, used 49492K [0x00000007bae00000, 0x00000007bdea0000, 0x00000007c0000000)
  object space 49792K, 99% used [0x00000007bae00000,0x00000007bde55020,0x00000007bdea0000)
Event: 10008.967 GC heap after
Heap after GC invocations=327 (full 146):
 PSYoungGen      total 129856K, used 192K [0x00000007eaab0000, 0x00000007f7730000, 0x0000000800000000)
  eden space 129664K, 0% used [0x00000007eaab0000,0x00000007eaab0000,0x00000007f2950000)
  from space 192K, 100% used [0x00000007f7070000,0x00000007f70a0000,0x00000007f70a0000)
  to   space 3584K, 0% used [0x00000007f73b0000,0x00000007f73b0000,0x00000007f7730000)
 ParOldGen       total 87424K, used 41632K [0x00000007c0000000, 0x00000007c5560000, 0x00000007eaab0000)
  object space 87424K, 47% used [0x00000007c0000000,0x00000007c28a8080,0x00000007c5560000)
 PSPermGen       total 49792K, used 49492K [0x00000007bae00000, 0x00000007bdea0000, 0x00000007c0000000)
  object space 49792K, 99% used [0x00000007bae00000,0x00000007bde55020,0x00000007bdea0000)
}
Event: 10008.967 GC heap before
{Heap before GC invocations=328 (full 147):
 PSYoungGen      total 129856K, used 192K [0x00000007eaab0000, 0x00000007f7730000, 0x0000000800000000)
  eden space 129664K, 0% used [0x00000007eaab0000,0x00000007eaab0000,0x00000007f2950000)
  from space 192K, 100% used [0x00000007f7070000,0x00000007f70a0000,0x00000007f70a0000)
  to   space 3584K, 0% used [0x00000007f73b0000,0x00000007f73b0000,0x00000007f7730000)
 ParOldGen       total 87424K, used 41632K [0x00000007c0000000, 0x00000007c5560000, 0x00000007eaab0000)
  object space 87424K, 47% used [0x00000007c0000000,0x00000007c28a8080,0x00000007c5560000)
 PSPermGen       total 49792K, used 49492K [0x00000007bae00000, 0x00000007bdea0000, 0x00000007c0000000)
  object space 49792K, 99% used [0x00000007bae00000,0x00000007bde55020,0x00000007bdea0000)
Event: 10009.104 GC heap after
Heap after GC invocations=328 (full 147):
 PSYoungGen      total 129856K, used 0K [0x00000007eaab0000, 0x00000007f7730000, 0x0000000800000000)
  eden space 129664K, 0% used [0x00000007eaab0000,0x00000007eaab0000,0x00000007f2950000)
  from space 192K, 0% used [0x00000007f7070000,0x00000007f7070000,0x00000007f70a0000)
  to   space 3584K, 0% used [0x00000007f73b0000,0x00000007f73b0000,0x00000007f7730000)
 ParOldGen       total 87424K, used 39890K [0x00000007c0000000, 0x00000007c5560000, 0x00000007eaab0000)
  object space 87424K, 45% used [0x00000007c0000000,0x00000007c26f48c0,0x00000007c5560000)
 PSPermGen       total 49792K, used 49492K [0x00000007bae00000, 0x00000007bdea0000, 0x00000007c0000000)
  object space 49792K, 99% used [0x00000007bae00000,0x00000007bde55020,0x00000007bdea0000)
}

