# JRE version: 7.0_25-b15
# Java VM: Java HotSpot(TM) 64-Bit Server VM (23.25-b01 mixed mode bsd-amd64 compressed oops)
Heap
 PSYoungGen      total 323456K, used 65406K [0x00000007eaab0000, 0x00000007fecf0000, 0x0000000800000000)
  eden space 320896K, 20% used [0x00000007eaab0000,0x00000007eea8f878,0x00000007fe410000)
  from space 2560K, 0% used [0x00000007fe410000,0x00000007fe410000,0x00000007fe690000)
  to   space 4544K, 0% used [0x00000007fe880000,0x00000007fe880000,0x00000007fecf0000)
 ParOldGen       total 87424K, used 42334K [0x00000007c0000000, 0x00000007c5560000, 0x00000007eaab0000)
  object space 87424K, 48% used [0x00000007c0000000,0x00000007c2957bc8,0x00000007c5560000)
 PSPermGen       total 49600K, used 48769K [0x00000007bae00000, 0x00000007bde70000, 0x00000007c0000000)
  object space 49600K, 98% used [0x00000007bae00000,0x00000007bdda0740,0x00000007bde70000)
GC Heap History (10 events):
Event: 3934.373 GC heap before
{Heap before GC invocations=121 (full 56):
 PSYoungGen      total 322816K, used 1919K [0x00000007eaab0000, 0x00000007fed30000, 0x0000000800000000)
  eden space 320896K, 0% used [0x00000007eaab0000,0x00000007eaab0000,0x00000007fe410000)
  from space 1920K, 99% used [0x00000007fe410000,0x00000007fe5efee8,0x00000007fe5f0000)
  to   space 4672K, 0% used [0x00000007fe8a0000,0x00000007fe8a0000,0x00000007fed30000)
 ParOldGen       total 87424K, used 41877K [0x00000007c0000000, 0x00000007c5560000, 0x00000007eaab0000)
  object space 87424K, 47% used [0x00000007c0000000,0x00000007c28e5598,0x00000007c5560000)
 PSPermGen       total 48640K, used 48372K [0x00000007bae00000, 0x00000007bdd80000, 0x00000007c0000000)
  object space 48640K, 99% used [0x00000007bae00000,0x00000007bdd3d0c0,0x00000007bdd80000)
Event: 3934.504 GC heap after
Heap after GC invocations=121 (full 56):
 PSYoungGen      total 322816K, used 0K [0x00000007eaab0000, 0x00000007fed30000, 0x0000000800000000)
  eden space 320896K, 0% used [0x00000007eaab0000,0x00000007eaab0000,0x00000007fe410000)
  from space 1920K, 0% used [0x00000007fe410000,0x00000007fe410000,0x00000007fe5f0000)
  to   space 4672K, 0% used [0x00000007fe8a0000,0x00000007fe8a0000,0x00000007fed30000)
 ParOldGen       total 87424K, used 41624K [0x00000007c0000000, 0x00000007c5560000, 0x00000007eaab0000)
  object space 87424K, 47% used [0x00000007c0000000,0x00000007c28a6040,0x00000007c5560000)
 PSPermGen       total 48704K, used 48372K [0x00000007bae00000, 0x00000007bdd90000, 0x00000007c0000000)
  object space 48704K, 99% used [0x00000007bae00000,0x00000007bdd3d0c0,0x00000007bdd90000)
}
Event: 3999.421 GC heap before
{Heap before GC invocations=122 (full 56):
 PSYoungGen      total 322816K, used 105768K [0x00000007eaab0000, 0x00000007fed30000, 0x0000000800000000)
  eden space 320896K, 32% used [0x00000007eaab0000,0x00000007f11fa2e0,0x00000007fe410000)
  from space 1920K, 0% used [0x00000007fe410000,0x00000007fe410000,0x00000007fe5f0000)
  to   space 4672K, 0% used [0x00000007fe8a0000,0x00000007fe8a0000,0x00000007fed30000)
 ParOldGen       total 87424K, used 41624K [0x00000007c0000000, 0x00000007c5560000, 0x00000007eaab0000)
  object space 87424K, 47% used [0x00000007c0000000,0x00000007c28a6040,0x00000007c5560000)
 PSPermGen       total 48704K, used 48372K [0x00000007bae00000, 0x00000007bdd90000, 0x00000007c0000000)
  object space 48704K, 99% used [0x00000007bae00000,0x00000007bdd3d1b8,0x00000007bdd90000)
Event: 3999.425 GC heap after
Heap after GC invocations=122 (full 56):
 PSYoungGen      total 325440K, used 2434K [0x00000007eaab0000, 0x00000007fed10000, 0x0000000800000000)
  eden space 320896K, 0% used [0x00000007eaab0000,0x00000007eaab0000,0x00000007fe410000)
  from space 4544K, 53% used [0x00000007fe8a0000,0x00000007feb00a40,0x00000007fed10000)
  to   space 4608K, 0% used [0x00000007fe410000,0x00000007fe410000,0x00000007fe890000)
 ParOldGen       total 87424K, used 41624K [0x00000007c0000000, 0x00000007c5560000, 0x00000007eaab0000)
  object space 87424K, 47% used [0x00000007c0000000,0x00000007c28a6040,0x00000007c5560000)
 PSPermGen       total 48704K, used 48372K [0x00000007bae00000, 0x00000007bdd90000, 0x00000007c0000000)
  object space 48704K, 99% used [0x00000007bae00000,0x00000007bdd3d1b8,0x00000007bdd90000)
}
Event: 3999.425 GC heap before
{Heap before GC invocations=123 (full 57):
 PSYoungGen      total 325440K, used 2434K [0x00000007eaab0000, 0x00000007fed10000, 0x0000000800000000)
  eden space 320896K, 0% used [0x00000007eaab0000,0x00000007eaab0000,0x00000007fe410000)
  from space 4544K, 53% used [0x00000007fe8a0000,0x00000007feb00a40,0x00000007fed10000)
  to   space 4608K, 0% used [0x00000007fe410000,0x00000007fe410000,0x00000007fe890000)
 ParOldGen       total 87424K, used 41624K [0x00000007c0000000, 0x00000007c5560000, 0x00000007eaab0000)
  object space 87424K, 47% used [0x00000007c0000000,0x00000007c28a6040,0x00000007c5560000)
 PSPermGen       total 48704K, used 48372K [0x00000007bae00000, 0x00000007bdd90000, 0x00000007c0000000)
  object space 48704K, 99% used [0x00000007bae00000,0x00000007bdd3d1b8,0x00000007bdd90000)
Event: 3999.578 GC heap after
Heap after GC invocations=123 (full 57):
 PSYoungGen      total 325440K, used 0K [0x00000007eaab0000, 0x00000007fed10000, 0x0000000800000000)
  eden space 320896K, 0% used [0x00000007eaab0000,0x00000007eaab0000,0x00000007fe410000)
  from space 4544K, 0% used [0x00000007fe8a0000,0x00000007fe8a0000,0x00000007fed10000)
  to   space 4608K, 0% used [0x00000007fe410000,0x00000007fe410000,0x00000007fe890000)
 ParOldGen       total 87424K, used 41771K [0x00000007c0000000, 0x00000007c5560000, 0x00000007eaab0000)
  object space 87424K, 47% used [0x00000007c0000000,0x00000007c28cade0,0x00000007c5560000)
 PSPermGen       total 48704K, used 48372K [0x00000007bae00000, 0x00000007bdd90000, 0x00000007c0000000)
  object space 48704K, 99% used [0x00000007bae00000,0x00000007bdd3d1b8,0x00000007bdd90000)
}
Event: 4062.377 GC heap before
{Heap before GC invocations=124 (full 57):
 PSYoungGen      total 325440K, used 88985K [0x00000007eaab0000, 0x00000007fed10000, 0x0000000800000000)
  eden space 320896K, 27% used [0x00000007eaab0000,0x00000007f0196608,0x00000007fe410000)
  from space 4544K, 0% used [0x00000007fe8a0000,0x00000007fe8a0000,0x00000007fed10000)
  to   space 4608K, 0% used [0x00000007fe410000,0x00000007fe410000,0x00000007fe890000)
 ParOldGen       total 87424K, used 41771K [0x00000007c0000000, 0x00000007c5560000, 0x00000007eaab0000)
  object space 87424K, 47% used [0x00000007c0000000,0x00000007c28cade0,0x00000007c5560000)
 PSPermGen       total 48896K, used 48768K [0x00000007bae00000, 0x00000007bddc0000, 0x00000007c0000000)
  object space 48896K, 99% used [0x00000007bae00000,0x00000007bdda0078,0x00000007bddc0000)
Event: 4062.382 GC heap after
Heap after GC invocations=124 (full 57):
 PSYoungGen      total 323456K, used 2520K [0x00000007eaab0000, 0x00000007fecf0000, 0x0000000800000000)
  eden space 320896K, 0% used [0x00000007eaab0000,0x00000007eaab0000,0x00000007fe410000)
  from space 2560K, 98% used [0x00000007fe410000,0x00000007fe6860b0,0x00000007fe690000)
  to   space 4544K, 0% used [0x00000007fe880000,0x00000007fe880000,0x00000007fecf0000)
 ParOldGen       total 87424K, used 41771K [0x00000007c0000000, 0x00000007c5560000, 0x00000007eaab0000)
  object space 87424K, 47% used [0x00000007c0000000,0x00000007c28cade0,0x00000007c5560000)
 PSPermGen       total 48896K, used 48768K [0x00000007bae00000, 0x00000007bddc0000, 0x00000007c0000000)
  object space 48896K, 99% used [0x00000007bae00000,0x00000007bdda0078,0x00000007bddc0000)
}
Event: 4062.382 GC heap before
{Heap before GC invocations=125 (full 58):
 PSYoungGen      total 323456K, used 2520K [0x00000007eaab0000, 0x00000007fecf0000, 0x0000000800000000)
  eden space 320896K, 0% used [0x00000007eaab0000,0x00000007eaab0000,0x00000007fe410000)
  from space 2560K, 98% used [0x00000007fe410000,0x00000007fe6860b0,0x00000007fe690000)
  to   space 4544K, 0% used [0x00000007fe880000,0x00000007fe880000,0x00000007fecf0000)
 ParOldGen       total 87424K, used 41771K [0x00000007c0000000, 0x00000007c5560000, 0x00000007eaab0000)
  object space 87424K, 47% used [0x00000007c0000000,0x00000007c28cade0,0x00000007c5560000)
 PSPermGen       total 48896K, used 48768K [0x00000007bae00000, 0x00000007bddc0000, 0x00000007c0000000)
  object space 48896K, 99% used [0x00000007bae00000,0x00000007bdda0078,0x00000007bddc0000)
Event: 4062.541 GC heap after
Heap after GC invocations=125 (full 58):
 PSYoungGen      total 323456K, used 0K [0x00000007eaab0000, 0x00000007fecf0000, 0x0000000800000000)
  eden space 320896K, 0% used [0x00000007eaab0000,0x00000007eaab0000,0x00000007fe410000)
  from space 2560K, 0% used [0x00000007fe410000,0x00000007fe410000,0x00000007fe690000)
  to   space 4544K, 0% used [0x00000007fe880000,0x00000007fe880000,0x00000007fecf0000)
 ParOldGen       total 87424K, used 42334K [0x00000007c0000000, 0x00000007c5560000, 0x00000007eaab0000)
  object space 87424K, 48% used [0x00000007c0000000,0x00000007c2957bc8,0x00000007c5560000)
 PSPermGen       total 49600K, used 48767K [0x00000007bae00000, 0x00000007bde70000, 0x00000007c0000000)
  object space 49600K, 98% used [0x00000007bae00000,0x00000007bdd9fef8,0x00000007bde70000)
}

