# JRE version: 7.0_25-b15
# Java VM: Java HotSpot(TM) 64-Bit Server VM (23.25-b01 mixed mode bsd-amd64 compressed oops)
Heap
 PSYoungGen      total 309696K, used 177224K [0x00000007eaab0000, 0x00000007fe9c0000, 0x0000000800000000)
  eden space 309120K, 57% used [0x00000007eaab0000,0x00000007f57c23b0,0x00000007fd890000)
  from space 576K, 0% used [0x00000007fe930000,0x00000007fe930000,0x00000007fe9c0000)
  to   space 8256K, 0% used [0x00000007fd9a0000,0x00000007fd9a0000,0x00000007fe1b0000)
 ParOldGen       total 87424K, used 37079K [0x00000007c0000000, 0x00000007c5560000, 0x00000007eaab0000)
  object space 87424K, 42% used [0x00000007c0000000,0x00000007c2435e78,0x00000007c5560000)
 PSPermGen       total 53504K, used 52083K [0x00000007bae00000, 0x00000007be240000, 0x00000007c0000000)
  object space 53504K, 97% used [0x00000007bae00000,0x00000007be0dcf10,0x00000007be240000)
GC Heap History (10 events):
Event: 1818.248 GC heap before
{Heap before GC invocations=64 (full 26):
 PSYoungGen      total 326208K, used 41021K [0x00000007eaab0000, 0x00000007ff9a0000, 0x0000000800000000)
  eden space 323776K, 12% used [0x00000007eaab0000,0x00000007ed2bf470,0x00000007fe6e0000)
  from space 2432K, 0% used [0x00000007fe6e0000,0x00000007fe6e0000,0x00000007fe940000)
  to   space 9600K, 0% used [0x00000007ff040000,0x00000007ff040000,0x00000007ff9a0000)
 ParOldGen       total 87424K, used 37030K [0x00000007c0000000, 0x00000007c5560000, 0x00000007eaab0000)
  object space 87424K, 42% used [0x00000007c0000000,0x00000007c24298a8,0x00000007c5560000)
 PSPermGen       total 54016K, used 52064K [0x00000007bae00000, 0x00000007be2c0000, 0x00000007c0000000)
  object space 54016K, 96% used [0x00000007bae00000,0x00000007be0d82f8,0x00000007be2c0000)
Event: 1818.251 GC heap after
Heap after GC invocations=64 (full 26):
 PSYoungGen      total 332736K, used 224K [0x00000007eaab0000, 0x00000007ff900000, 0x0000000800000000)
  eden space 323776K, 0% used [0x00000007eaab0000,0x00000007eaab0000,0x00000007fe6e0000)
  from space 8960K, 2% used [0x00000007ff040000,0x00000007ff078000,0x00000007ff900000)
  to   space 9280K, 0% used [0x00000007fe6e0000,0x00000007fe6e0000,0x00000007feff0000)
 ParOldGen       total 87424K, used 37030K [0x00000007c0000000, 0x00000007c5560000, 0x00000007eaab0000)
  object space 87424K, 42% used [0x00000007c0000000,0x00000007c24298a8,0x00000007c5560000)
 PSPermGen       total 54016K, used 52064K [0x00000007bae00000, 0x00000007be2c0000, 0x00000007c0000000)
  object space 54016K, 96% used [0x00000007bae00000,0x00000007be0d82f8,0x00000007be2c0000)
}
Event: 1818.251 GC heap before
{Heap before GC invocations=65 (full 27):
 PSYoungGen      total 332736K, used 224K [0x00000007eaab0000, 0x00000007ff900000, 0x0000000800000000)
  eden space 323776K, 0% used [0x00000007eaab0000,0x00000007eaab0000,0x00000007fe6e0000)
  from space 8960K, 2% used [0x00000007ff040000,0x00000007ff078000,0x00000007ff900000)
  to   space 9280K, 0% used [0x00000007fe6e0000,0x00000007fe6e0000,0x00000007feff0000)
 ParOldGen       total 87424K, used 37030K [0x00000007c0000000, 0x00000007c5560000, 0x00000007eaab0000)
  object space 87424K, 42% used [0x00000007c0000000,0x00000007c24298a8,0x00000007c5560000)
 PSPermGen       total 54016K, used 52064K [0x00000007bae00000, 0x00000007be2c0000, 0x00000007c0000000)
  object space 54016K, 96% used [0x00000007bae00000,0x00000007be0d82f8,0x00000007be2c0000)
Event: 1818.367 GC heap after
Heap after GC invocations=65 (full 27):
 PSYoungGen      total 332736K, used 0K [0x00000007eaab0000, 0x00000007ff900000, 0x0000000800000000)
  eden space 323776K, 0% used [0x00000007eaab0000,0x00000007eaab0000,0x00000007fe6e0000)
  from space 8960K, 0% used [0x00000007ff040000,0x00000007ff040000,0x00000007ff900000)
  to   space 9280K, 0% used [0x00000007fe6e0000,0x00000007fe6e0000,0x00000007feff0000)
 ParOldGen       total 87424K, used 36963K [0x00000007c0000000, 0x00000007c5560000, 0x00000007eaab0000)
  object space 87424K, 42% used [0x00000007c0000000,0x00000007c2418c50,0x00000007c5560000)
 PSPermGen       total 54016K, used 52064K [0x00000007bae00000, 0x00000007be2c0000, 0x00000007c0000000)
  object space 54016K, 96% used [0x00000007bae00000,0x00000007be0d8278,0x00000007be2c0000)
}
Event: 1847.310 GC heap before
{Heap before GC invocations=66 (full 27):
 PSYoungGen      total 332736K, used 323776K [0x00000007eaab0000, 0x00000007ff900000, 0x0000000800000000)
  eden space 323776K, 100% used [0x00000007eaab0000,0x00000007fe6e0000,0x00000007fe6e0000)
  from space 8960K, 0% used [0x00000007ff040000,0x00000007ff040000,0x00000007ff900000)
  to   space 9280K, 0% used [0x00000007fe6e0000,0x00000007fe6e0000,0x00000007feff0000)
 ParOldGen       total 87424K, used 36963K [0x00000007c0000000, 0x00000007c5560000, 0x00000007eaab0000)
  object space 87424K, 42% used [0x00000007c0000000,0x00000007c2418c50,0x00000007c5560000)
 PSPermGen       total 54016K, used 52077K [0x00000007bae00000, 0x00000007be2c0000, 0x00000007c0000000)
  object space 54016K, 96% used [0x00000007bae00000,0x00000007be0db528,0x00000007be2c0000)
Event: 1847.315 GC heap after
Heap after GC invocations=66 (full 27):
 PSYoungGen      total 311488K, used 2365K [0x00000007eaab0000, 0x00000007ff050000, 0x0000000800000000)
  eden space 309120K, 0% used [0x00000007eaab0000,0x00000007eaab0000,0x00000007fd890000)
  from space 2368K, 99% used [0x00000007fe6e0000,0x00000007fe92f5b8,0x00000007fe930000)
  to   space 7296K, 0% used [0x00000007fe930000,0x00000007fe930000,0x00000007ff050000)
 ParOldGen       total 87424K, used 36963K [0x00000007c0000000, 0x00000007c5560000, 0x00000007eaab0000)
  object space 87424K, 42% used [0x00000007c0000000,0x00000007c2418c50,0x00000007c5560000)
 PSPermGen       total 54016K, used 52077K [0x00000007bae00000, 0x00000007be2c0000, 0x00000007c0000000)
  object space 54016K, 96% used [0x00000007bae00000,0x00000007be0db528,0x00000007be2c0000)
}
Event: 1878.250 GC heap before
{Heap before GC invocations=67 (full 27):
 PSYoungGen      total 311488K, used 31009K [0x00000007eaab0000, 0x00000007ff050000, 0x0000000800000000)
  eden space 309120K, 9% used [0x00000007eaab0000,0x00000007ec6a8ef0,0x00000007fd890000)
  from space 2368K, 99% used [0x00000007fe6e0000,0x00000007fe92f5b8,0x00000007fe930000)
  to   space 7296K, 0% used [0x00000007fe930000,0x00000007fe930000,0x00000007ff050000)
 ParOldGen       total 87424K, used 36963K [0x00000007c0000000, 0x00000007c5560000, 0x00000007eaab0000)
  object space 87424K, 42% used [0x00000007c0000000,0x00000007c2418c50,0x00000007c5560000)
 PSPermGen       total 54016K, used 52079K [0x00000007bae00000, 0x00000007be2c0000, 0x00000007c0000000)
  object space 54016K, 96% used [0x00000007bae00000,0x00000007be0dbd20,0x00000007be2c0000)
Event: 1878.255 GC heap after
Heap after GC invocations=67 (full 27):
 PSYoungGen      total 309696K, used 522K [0x00000007eaab0000, 0x00000007fe9c0000, 0x0000000800000000)
  eden space 309120K, 0% used [0x00000007eaab0000,0x00000007eaab0000,0x00000007fd890000)
  from space 576K, 90% used [0x00000007fe930000,0x00000007fe9b2b10,0x00000007fe9c0000)
  to   space 8256K, 0% used [0x00000007fd9a0000,0x00000007fd9a0000,0x00000007fe1b0000)
 ParOldGen       total 87424K, used 38664K [0x00000007c0000000, 0x00000007c5560000, 0x00000007eaab0000)
  object space 87424K, 44% used [0x00000007c0000000,0x00000007c25c2000,0x00000007c5560000)
 PSPermGen       total 54016K, used 52079K [0x00000007bae00000, 0x00000007be2c0000, 0x00000007c0000000)
  object space 54016K, 96% used [0x00000007bae00000,0x00000007be0dbd20,0x00000007be2c0000)
}
Event: 1878.255 GC heap before
{Heap before GC invocations=68 (full 28):
 PSYoungGen      total 309696K, used 522K [0x00000007eaab0000, 0x00000007fe9c0000, 0x0000000800000000)
  eden space 309120K, 0% used [0x00000007eaab0000,0x00000007eaab0000,0x00000007fd890000)
  from space 576K, 90% used [0x00000007fe930000,0x00000007fe9b2b10,0x00000007fe9c0000)
  to   space 8256K, 0% used [0x00000007fd9a0000,0x00000007fd9a0000,0x00000007fe1b0000)
 ParOldGen       total 87424K, used 38664K [0x00000007c0000000, 0x00000007c5560000, 0x00000007eaab0000)
  object space 87424K, 44% used [0x00000007c0000000,0x00000007c25c2000,0x00000007c5560000)
 PSPermGen       total 54016K, used 52079K [0x00000007bae00000, 0x00000007be2c0000, 0x00000007c0000000)
  object space 54016K, 96% used [0x00000007bae00000,0x00000007be0dbd20,0x00000007be2c0000)
Event: 1878.385 GC heap after
Heap after GC invocations=68 (full 28):
 PSYoungGen      total 309696K, used 0K [0x00000007eaab0000, 0x00000007fe9c0000, 0x0000000800000000)
  eden space 309120K, 0% used [0x00000007eaab0000,0x00000007eaab0000,0x00000007fd890000)
  from space 576K, 0% used [0x00000007fe930000,0x00000007fe930000,0x00000007fe9c0000)
  to   space 8256K, 0% used [0x00000007fd9a0000,0x00000007fd9a0000,0x00000007fe1b0000)
 ParOldGen       total 87424K, used 37079K [0x00000007c0000000, 0x00000007c5560000, 0x00000007eaab0000)
  object space 87424K, 42% used [0x00000007c0000000,0x00000007c2435e78,0x00000007c5560000)
 PSPermGen       total 53504K, used 52079K [0x00000007bae00000, 0x00000007be240000, 0x00000007c0000000)
  object space 53504K, 97% used [0x00000007bae00000,0x00000007be0dbc60,0x00000007be240000)
}

