# JRE version: 7.0_25-b15
# Java VM: Java HotSpot(TM) 64-Bit Server VM (23.25-b01 mixed mode bsd-amd64 compressed oops)
Heap
 PSYoungGen      total 129728K, used 94174K [0x00000007eaab0000, 0x00000007f3c60000, 0x0000000800000000)
  eden space 129280K, 72% used [0x00000007eaab0000,0x00000007f06a7820,0x00000007f28f0000)
  from space 448K, 0% used [0x00000007f3bf0000,0x00000007f3bf0000,0x00000007f3c60000)
  to   space 3904K, 0% used [0x00000007f34c0000,0x00000007f34c0000,0x00000007f3890000)
 ParOldGen       total 87424K, used 44152K [0x00000007c0000000, 0x00000007c5560000, 0x00000007eaab0000)
  object space 87424K, 50% used [0x00000007c0000000,0x00000007c2b1e010,0x00000007c5560000)
 PSPermGen       total 49856K, used 49563K [0x00000007bae00000, 0x00000007bdeb0000, 0x00000007c0000000)
  object space 49856K, 99% used [0x00000007bae00000,0x00000007bde66e78,0x00000007bdeb0000)
GC Heap History (10 events):
Event: 9162.456 GC heap before
{Heap before GC invocations=292 (full 130):
 PSYoungGen      total 137024K, used 22965K [0x00000007eaab0000, 0x00000007f43b0000, 0x0000000800000000)
  eden space 134656K, 15% used [0x00000007eaab0000,0x00000007ebedcf18,0x00000007f2e30000)
  from space 2368K, 97% used [0x00000007f3c00000,0x00000007f3e40508,0x00000007f3e50000)
  to   space 4032K, 0% used [0x00000007f3fc0000,0x00000007f3fc0000,0x00000007f43b0000)
 ParOldGen       total 87424K, used 43919K [0x00000007c0000000, 0x00000007c5560000, 0x00000007eaab0000)
  object space 87424K, 50% used [0x00000007c0000000,0x00000007c2ae3e70,0x00000007c5560000)
 PSPermGen       total 49856K, used 49561K [0x00000007bae00000, 0x00000007bdeb0000, 0x00000007c0000000)
  object space 49856K, 99% used [0x00000007bae00000,0x00000007bde666c8,0x00000007bdeb0000)
Event: 9162.462 GC heap after
Heap after GC invocations=292 (full 130):
 PSYoungGen      total 135360K, used 700K [0x00000007eaab0000, 0x00000007f4070000, 0x0000000800000000)
  eden space 134656K, 0% used [0x00000007eaab0000,0x00000007eaab0000,0x00000007f2e30000)
  from space 704K, 99% used [0x00000007f3fc0000,0x00000007f406f280,0x00000007f4070000)
  to   space 3904K, 0% used [0x00000007f38d0000,0x00000007f38d0000,0x00000007f3ca0000)
 ParOldGen       total 87424K, used 45707K [0x00000007c0000000, 0x00000007c5560000, 0x00000007eaab0000)
  object space 87424K, 52% used [0x00000007c0000000,0x00000007c2ca2c00,0x00000007c5560000)
 PSPermGen       total 49856K, used 49561K [0x00000007bae00000, 0x00000007bdeb0000, 0x00000007c0000000)
  object space 49856K, 99% used [0x00000007bae00000,0x00000007bde666c8,0x00000007bdeb0000)
}
Event: 9162.462 GC heap before
{Heap before GC invocations=293 (full 131):
 PSYoungGen      total 135360K, used 700K [0x00000007eaab0000, 0x00000007f4070000, 0x0000000800000000)
  eden space 134656K, 0% used [0x00000007eaab0000,0x00000007eaab0000,0x00000007f2e30000)
  from space 704K, 99% used [0x00000007f3fc0000,0x00000007f406f280,0x00000007f4070000)
  to   space 3904K, 0% used [0x00000007f38d0000,0x00000007f38d0000,0x00000007f3ca0000)
 ParOldGen       total 87424K, used 45707K [0x00000007c0000000, 0x00000007c5560000, 0x00000007eaab0000)
  object space 87424K, 52% used [0x00000007c0000000,0x00000007c2ca2c00,0x00000007c5560000)
 PSPermGen       total 49856K, used 49561K [0x00000007bae00000, 0x00000007bdeb0000, 0x00000007c0000000)
  object space 49856K, 99% used [0x00000007bae00000,0x00000007bde666c8,0x00000007bdeb0000)
Event: 9162.582 GC heap after
Heap after GC invocations=293 (full 131):
 PSYoungGen      total 135360K, used 0K [0x00000007eaab0000, 0x00000007f4070000, 0x0000000800000000)
  eden space 134656K, 0% used [0x00000007eaab0000,0x00000007eaab0000,0x00000007f2e30000)
  from space 704K, 0% used [0x00000007f3fc0000,0x00000007f3fc0000,0x00000007f4070000)
  to   space 3904K, 0% used [0x00000007f38d0000,0x00000007f38d0000,0x00000007f3ca0000)
 ParOldGen       total 87424K, used 44196K [0x00000007c0000000, 0x00000007c5560000, 0x00000007eaab0000)
  object space 87424K, 50% used [0x00000007c0000000,0x00000007c2b29088,0x00000007c5560000)
 PSPermGen       total 49856K, used 49561K [0x00000007bae00000, 0x00000007bdeb0000, 0x00000007c0000000)
  object space 49856K, 99% used [0x00000007bae00000,0x00000007bde666c8,0x00000007bdeb0000)
}
Event: 9225.966 GC heap before
{Heap before GC invocations=294 (full 131):
 PSYoungGen      total 135360K, used 134656K [0x00000007eaab0000, 0x00000007f4070000, 0x0000000800000000)
  eden space 134656K, 100% used [0x00000007eaab0000,0x00000007f2e30000,0x00000007f2e30000)
  from space 704K, 0% used [0x00000007f3fc0000,0x00000007f3fc0000,0x00000007f4070000)
  to   space 3904K, 0% used [0x00000007f38d0000,0x00000007f38d0000,0x00000007f3ca0000)
 ParOldGen       total 87424K, used 44196K [0x00000007c0000000, 0x00000007c5560000, 0x00000007eaab0000)
  object space 87424K, 50% used [0x00000007c0000000,0x00000007c2b29088,0x00000007c5560000)
 PSPermGen       total 49856K, used 49563K [0x00000007bae00000, 0x00000007bdeb0000, 0x00000007c0000000)
  object space 49856K, 99% used [0x00000007bae00000,0x00000007bde66d08,0x00000007bdeb0000)
Event: 9225.970 GC heap after
Heap after GC invocations=294 (full 131):
 PSYoungGen      total 131520K, used 2198K [0x00000007eaab0000, 0x00000007f3fd0000, 0x0000000800000000)
  eden space 129280K, 0% used [0x00000007eaab0000,0x00000007eaab0000,0x00000007f28f0000)
  from space 2240K, 98% used [0x00000007f38d0000,0x00000007f3af5ba8,0x00000007f3b00000)
  to   space 3968K, 0% used [0x00000007f3bf0000,0x00000007f3bf0000,0x00000007f3fd0000)
 ParOldGen       total 87424K, used 44196K [0x00000007c0000000, 0x00000007c5560000, 0x00000007eaab0000)
  object space 87424K, 50% used [0x00000007c0000000,0x00000007c2b29088,0x00000007c5560000)
 PSPermGen       total 49856K, used 49563K [0x00000007bae00000, 0x00000007bdeb0000, 0x00000007c0000000)
  object space 49856K, 99% used [0x00000007bae00000,0x00000007bde66d08,0x00000007bdeb0000)
}
Event: 9233.026 GC heap before
{Heap before GC invocations=295 (full 131):
 PSYoungGen      total 131520K, used 16844K [0x00000007eaab0000, 0x00000007f3fd0000, 0x0000000800000000)
  eden space 129280K, 11% used [0x00000007eaab0000,0x00000007eb8fd640,0x00000007f28f0000)
  from space 2240K, 98% used [0x00000007f38d0000,0x00000007f3af5ba8,0x00000007f3b00000)
  to   space 3968K, 0% used [0x00000007f3bf0000,0x00000007f3bf0000,0x00000007f3fd0000)
 ParOldGen       total 87424K, used 44196K [0x00000007c0000000, 0x00000007c5560000, 0x00000007eaab0000)
  object space 87424K, 50% used [0x00000007c0000000,0x00000007c2b29088,0x00000007c5560000)
 PSPermGen       total 49856K, used 49563K [0x00000007bae00000, 0x00000007bdeb0000, 0x00000007c0000000)
  object space 49856K, 99% used [0x00000007bae00000,0x00000007bde66d08,0x00000007bdeb0000)
Event: 9233.030 GC heap after
Heap after GC invocations=295 (full 131):
 PSYoungGen      total 129728K, used 393K [0x00000007eaab0000, 0x00000007f3c60000, 0x0000000800000000)
  eden space 129280K, 0% used [0x00000007eaab0000,0x00000007eaab0000,0x00000007f28f0000)
  from space 448K, 87% used [0x00000007f3bf0000,0x00000007f3c52590,0x00000007f3c60000)
  to   space 3904K, 0% used [0x00000007f34c0000,0x00000007f34c0000,0x00000007f3890000)
 ParOldGen       total 87424K, used 45902K [0x00000007c0000000, 0x00000007c5560000, 0x00000007eaab0000)
  object space 87424K, 52% used [0x00000007c0000000,0x00000007c2cd3a48,0x00000007c5560000)
 PSPermGen       total 49856K, used 49563K [0x00000007bae00000, 0x00000007bdeb0000, 0x00000007c0000000)
  object space 49856K, 99% used [0x00000007bae00000,0x00000007bde66d08,0x00000007bdeb0000)
}
Event: 9233.030 GC heap before
{Heap before GC invocations=296 (full 132):
 PSYoungGen      total 129728K, used 393K [0x00000007eaab0000, 0x00000007f3c60000, 0x0000000800000000)
  eden space 129280K, 0% used [0x00000007eaab0000,0x00000007eaab0000,0x00000007f28f0000)
  from space 448K, 87% used [0x00000007f3bf0000,0x00000007f3c52590,0x00000007f3c60000)
  to   space 3904K, 0% used [0x00000007f34c0000,0x00000007f34c0000,0x00000007f3890000)
 ParOldGen       total 87424K, used 45902K [0x00000007c0000000, 0x00000007c5560000, 0x00000007eaab0000)
  object space 87424K, 52% used [0x00000007c0000000,0x00000007c2cd3a48,0x00000007c5560000)
 PSPermGen       total 49856K, used 49563K [0x00000007bae00000, 0x00000007bdeb0000, 0x00000007c0000000)
  object space 49856K, 99% used [0x00000007bae00000,0x00000007bde66d08,0x00000007bdeb0000)
Event: 9233.144 GC heap after
Heap after GC invocations=296 (full 132):
 PSYoungGen      total 129728K, used 0K [0x00000007eaab0000, 0x00000007f3c60000, 0x0000000800000000)
  eden space 129280K, 0% used [0x00000007eaab0000,0x00000007eaab0000,0x00000007f28f0000)
  from space 448K, 0% used [0x00000007f3bf0000,0x00000007f3bf0000,0x00000007f3c60000)
  to   space 3904K, 0% used [0x00000007f34c0000,0x00000007f34c0000,0x00000007f3890000)
 ParOldGen       total 87424K, used 44152K [0x00000007c0000000, 0x00000007c5560000, 0x00000007eaab0000)
  object space 87424K, 50% used [0x00000007c0000000,0x00000007c2b1e010,0x00000007c5560000)
 PSPermGen       total 49856K, used 49563K [0x00000007bae00000, 0x00000007bdeb0000, 0x00000007c0000000)
  object space 49856K, 99% used [0x00000007bae00000,0x00000007bde66d08,0x00000007bdeb0000)
}

