# JRE version: 7.0_25-b15
# Java VM: Java HotSpot(TM) 64-Bit Server VM (23.25-b01 mixed mode bsd-amd64 compressed oops)
Heap
 PSYoungGen      total 344768K, used 78118K [0x00000007eaab0000, 0x0000000800000000, 0x0000000800000000)
  eden space 342720K, 22% used [0x00000007eaab0000,0x00000007ef6f9870,0x00000007ff960000)
  from space 2048K, 0% used [0x00000007ff960000,0x00000007ff960000,0x00000007ffb60000)
  to   space 3520K, 0% used [0x00000007ffc90000,0x00000007ffc90000,0x0000000800000000)
 ParOldGen       total 87424K, used 40266K [0x00000007c0000000, 0x00000007c5560000, 0x00000007eaab0000)
  object space 87424K, 46% used [0x00000007c0000000,0x00000007c2752960,0x00000007c5560000)
 PSPermGen       total 49664K, used 49372K [0x00000007bae00000, 0x00000007bde80000, 0x00000007c0000000)
  object space 49664K, 99% used [0x00000007bae00000,0x00000007bde37010,0x00000007bde80000)
GC Heap History (10 events):
Event: 12888.975 GC heap before
{Heap before GC invocations=407 (full 198):
 PSYoungGen      total 345728K, used 2221K [0x00000007eaab0000, 0x00000007fffb0000, 0x0000000800000000)
  eden space 342912K, 0% used [0x00000007eaab0000,0x00000007eaab0000,0x00000007ff990000)
  from space 2816K, 78% used [0x00000007ff990000,0x00000007ffbbb4e8,0x00000007ffc50000)
  to   space 3136K, 0% used [0x00000007ffca0000,0x00000007ffca0000,0x00000007fffb0000)
 ParOldGen       total 87424K, used 39904K [0x00000007c0000000, 0x00000007c5560000, 0x00000007eaab0000)
  object space 87424K, 45% used [0x00000007c0000000,0x00000007c26f80e0,0x00000007c5560000)
 PSPermGen       total 49664K, used 49362K [0x00000007bae00000, 0x00000007bde80000, 0x00000007c0000000)
  object space 49664K, 99% used [0x00000007bae00000,0x00000007bde349e8,0x00000007bde80000)
Event: 12889.089 GC heap after
Heap after GC invocations=407 (full 198):
 PSYoungGen      total 345728K, used 0K [0x00000007eaab0000, 0x00000007fffb0000, 0x0000000800000000)
  eden space 342912K, 0% used [0x00000007eaab0000,0x00000007eaab0000,0x00000007ff990000)
  from space 2816K, 0% used [0x00000007ff990000,0x00000007ff990000,0x00000007ffc50000)
  to   space 3136K, 0% used [0x00000007ffca0000,0x00000007ffca0000,0x00000007fffb0000)
 ParOldGen       total 87424K, used 40202K [0x00000007c0000000, 0x00000007c5560000, 0x00000007eaab0000)
  object space 87424K, 45% used [0x00000007c0000000,0x00000007c27429e0,0x00000007c5560000)
 PSPermGen       total 49664K, used 49362K [0x00000007bae00000, 0x00000007bde80000, 0x00000007c0000000)
  object space 49664K, 99% used [0x00000007bae00000,0x00000007bde349e8,0x00000007bde80000)
}
Event: 12978.822 GC heap before
{Heap before GC invocations=408 (full 198):
 PSYoungGen      total 345728K, used 85961K [0x00000007eaab0000, 0x00000007fffb0000, 0x0000000800000000)
  eden space 342912K, 25% used [0x00000007eaab0000,0x00000007efea26a8,0x00000007ff990000)
  from space 2816K, 0% used [0x00000007ff990000,0x00000007ff990000,0x00000007ffc50000)
  to   space 3136K, 0% used [0x00000007ffca0000,0x00000007ffca0000,0x00000007fffb0000)
 ParOldGen       total 87424K, used 40202K [0x00000007c0000000, 0x00000007c5560000, 0x00000007eaab0000)
  object space 87424K, 45% used [0x00000007c0000000,0x00000007c27429e0,0x00000007c5560000)
 PSPermGen       total 49664K, used 49364K [0x00000007bae00000, 0x00000007bde80000, 0x00000007c0000000)
  object space 49664K, 99% used [0x00000007bae00000,0x00000007bde351d0,0x00000007bde80000)
Event: 12978.826 GC heap after
Heap after GC invocations=408 (full 198):
 PSYoungGen      total 345856K, used 2029K [0x00000007eaab0000, 0x0000000800000000, 0x0000000800000000)
  eden space 342720K, 0% used [0x00000007eaab0000,0x00000007eaab0000,0x00000007ff960000)
  from space 3136K, 64% used [0x00000007ffca0000,0x00000007ffe9b660,0x00000007fffb0000)
  to   space 3328K, 0% used [0x00000007ff960000,0x00000007ff960000,0x00000007ffca0000)
 ParOldGen       total 87424K, used 40202K [0x00000007c0000000, 0x00000007c5560000, 0x00000007eaab0000)
  object space 87424K, 45% used [0x00000007c0000000,0x00000007c27429e0,0x00000007c5560000)
 PSPermGen       total 49664K, used 49364K [0x00000007bae00000, 0x00000007bde80000, 0x00000007c0000000)
  object space 49664K, 99% used [0x00000007bae00000,0x00000007bde351d0,0x00000007bde80000)
}
Event: 12978.826 GC heap before
{Heap before GC invocations=409 (full 199):
 PSYoungGen      total 345856K, used 2029K [0x00000007eaab0000, 0x0000000800000000, 0x0000000800000000)
  eden space 342720K, 0% used [0x00000007eaab0000,0x00000007eaab0000,0x00000007ff960000)
  from space 3136K, 64% used [0x00000007ffca0000,0x00000007ffe9b660,0x00000007fffb0000)
  to   space 3328K, 0% used [0x00000007ff960000,0x00000007ff960000,0x00000007ffca0000)
 ParOldGen       total 87424K, used 40202K [0x00000007c0000000, 0x00000007c5560000, 0x00000007eaab0000)
  object space 87424K, 45% used [0x00000007c0000000,0x00000007c27429e0,0x00000007c5560000)
 PSPermGen       total 49664K, used 49364K [0x00000007bae00000, 0x00000007bde80000, 0x00000007c0000000)
  object space 49664K, 99% used [0x00000007bae00000,0x00000007bde351d0,0x00000007bde80000)
Event: 12978.938 GC heap after
Heap after GC invocations=409 (full 199):
 PSYoungGen      total 345856K, used 0K [0x00000007eaab0000, 0x0000000800000000, 0x0000000800000000)
  eden space 342720K, 0% used [0x00000007eaab0000,0x00000007eaab0000,0x00000007ff960000)
  from space 3136K, 0% used [0x00000007ffca0000,0x00000007ffca0000,0x00000007fffb0000)
  to   space 3328K, 0% used [0x00000007ff960000,0x00000007ff960000,0x00000007ffca0000)
 ParOldGen       total 87424K, used 40308K [0x00000007c0000000, 0x00000007c5560000, 0x00000007eaab0000)
  object space 87424K, 46% used [0x00000007c0000000,0x00000007c275d0c0,0x00000007c5560000)
 PSPermGen       total 49664K, used 49364K [0x00000007bae00000, 0x00000007bde80000, 0x00000007c0000000)
  object space 49664K, 99% used [0x00000007bae00000,0x00000007bde351d0,0x00000007bde80000)
}
Event: 13038.823 GC heap before
{Heap before GC invocations=410 (full 199):
 PSYoungGen      total 345856K, used 135175K [0x00000007eaab0000, 0x0000000800000000, 0x0000000800000000)
  eden space 342720K, 39% used [0x00000007eaab0000,0x00000007f2eb1cc8,0x00000007ff960000)
  from space 3136K, 0% used [0x00000007ffca0000,0x00000007ffca0000,0x00000007fffb0000)
  to   space 3328K, 0% used [0x00000007ff960000,0x00000007ff960000,0x00000007ffca0000)
 ParOldGen       total 87424K, used 40308K [0x00000007c0000000, 0x00000007c5560000, 0x00000007eaab0000)
  object space 87424K, 46% used [0x00000007c0000000,0x00000007c275d0c0,0x00000007c5560000)
 PSPermGen       total 49664K, used 49364K [0x00000007bae00000, 0x00000007bde80000, 0x00000007c0000000)
  object space 49664K, 99% used [0x00000007bae00000,0x00000007bde351d0,0x00000007bde80000)
Event: 13038.827 GC heap after
Heap after GC invocations=410 (full 199):
 PSYoungGen      total 344768K, used 1997K [0x00000007eaab0000, 0x0000000800000000, 0x0000000800000000)
  eden space 342720K, 0% used [0x00000007eaab0000,0x00000007eaab0000,0x00000007ff960000)
  from space 2048K, 97% used [0x00000007ff960000,0x00000007ffb534e8,0x00000007ffb60000)
  to   space 3520K, 0% used [0x00000007ffc90000,0x00000007ffc90000,0x0000000800000000)
 ParOldGen       total 87424K, used 40308K [0x00000007c0000000, 0x00000007c5560000, 0x00000007eaab0000)
  object space 87424K, 46% used [0x00000007c0000000,0x00000007c275d0c0,0x00000007c5560000)
 PSPermGen       total 49664K, used 49364K [0x00000007bae00000, 0x00000007bde80000, 0x00000007c0000000)
  object space 49664K, 99% used [0x00000007bae00000,0x00000007bde351d0,0x00000007bde80000)
}
Event: 13038.827 GC heap before
{Heap before GC invocations=411 (full 200):
 PSYoungGen      total 344768K, used 1997K [0x00000007eaab0000, 0x0000000800000000, 0x0000000800000000)
  eden space 342720K, 0% used [0x00000007eaab0000,0x00000007eaab0000,0x00000007ff960000)
  from space 2048K, 97% used [0x00000007ff960000,0x00000007ffb534e8,0x00000007ffb60000)
  to   space 3520K, 0% used [0x00000007ffc90000,0x00000007ffc90000,0x0000000800000000)
 ParOldGen       total 87424K, used 40308K [0x00000007c0000000, 0x00000007c5560000, 0x00000007eaab0000)
  object space 87424K, 46% used [0x00000007c0000000,0x00000007c275d0c0,0x00000007c5560000)
 PSPermGen       total 49664K, used 49364K [0x00000007bae00000, 0x00000007bde80000, 0x00000007c0000000)
  object space 49664K, 99% used [0x00000007bae00000,0x00000007bde351d0,0x00000007bde80000)
Event: 13038.931 GC heap after
Heap after GC invocations=411 (full 200):
 PSYoungGen      total 344768K, used 0K [0x00000007eaab0000, 0x0000000800000000, 0x0000000800000000)
  eden space 342720K, 0% used [0x00000007eaab0000,0x00000007eaab0000,0x00000007ff960000)
  from space 2048K, 0% used [0x00000007ff960000,0x00000007ff960000,0x00000007ffb60000)
  to   space 3520K, 0% used [0x00000007ffc90000,0x00000007ffc90000,0x0000000800000000)
 ParOldGen       total 87424K, used 40266K [0x00000007c0000000, 0x00000007c5560000, 0x00000007eaab0000)
  object space 87424K, 46% used [0x00000007c0000000,0x00000007c2752960,0x00000007c5560000)
 PSPermGen       total 49664K, used 49364K [0x00000007bae00000, 0x00000007bde80000, 0x00000007c0000000)
  object space 49664K, 99% used [0x00000007bae00000,0x00000007bde351d0,0x00000007bde80000)
}

