# JRE version: 7.0_25-b15
# Java VM: Java HotSpot(TM) 64-Bit Server VM (23.25-b01 mixed mode bsd-amd64 compressed oops)
Heap
 PSYoungGen      total 299008K, used 158017K [0x00000007eaab0000, 0x00000007fdac0000, 0x0000000800000000)
  eden space 296704K, 53% used [0x00000007eaab0000,0x00000007f4500778,0x00000007fcc70000)
  from space 2304K, 0% used [0x00000007fd880000,0x00000007fd880000,0x00000007fdac0000)
  to   space 4544K, 0% used [0x00000007fd1e0000,0x00000007fd1e0000,0x00000007fd650000)
 ParOldGen       total 87424K, used 44318K [0x00000007c0000000, 0x00000007c5560000, 0x00000007eaab0000)
  object space 87424K, 50% used [0x00000007c0000000,0x00000007c2b47ad8,0x00000007c5560000)
 PSPermGen       total 49728K, used 49453K [0x00000007bae00000, 0x00000007bde90000, 0x00000007c0000000)
  object space 49728K, 99% used [0x00000007bae00000,0x00000007bde4b710,0x00000007bde90000)
GC Heap History (10 events):
Event: 16745.736 GC heap before
{Heap before GC invocations=418 (full 202):
 PSYoungGen      total 297152K, used 390K [0x00000007eaab0000, 0x00000007fdd50000, 0x0000000800000000)
  eden space 296704K, 0% used [0x00000007eaab0000,0x00000007eaab0000,0x00000007fcc70000)
  from space 448K, 87% used [0x00000007fdce0000,0x00000007fdd419c0,0x00000007fdd50000)
  to   space 4352K, 0% used [0x00000007fd4d0000,0x00000007fd4d0000,0x00000007fd910000)
 ParOldGen       total 87424K, used 46335K [0x00000007c0000000, 0x00000007c5560000, 0x00000007eaab0000)
  object space 87424K, 53% used [0x00000007c0000000,0x00000007c2d3fed8,0x00000007c5560000)
 PSPermGen       total 49728K, used 49451K [0x00000007bae00000, 0x00000007bde90000, 0x00000007c0000000)
  object space 49728K, 99% used [0x00000007bae00000,0x00000007bde4ad68,0x00000007bde90000)
Event: 16745.863 GC heap after
Heap after GC invocations=418 (full 202):
 PSYoungGen      total 297152K, used 0K [0x00000007eaab0000, 0x00000007fdd50000, 0x0000000800000000)
  eden space 296704K, 0% used [0x00000007eaab0000,0x00000007eaab0000,0x00000007fcc70000)
  from space 448K, 0% used [0x00000007fdce0000,0x00000007fdce0000,0x00000007fdd50000)
  to   space 4352K, 0% used [0x00000007fd4d0000,0x00000007fd4d0000,0x00000007fd910000)
 ParOldGen       total 87424K, used 44209K [0x00000007c0000000, 0x00000007c5560000, 0x00000007eaab0000)
  object space 87424K, 50% used [0x00000007c0000000,0x00000007c2b2c780,0x00000007c5560000)
 PSPermGen       total 49728K, used 49451K [0x00000007bae00000, 0x00000007bde90000, 0x00000007c0000000)
  object space 49728K, 99% used [0x00000007bae00000,0x00000007bde4ad68,0x00000007bde90000)
}
Event: 16809.132 GC heap before
{Heap before GC invocations=419 (full 202):
 PSYoungGen      total 297152K, used 166868K [0x00000007eaab0000, 0x00000007fdd50000, 0x0000000800000000)
  eden space 296704K, 56% used [0x00000007eaab0000,0x00000007f4da5178,0x00000007fcc70000)
  from space 448K, 0% used [0x00000007fdce0000,0x00000007fdce0000,0x00000007fdd50000)
  to   space 4352K, 0% used [0x00000007fd4d0000,0x00000007fd4d0000,0x00000007fd910000)
 ParOldGen       total 87424K, used 44209K [0x00000007c0000000, 0x00000007c5560000, 0x00000007eaab0000)
  object space 87424K, 50% used [0x00000007c0000000,0x00000007c2b2c780,0x00000007c5560000)
 PSPermGen       total 49728K, used 49451K [0x00000007bae00000, 0x00000007bde90000, 0x00000007c0000000)
  object space 49728K, 99% used [0x00000007bae00000,0x00000007bde4ad68,0x00000007bde90000)
Event: 16809.138 GC heap after
Heap after GC invocations=419 (full 202):
 PSYoungGen      total 299328K, used 2623K [0x00000007eaab0000, 0x00000007fdcf0000, 0x0000000800000000)
  eden space 296704K, 0% used [0x00000007eaab0000,0x00000007eaab0000,0x00000007fcc70000)
  from space 2624K, 99% used [0x00000007fd4d0000,0x00000007fd75fe90,0x00000007fd760000)
  to   space 4544K, 0% used [0x00000007fd880000,0x00000007fd880000,0x00000007fdcf0000)
 ParOldGen       total 87424K, used 44209K [0x00000007c0000000, 0x00000007c5560000, 0x00000007eaab0000)
  object space 87424K, 50% used [0x00000007c0000000,0x00000007c2b2c780,0x00000007c5560000)
 PSPermGen       total 49728K, used 49451K [0x00000007bae00000, 0x00000007bde90000, 0x00000007c0000000)
  object space 49728K, 99% used [0x00000007bae00000,0x00000007bde4ad68,0x00000007bde90000)
}
Event: 16809.138 GC heap before
{Heap before GC invocations=420 (full 203):
 PSYoungGen      total 299328K, used 2623K [0x00000007eaab0000, 0x00000007fdcf0000, 0x0000000800000000)
  eden space 296704K, 0% used [0x00000007eaab0000,0x00000007eaab0000,0x00000007fcc70000)
  from space 2624K, 99% used [0x00000007fd4d0000,0x00000007fd75fe90,0x00000007fd760000)
  to   space 4544K, 0% used [0x00000007fd880000,0x00000007fd880000,0x00000007fdcf0000)
 ParOldGen       total 87424K, used 44209K [0x00000007c0000000, 0x00000007c5560000, 0x00000007eaab0000)
  object space 87424K, 50% used [0x00000007c0000000,0x00000007c2b2c780,0x00000007c5560000)
 PSPermGen       total 49728K, used 49451K [0x00000007bae00000, 0x00000007bde90000, 0x00000007c0000000)
  object space 49728K, 99% used [0x00000007bae00000,0x00000007bde4ad68,0x00000007bde90000)
Event: 16809.251 GC heap after
Heap after GC invocations=420 (full 203):
 PSYoungGen      total 299328K, used 0K [0x00000007eaab0000, 0x00000007fdcf0000, 0x0000000800000000)
  eden space 296704K, 0% used [0x00000007eaab0000,0x00000007eaab0000,0x00000007fcc70000)
  from space 2624K, 0% used [0x00000007fd4d0000,0x00000007fd4d0000,0x00000007fd760000)
  to   space 4544K, 0% used [0x00000007fd880000,0x00000007fd880000,0x00000007fdcf0000)
 ParOldGen       total 87424K, used 44234K [0x00000007c0000000, 0x00000007c5560000, 0x00000007eaab0000)
  object space 87424K, 50% used [0x00000007c0000000,0x00000007c2b32a18,0x00000007c5560000)
 PSPermGen       total 49728K, used 49451K [0x00000007bae00000, 0x00000007bde90000, 0x00000007c0000000)
  object space 49728K, 99% used [0x00000007bae00000,0x00000007bde4ad68,0x00000007bde90000)
}
Event: 16870.312 GC heap before
{Heap before GC invocations=421 (full 203):
 PSYoungGen      total 299328K, used 136221K [0x00000007eaab0000, 0x00000007fdcf0000, 0x0000000800000000)
  eden space 296704K, 45% used [0x00000007eaab0000,0x00000007f2fb74f0,0x00000007fcc70000)
  from space 2624K, 0% used [0x00000007fd4d0000,0x00000007fd4d0000,0x00000007fd760000)
  to   space 4544K, 0% used [0x00000007fd880000,0x00000007fd880000,0x00000007fdcf0000)
 ParOldGen       total 87424K, used 44234K [0x00000007c0000000, 0x00000007c5560000, 0x00000007eaab0000)
  object space 87424K, 50% used [0x00000007c0000000,0x00000007c2b32a18,0x00000007c5560000)
 PSPermGen       total 49728K, used 49451K [0x00000007bae00000, 0x00000007bde90000, 0x00000007c0000000)
  object space 49728K, 99% used [0x00000007bae00000,0x00000007bde4ad68,0x00000007bde90000)
Event: 16870.317 GC heap after
Heap after GC invocations=421 (full 203):
 PSYoungGen      total 299008K, used 2241K [0x00000007eaab0000, 0x00000007fdac0000, 0x0000000800000000)
  eden space 296704K, 0% used [0x00000007eaab0000,0x00000007eaab0000,0x00000007fcc70000)
  from space 2304K, 97% used [0x00000007fd880000,0x00000007fdab0700,0x00000007fdac0000)
  to   space 4544K, 0% used [0x00000007fd1e0000,0x00000007fd1e0000,0x00000007fd650000)
 ParOldGen       total 87424K, used 44234K [0x00000007c0000000, 0x00000007c5560000, 0x00000007eaab0000)
  object space 87424K, 50% used [0x00000007c0000000,0x00000007c2b32a18,0x00000007c5560000)
 PSPermGen       total 49728K, used 49451K [0x00000007bae00000, 0x00000007bde90000, 0x00000007c0000000)
  object space 49728K, 99% used [0x00000007bae00000,0x00000007bde4ad68,0x00000007bde90000)
}
Event: 16870.317 GC heap before
{Heap before GC invocations=422 (full 204):
 PSYoungGen      total 299008K, used 2241K [0x00000007eaab0000, 0x00000007fdac0000, 0x0000000800000000)
  eden space 296704K, 0% used [0x00000007eaab0000,0x00000007eaab0000,0x00000007fcc70000)
  from space 2304K, 97% used [0x00000007fd880000,0x00000007fdab0700,0x00000007fdac0000)
  to   space 4544K, 0% used [0x00000007fd1e0000,0x00000007fd1e0000,0x00000007fd650000)
 ParOldGen       total 87424K, used 44234K [0x00000007c0000000, 0x00000007c5560000, 0x00000007eaab0000)
  object space 87424K, 50% used [0x00000007c0000000,0x00000007c2b32a18,0x00000007c5560000)
 PSPermGen       total 49728K, used 49451K [0x00000007bae00000, 0x00000007bde90000, 0x00000007c0000000)
  object space 49728K, 99% used [0x00000007bae00000,0x00000007bde4ad68,0x00000007bde90000)
Event: 16870.426 GC heap after
Heap after GC invocations=422 (full 204):
 PSYoungGen      total 299008K, used 0K [0x00000007eaab0000, 0x00000007fdac0000, 0x0000000800000000)
  eden space 296704K, 0% used [0x00000007eaab0000,0x00000007eaab0000,0x00000007fcc70000)
  from space 2304K, 0% used [0x00000007fd880000,0x00000007fd880000,0x00000007fdac0000)
  to   space 4544K, 0% used [0x00000007fd1e0000,0x00000007fd1e0000,0x00000007fd650000)
 ParOldGen       total 87424K, used 44318K [0x00000007c0000000, 0x00000007c5560000, 0x00000007eaab0000)
  object space 87424K, 50% used [0x00000007c0000000,0x00000007c2b47ad8,0x00000007c5560000)
 PSPermGen       total 49728K, used 49451K [0x00000007bae00000, 0x00000007bde90000, 0x00000007c0000000)
  object space 49728K, 99% used [0x00000007bae00000,0x00000007bde4ad68,0x00000007bde90000)
}

