# JRE version: 7.0_25-b15
# Java VM: Java HotSpot(TM) 64-Bit Server VM (23.25-b01 mixed mode bsd-amd64 compressed oops)
Heap
 PSYoungGen      total 272576K, used 191714K [0x00000007eaab0000, 0x00000007fba40000, 0x0000000800000000)
  eden space 270656K, 70% used [0x00000007eaab0000,0x00000007f65e8be8,0x00000007fb300000)
  from space 1920K, 0% used [0x00000007fb300000,0x00000007fb300000,0x00000007fb4e0000)
  to   space 3712K, 0% used [0x00000007fb6a0000,0x00000007fb6a0000,0x00000007fba40000)
 ParOldGen       total 87424K, used 43272K [0x00000007c0000000, 0x00000007c5560000, 0x00000007eaab0000)
  object space 87424K, 49% used [0x00000007c0000000,0x00000007c2a42268,0x00000007c5560000)
 PSPermGen       total 49728K, used 49668K [0x00000007bae00000, 0x00000007bde90000, 0x00000007c0000000)
  object space 49728K, 99% used [0x00000007bae00000,0x00000007bde81150,0x00000007bde90000)
GC Heap History (10 events):
Event: 11999.033 GC heap before
{Heap before GC invocations=358 (full 171):
 PSYoungGen      total 274624K, used 1906K [0x00000007eaab0000, 0x00000007fbbc0000, 0x0000000800000000)
  eden space 270656K, 0% used [0x00000007eaab0000,0x00000007eaab0000,0x00000007fb300000)
  from space 3968K, 48% used [0x00000007fb410000,0x00000007fb5ecb98,0x00000007fb7f0000)
  to   space 3904K, 0% used [0x00000007fb7f0000,0x00000007fb7f0000,0x00000007fbbc0000)
 ParOldGen       total 87424K, used 43077K [0x00000007c0000000, 0x00000007c5560000, 0x00000007eaab0000)
  object space 87424K, 49% used [0x00000007c0000000,0x00000007c2a11738,0x00000007c5560000)
 PSPermGen       total 49728K, used 49664K [0x00000007bae00000, 0x00000007bde90000, 0x00000007c0000000)
  object space 49728K, 99% used [0x00000007bae00000,0x00000007bde80100,0x00000007bde90000)
Event: 11999.144 GC heap after
Heap after GC invocations=358 (full 171):
 PSYoungGen      total 274624K, used 0K [0x00000007eaab0000, 0x00000007fbbc0000, 0x0000000800000000)
  eden space 270656K, 0% used [0x00000007eaab0000,0x00000007eaab0000,0x00000007fb300000)
  from space 3968K, 0% used [0x00000007fb410000,0x00000007fb410000,0x00000007fb7f0000)
  to   space 3904K, 0% used [0x00000007fb7f0000,0x00000007fb7f0000,0x00000007fbbc0000)
 ParOldGen       total 87424K, used 43200K [0x00000007c0000000, 0x00000007c5560000, 0x00000007eaab0000)
  object space 87424K, 49% used [0x00000007c0000000,0x00000007c2a30020,0x00000007c5560000)
 PSPermGen       total 49728K, used 49664K [0x00000007bae00000, 0x00000007bde90000, 0x00000007c0000000)
  object space 49728K, 99% used [0x00000007bae00000,0x00000007bde80100,0x00000007bde90000)
}
Event: 12073.918 GC heap before
{Heap before GC invocations=359 (full 171):
 PSYoungGen      total 274624K, used 197841K [0x00000007eaab0000, 0x00000007fbbc0000, 0x0000000800000000)
  eden space 270656K, 73% used [0x00000007eaab0000,0x00000007f6be4768,0x00000007fb300000)
  from space 3968K, 0% used [0x00000007fb410000,0x00000007fb410000,0x00000007fb7f0000)
  to   space 3904K, 0% used [0x00000007fb7f0000,0x00000007fb7f0000,0x00000007fbbc0000)
 ParOldGen       total 87424K, used 43200K [0x00000007c0000000, 0x00000007c5560000, 0x00000007eaab0000)
  object space 87424K, 49% used [0x00000007c0000000,0x00000007c2a30020,0x00000007c5560000)
 PSPermGen       total 49728K, used 49666K [0x00000007bae00000, 0x00000007bde90000, 0x00000007c0000000)
  object space 49728K, 99% used [0x00000007bae00000,0x00000007bde808b0,0x00000007bde90000)
Event: 12073.921 GC heap after
Heap after GC invocations=359 (full 171):
 PSYoungGen      total 273280K, used 1920K [0x00000007eaab0000, 0x00000007fba80000, 0x0000000800000000)
  eden space 270656K, 0% used [0x00000007eaab0000,0x00000007eaab0000,0x00000007fb300000)
  from space 2624K, 73% used [0x00000007fb7f0000,0x00000007fb9d03a0,0x00000007fba80000)
  to   space 3840K, 0% used [0x00000007fb300000,0x00000007fb300000,0x00000007fb6c0000)
 ParOldGen       total 87424K, used 43200K [0x00000007c0000000, 0x00000007c5560000, 0x00000007eaab0000)
  object space 87424K, 49% used [0x00000007c0000000,0x00000007c2a30020,0x00000007c5560000)
 PSPermGen       total 49728K, used 49666K [0x00000007bae00000, 0x00000007bde90000, 0x00000007c0000000)
  object space 49728K, 99% used [0x00000007bae00000,0x00000007bde808b0,0x00000007bde90000)
}
Event: 12073.921 GC heap before
{Heap before GC invocations=360 (full 172):
 PSYoungGen      total 273280K, used 1920K [0x00000007eaab0000, 0x00000007fba80000, 0x0000000800000000)
  eden space 270656K, 0% used [0x00000007eaab0000,0x00000007eaab0000,0x00000007fb300000)
  from space 2624K, 73% used [0x00000007fb7f0000,0x00000007fb9d03a0,0x00000007fba80000)
  to   space 3840K, 0% used [0x00000007fb300000,0x00000007fb300000,0x00000007fb6c0000)
 ParOldGen       total 87424K, used 43200K [0x00000007c0000000, 0x00000007c5560000, 0x00000007eaab0000)
  object space 87424K, 49% used [0x00000007c0000000,0x00000007c2a30020,0x00000007c5560000)
 PSPermGen       total 49728K, used 49666K [0x00000007bae00000, 0x00000007bde90000, 0x00000007c0000000)
  object space 49728K, 99% used [0x00000007bae00000,0x00000007bde808b0,0x00000007bde90000)
Event: 12074.032 GC heap after
Heap after GC invocations=360 (full 172):
 PSYoungGen      total 273280K, used 0K [0x00000007eaab0000, 0x00000007fba80000, 0x0000000800000000)
  eden space 270656K, 0% used [0x00000007eaab0000,0x00000007eaab0000,0x00000007fb300000)
  from space 2624K, 0% used [0x00000007fb7f0000,0x00000007fb7f0000,0x00000007fba80000)
  to   space 3840K, 0% used [0x00000007fb300000,0x00000007fb300000,0x00000007fb6c0000)
 ParOldGen       total 87424K, used 43280K [0x00000007c0000000, 0x00000007c5560000, 0x00000007eaab0000)
  object space 87424K, 49% used [0x00000007c0000000,0x00000007c2a44030,0x00000007c5560000)
 PSPermGen       total 49728K, used 49666K [0x00000007bae00000, 0x00000007bde90000, 0x00000007c0000000)
  object space 49728K, 99% used [0x00000007bae00000,0x00000007bde808b0,0x00000007bde90000)
}
Event: 12133.921 GC heap before
{Heap before GC invocations=361 (full 172):
 PSYoungGen      total 273280K, used 134926K [0x00000007eaab0000, 0x00000007fba80000, 0x0000000800000000)
  eden space 270656K, 49% used [0x00000007eaab0000,0x00000007f2e73938,0x00000007fb300000)
  from space 2624K, 0% used [0x00000007fb7f0000,0x00000007fb7f0000,0x00000007fba80000)
  to   space 3840K, 0% used [0x00000007fb300000,0x00000007fb300000,0x00000007fb6c0000)
 ParOldGen       total 87424K, used 43280K [0x00000007c0000000, 0x00000007c5560000, 0x00000007eaab0000)
  object space 87424K, 49% used [0x00000007c0000000,0x00000007c2a44030,0x00000007c5560000)
 PSPermGen       total 49728K, used 49667K [0x00000007bae00000, 0x00000007bde90000, 0x00000007c0000000)
  object space 49728K, 99% used [0x00000007bae00000,0x00000007bde80d88,0x00000007bde90000)
Event: 12133.925 GC heap after
Heap after GC invocations=361 (full 172):
 PSYoungGen      total 272576K, used 1874K [0x00000007eaab0000, 0x00000007fba40000, 0x0000000800000000)
  eden space 270656K, 0% used [0x00000007eaab0000,0x00000007eaab0000,0x00000007fb300000)
  from space 1920K, 97% used [0x00000007fb300000,0x00000007fb4d4b98,0x00000007fb4e0000)
  to   space 3712K, 0% used [0x00000007fb6a0000,0x00000007fb6a0000,0x00000007fba40000)
 ParOldGen       total 87424K, used 43280K [0x00000007c0000000, 0x00000007c5560000, 0x00000007eaab0000)
  object space 87424K, 49% used [0x00000007c0000000,0x00000007c2a44030,0x00000007c5560000)
 PSPermGen       total 49728K, used 49667K [0x00000007bae00000, 0x00000007bde90000, 0x00000007c0000000)
  object space 49728K, 99% used [0x00000007bae00000,0x00000007bde80d88,0x00000007bde90000)
}
Event: 12133.925 GC heap before
{Heap before GC invocations=362 (full 173):
 PSYoungGen      total 272576K, used 1874K [0x00000007eaab0000, 0x00000007fba40000, 0x0000000800000000)
  eden space 270656K, 0% used [0x00000007eaab0000,0x00000007eaab0000,0x00000007fb300000)
  from space 1920K, 97% used [0x00000007fb300000,0x00000007fb4d4b98,0x00000007fb4e0000)
  to   space 3712K, 0% used [0x00000007fb6a0000,0x00000007fb6a0000,0x00000007fba40000)
 ParOldGen       total 87424K, used 43280K [0x00000007c0000000, 0x00000007c5560000, 0x00000007eaab0000)
  object space 87424K, 49% used [0x00000007c0000000,0x00000007c2a44030,0x00000007c5560000)
 PSPermGen       total 49728K, used 49667K [0x00000007bae00000, 0x00000007bde90000, 0x00000007c0000000)
  object space 49728K, 99% used [0x00000007bae00000,0x00000007bde80d88,0x00000007bde90000)
Event: 12134.038 GC heap after
Heap after GC invocations=362 (full 173):
 PSYoungGen      total 272576K, used 0K [0x00000007eaab0000, 0x00000007fba40000, 0x0000000800000000)
  eden space 270656K, 0% used [0x00000007eaab0000,0x00000007eaab0000,0x00000007fb300000)
  from space 1920K, 0% used [0x00000007fb300000,0x00000007fb300000,0x00000007fb4e0000)
  to   space 3712K, 0% used [0x00000007fb6a0000,0x00000007fb6a0000,0x00000007fba40000)
 ParOldGen       total 87424K, used 43272K [0x00000007c0000000, 0x00000007c5560000, 0x00000007eaab0000)
  object space 87424K, 49% used [0x00000007c0000000,0x00000007c2a42268,0x00000007c5560000)
 PSPermGen       total 49728K, used 49667K [0x00000007bae00000, 0x00000007bde90000, 0x00000007c0000000)
  object space 49728K, 99% used [0x00000007bae00000,0x00000007bde80d88,0x00000007bde90000)
}

