# JRE version: 7.0_25-b15
# Java VM: Java HotSpot(TM) 64-Bit Server VM (23.25-b01 mixed mode bsd-amd64 compressed oops)
Heap
 PSYoungGen      total 239168K, used 236799K [0x00000007eaab0000, 0x00000007fe160000, 0x0000000800000000)
  eden space 236928K, 99% used [0x00000007eaab0000,0x00000007f91efcd0,0x00000007f9210000)
  from space 2240K, 0% used [0x00000007fdd50000,0x00000007fdd50000,0x00000007fdf80000)
  to   space 1920K, 0% used [0x00000007fdf80000,0x00000007fdf80000,0x00000007fe160000)
 ParOldGen       total 87424K, used 43411K [0x00000007c0000000, 0x00000007c5560000, 0x00000007eaab0000)
  object space 87424K, 49% used [0x00000007c0000000,0x00000007c2a64db0,0x00000007c5560000)
 PSPermGen       total 49920K, used 49647K [0x00000007bae00000, 0x00000007bdec0000, 0x00000007c0000000)
  object space 49920K, 99% used [0x00000007bae00000,0x00000007bde7bc50,0x00000007bdec0000)
GC Heap History (10 events):
Event: 9311.374 GC heap before
{Heap before GC invocations=307 (full 144):
 PSYoungGen      total 250048K, used 153650K [0x00000007eaab0000, 0x00000007fe560000, 0x0000000800000000)
  eden space 247872K, 61% used [0x00000007eaab0000,0x00000007f3ea1840,0x00000007f9cc0000)
  from space 2176K, 99% used [0x00000007fe340000,0x00000007fe55b3b0,0x00000007fe560000)
  to   space 3136K, 0% used [0x00000007fdf40000,0x00000007fdf40000,0x00000007fe250000)
 ParOldGen       total 87424K, used 43194K [0x00000007c0000000, 0x00000007c5560000, 0x00000007eaab0000)
  object space 87424K, 49% used [0x00000007c0000000,0x00000007c2a2e948,0x00000007c5560000)
 PSPermGen       total 49920K, used 49641K [0x00000007bae00000, 0x00000007bdec0000, 0x00000007c0000000)
  object space 49920K, 99% used [0x00000007bae00000,0x00000007bde7a4f0,0x00000007bdec0000)
Event: 9311.378 GC heap after
Heap after GC invocations=307 (full 144):
 PSYoungGen      total 249984K, used 2099K [0x00000007eaab0000, 0x00000007fe350000, 0x0000000800000000)
  eden space 247872K, 0% used [0x00000007eaab0000,0x00000007eaab0000,0x00000007f9cc0000)
  from space 2112K, 99% used [0x00000007fdf40000,0x00000007fe14ceb8,0x00000007fe150000)
  to   space 2048K, 0% used [0x00000007fe150000,0x00000007fe150000,0x00000007fe350000)
 ParOldGen       total 87424K, used 43474K [0x00000007c0000000, 0x00000007c5560000, 0x00000007eaab0000)
  object space 87424K, 49% used [0x00000007c0000000,0x00000007c2a74948,0x00000007c5560000)
 PSPermGen       total 49920K, used 49641K [0x00000007bae00000, 0x00000007bdec0000, 0x00000007c0000000)
  object space 49920K, 99% used [0x00000007bae00000,0x00000007bde7a4f0,0x00000007bdec0000)
}
Event: 9311.378 GC heap before
{Heap before GC invocations=308 (full 145):
 PSYoungGen      total 249984K, used 2099K [0x00000007eaab0000, 0x00000007fe350000, 0x0000000800000000)
  eden space 247872K, 0% used [0x00000007eaab0000,0x00000007eaab0000,0x00000007f9cc0000)
  from space 2112K, 99% used [0x00000007fdf40000,0x00000007fe14ceb8,0x00000007fe150000)
  to   space 2048K, 0% used [0x00000007fe150000,0x00000007fe150000,0x00000007fe350000)
 ParOldGen       total 87424K, used 43474K [0x00000007c0000000, 0x00000007c5560000, 0x00000007eaab0000)
  object space 87424K, 49% used [0x00000007c0000000,0x00000007c2a74948,0x00000007c5560000)
 PSPermGen       total 49920K, used 49641K [0x00000007bae00000, 0x00000007bdec0000, 0x00000007c0000000)
  object space 49920K, 99% used [0x00000007bae00000,0x00000007bde7a4f0,0x00000007bdec0000)
Event: 9311.490 GC heap after
Heap after GC invocations=308 (full 145):
 PSYoungGen      total 249984K, used 0K [0x00000007eaab0000, 0x00000007fe350000, 0x0000000800000000)
  eden space 247872K, 0% used [0x00000007eaab0000,0x00000007eaab0000,0x00000007f9cc0000)
  from space 2112K, 0% used [0x00000007fdf40000,0x00000007fdf40000,0x00000007fe150000)
  to   space 2048K, 0% used [0x00000007fe150000,0x00000007fe150000,0x00000007fe350000)
 ParOldGen       total 87424K, used 43133K [0x00000007c0000000, 0x00000007c5560000, 0x00000007eaab0000)
  object space 87424K, 49% used [0x00000007c0000000,0x00000007c2a1f518,0x00000007c5560000)
 PSPermGen       total 49920K, used 49641K [0x00000007bae00000, 0x00000007bdec0000, 0x00000007c0000000)
  object space 49920K, 99% used [0x00000007bae00000,0x00000007bde7a4f0,0x00000007bdec0000)
}
Event: 9353.228 GC heap before
{Heap before GC invocations=309 (full 145):
 PSYoungGen      total 249984K, used 247872K [0x00000007eaab0000, 0x00000007fe350000, 0x0000000800000000)
  eden space 247872K, 100% used [0x00000007eaab0000,0x00000007f9cc0000,0x00000007f9cc0000)
  from space 2112K, 0% used [0x00000007fdf40000,0x00000007fdf40000,0x00000007fe150000)
  to   space 2048K, 0% used [0x00000007fe150000,0x00000007fe150000,0x00000007fe350000)
 ParOldGen       total 87424K, used 43133K [0x00000007c0000000, 0x00000007c5560000, 0x00000007eaab0000)
  object space 87424K, 49% used [0x00000007c0000000,0x00000007c2a1f518,0x00000007c5560000)
 PSPermGen       total 49920K, used 49641K [0x00000007bae00000, 0x00000007bdec0000, 0x00000007c0000000)
  object space 49920K, 99% used [0x00000007bae00000,0x00000007bde7a6e8,0x00000007bdec0000)
Event: 9353.232 GC heap after
Heap after GC invocations=309 (full 145):
 PSYoungGen      total 238976K, used 2035K [0x00000007eaab0000, 0x00000007fe350000, 0x0000000800000000)
  eden space 236928K, 0% used [0x00000007eaab0000,0x00000007eaab0000,0x00000007f9210000)
  from space 2048K, 99% used [0x00000007fe150000,0x00000007fe34cc28,0x00000007fe350000)
  to   space 3072K, 0% used [0x00000007fdd50000,0x00000007fdd50000,0x00000007fe050000)
 ParOldGen       total 87424K, used 43477K [0x00000007c0000000, 0x00000007c5560000, 0x00000007eaab0000)
  object space 87424K, 49% used [0x00000007c0000000,0x00000007c2a75518,0x00000007c5560000)
 PSPermGen       total 49920K, used 49641K [0x00000007bae00000, 0x00000007bdec0000, 0x00000007c0000000)
  object space 49920K, 99% used [0x00000007bae00000,0x00000007bde7a6e8,0x00000007bdec0000)
}
Event: 9376.325 GC heap before
{Heap before GC invocations=310 (full 145):
 PSYoungGen      total 238976K, used 190026K [0x00000007eaab0000, 0x00000007fe350000, 0x0000000800000000)
  eden space 236928K, 79% used [0x00000007eaab0000,0x00000007f6245c98,0x00000007f9210000)
  from space 2048K, 99% used [0x00000007fe150000,0x00000007fe34cc28,0x00000007fe350000)
  to   space 3072K, 0% used [0x00000007fdd50000,0x00000007fdd50000,0x00000007fe050000)
 ParOldGen       total 87424K, used 43477K [0x00000007c0000000, 0x00000007c5560000, 0x00000007eaab0000)
  object space 87424K, 49% used [0x00000007c0000000,0x00000007c2a75518,0x00000007c5560000)
 PSPermGen       total 49920K, used 49642K [0x00000007bae00000, 0x00000007bdec0000, 0x00000007c0000000)
  object space 49920K, 99% used [0x00000007bae00000,0x00000007bde7aab8,0x00000007bdec0000)
Event: 9376.330 GC heap after
Heap after GC invocations=310 (full 145):
 PSYoungGen      total 239168K, used 2208K [0x00000007eaab0000, 0x00000007fe160000, 0x0000000800000000)
  eden space 236928K, 0% used [0x00000007eaab0000,0x00000007eaab0000,0x00000007f9210000)
  from space 2240K, 98% used [0x00000007fdd50000,0x00000007fdf78010,0x00000007fdf80000)
  to   space 1920K, 0% used [0x00000007fdf80000,0x00000007fdf80000,0x00000007fe160000)
 ParOldGen       total 87424K, used 44040K [0x00000007c0000000, 0x00000007c5560000, 0x00000007eaab0000)
  object space 87424K, 50% used [0x00000007c0000000,0x00000007c2b02130,0x00000007c5560000)
 PSPermGen       total 49920K, used 49642K [0x00000007bae00000, 0x00000007bdec0000, 0x00000007c0000000)
  object space 49920K, 99% used [0x00000007bae00000,0x00000007bde7aab8,0x00000007bdec0000)
}
Event: 9376.330 GC heap before
{Heap before GC invocations=311 (full 146):
 PSYoungGen      total 239168K, used 2208K [0x00000007eaab0000, 0x00000007fe160000, 0x0000000800000000)
  eden space 236928K, 0% used [0x00000007eaab0000,0x00000007eaab0000,0x00000007f9210000)
  from space 2240K, 98% used [0x00000007fdd50000,0x00000007fdf78010,0x00000007fdf80000)
  to   space 1920K, 0% used [0x00000007fdf80000,0x00000007fdf80000,0x00000007fe160000)
 ParOldGen       total 87424K, used 44040K [0x00000007c0000000, 0x00000007c5560000, 0x00000007eaab0000)
  object space 87424K, 50% used [0x00000007c0000000,0x00000007c2b02130,0x00000007c5560000)
 PSPermGen       total 49920K, used 49642K [0x00000007bae00000, 0x00000007bdec0000, 0x00000007c0000000)
  object space 49920K, 99% used [0x00000007bae00000,0x00000007bde7aab8,0x00000007bdec0000)
Event: 9376.446 GC heap after
Heap after GC invocations=311 (full 146):
 PSYoungGen      total 239168K, used 0K [0x00000007eaab0000, 0x00000007fe160000, 0x0000000800000000)
  eden space 236928K, 0% used [0x00000007eaab0000,0x00000007eaab0000,0x00000007f9210000)
  from space 2240K, 0% used [0x00000007fdd50000,0x00000007fdd50000,0x00000007fdf80000)
  to   space 1920K, 0% used [0x00000007fdf80000,0x00000007fdf80000,0x00000007fe160000)
 ParOldGen       total 87424K, used 43411K [0x00000007c0000000, 0x00000007c5560000, 0x00000007eaab0000)
  object space 87424K, 49% used [0x00000007c0000000,0x00000007c2a64db0,0x00000007c5560000)
 PSPermGen       total 49920K, used 49642K [0x00000007bae00000, 0x00000007bdec0000, 0x00000007c0000000)
  object space 49920K, 99% used [0x00000007bae00000,0x00000007bde7aa98,0x00000007bdec0000)
}

