# JRE version: 7.0_25-b15
# Java VM: Java HotSpot(TM) 64-Bit Server VM (23.25-b01 mixed mode bsd-amd64 compressed oops)
Heap
 PSYoungGen      total 205696K, used 95594K [0x00000007eaab0000, 0x00000007fb700000, 0x0000000800000000)
  eden space 202688K, 45% used [0x00000007eaab0000,0x00000007f051a888,0x00000007f70a0000)
  from space 3008K, 99% used [0x00000007fb1c0000,0x00000007fb4afff0,0x00000007fb4b0000)
  to   space 2368K, 0% used [0x00000007fb4b0000,0x00000007fb4b0000,0x00000007fb700000)
 ParOldGen       total 87424K, used 40188K [0x00000007c0000000, 0x00000007c5560000, 0x00000007eaab0000)
  object space 87424K, 45% used [0x00000007c0000000,0x00000007c273f100,0x00000007c5560000)
 PSPermGen       total 49280K, used 49193K [0x00000007bae00000, 0x00000007bde20000, 0x00000007c0000000)
  object space 49280K, 99% used [0x00000007bae00000,0x00000007bde0a728,0x00000007bde20000)
GC Heap History (10 events):
Event: 5234.609 GC heap before
{Heap before GC invocations=168 (full 73):
 PSYoungGen      total 214400K, used 57738K [0x00000007eaab0000, 0x00000007fbd10000, 0x0000000800000000)
  eden space 211840K, 27% used [0x00000007eaab0000,0x00000007ee312980,0x00000007f7990000)
  from space 2560K, 0% used [0x00000007fba90000,0x00000007fba90000,0x00000007fbd10000)
  to   space 3584K, 0% used [0x00000007fb610000,0x00000007fb610000,0x00000007fb990000)
 ParOldGen       total 87424K, used 40428K [0x00000007c0000000, 0x00000007c5560000, 0x00000007eaab0000)
  object space 87424K, 46% used [0x00000007c0000000,0x00000007c277b020,0x00000007c5560000)
 PSPermGen       total 49344K, used 49190K [0x00000007bae00000, 0x00000007bde30000, 0x00000007c0000000)
  object space 49344K, 99% used [0x00000007bae00000,0x00000007bde09808,0x00000007bde30000)
Event: 5234.613 GC heap after
Heap after GC invocations=168 (full 73):
 PSYoungGen      total 212096K, used 224K [0x00000007eaab0000, 0x00000007fbaa0000, 0x0000000800000000)
  eden space 211840K, 0% used [0x00000007eaab0000,0x00000007eaab0000,0x00000007f7990000)
  from space 256K, 87% used [0x00000007fb610000,0x00000007fb648000,0x00000007fb650000)
  to   space 3776K, 0% used [0x00000007fb6f0000,0x00000007fb6f0000,0x00000007fbaa0000)
 ParOldGen       total 87424K, used 40428K [0x00000007c0000000, 0x00000007c5560000, 0x00000007eaab0000)
  object space 87424K, 46% used [0x00000007c0000000,0x00000007c277b020,0x00000007c5560000)
 PSPermGen       total 49344K, used 49190K [0x00000007bae00000, 0x00000007bde30000, 0x00000007c0000000)
  object space 49344K, 99% used [0x00000007bae00000,0x00000007bde09808,0x00000007bde30000)
}
Event: 5234.613 GC heap before
{Heap before GC invocations=169 (full 74):
 PSYoungGen      total 212096K, used 224K [0x00000007eaab0000, 0x00000007fbaa0000, 0x0000000800000000)
  eden space 211840K, 0% used [0x00000007eaab0000,0x00000007eaab0000,0x00000007f7990000)
  from space 256K, 87% used [0x00000007fb610000,0x00000007fb648000,0x00000007fb650000)
  to   space 3776K, 0% used [0x00000007fb6f0000,0x00000007fb6f0000,0x00000007fbaa0000)
 ParOldGen       total 87424K, used 40428K [0x00000007c0000000, 0x00000007c5560000, 0x00000007eaab0000)
  object space 87424K, 46% used [0x00000007c0000000,0x00000007c277b020,0x00000007c5560000)
 PSPermGen       total 49344K, used 49190K [0x00000007bae00000, 0x00000007bde30000, 0x00000007c0000000)
  object space 49344K, 99% used [0x00000007bae00000,0x00000007bde09808,0x00000007bde30000)
Event: 5234.720 GC heap after
Heap after GC invocations=169 (full 74):
 PSYoungGen      total 212096K, used 0K [0x00000007eaab0000, 0x00000007fbaa0000, 0x0000000800000000)
  eden space 211840K, 0% used [0x00000007eaab0000,0x00000007eaab0000,0x00000007f7990000)
  from space 256K, 0% used [0x00000007fb610000,0x00000007fb610000,0x00000007fb650000)
  to   space 3776K, 0% used [0x00000007fb6f0000,0x00000007fb6f0000,0x00000007fbaa0000)
 ParOldGen       total 87424K, used 40202K [0x00000007c0000000, 0x00000007c5560000, 0x00000007eaab0000)
  object space 87424K, 45% used [0x00000007c0000000,0x00000007c2742af0,0x00000007c5560000)
 PSPermGen       total 49344K, used 49190K [0x00000007bae00000, 0x00000007bde30000, 0x00000007c0000000)
  object space 49344K, 99% used [0x00000007bae00000,0x00000007bde09808,0x00000007bde30000)
}
Event: 5307.626 GC heap before
{Heap before GC invocations=170 (full 74):
 PSYoungGen      total 212096K, used 75722K [0x00000007eaab0000, 0x00000007fbaa0000, 0x0000000800000000)
  eden space 211840K, 35% used [0x00000007eaab0000,0x00000007ef4a2be0,0x00000007f7990000)
  from space 256K, 0% used [0x00000007fb610000,0x00000007fb610000,0x00000007fb650000)
  to   space 3776K, 0% used [0x00000007fb6f0000,0x00000007fb6f0000,0x00000007fbaa0000)
 ParOldGen       total 87424K, used 40202K [0x00000007c0000000, 0x00000007c5560000, 0x00000007eaab0000)
  object space 87424K, 45% used [0x00000007c0000000,0x00000007c2742af0,0x00000007c5560000)
 PSPermGen       total 49344K, used 49191K [0x00000007bae00000, 0x00000007bde30000, 0x00000007c0000000)
  object space 49344K, 99% used [0x00000007bae00000,0x00000007bde09ee0,0x00000007bde30000)
Event: 5307.630 GC heap after
Heap after GC invocations=170 (full 74):
 PSYoungGen      total 213696K, used 1811K [0x00000007eaab0000, 0x00000007fb8c0000, 0x0000000800000000)
  eden space 211840K, 0% used [0x00000007eaab0000,0x00000007eaab0000,0x00000007f7990000)
  from space 1856K, 97% used [0x00000007fb6f0000,0x00000007fb8b4f20,0x00000007fb8c0000)
  to   space 3584K, 0% used [0x00000007fb1c0000,0x00000007fb1c0000,0x00000007fb540000)
 ParOldGen       total 87424K, used 40202K [0x00000007c0000000, 0x00000007c5560000, 0x00000007eaab0000)
  object space 87424K, 45% used [0x00000007c0000000,0x00000007c2742af0,0x00000007c5560000)
 PSPermGen       total 49344K, used 49191K [0x00000007bae00000, 0x00000007bde30000, 0x00000007c0000000)
  object space 49344K, 99% used [0x00000007bae00000,0x00000007bde09ee0,0x00000007bde30000)
}
Event: 5307.630 GC heap before
{Heap before GC invocations=171 (full 75):
 PSYoungGen      total 213696K, used 1811K [0x00000007eaab0000, 0x00000007fb8c0000, 0x0000000800000000)
  eden space 211840K, 0% used [0x00000007eaab0000,0x00000007eaab0000,0x00000007f7990000)
  from space 1856K, 97% used [0x00000007fb6f0000,0x00000007fb8b4f20,0x00000007fb8c0000)
  to   space 3584K, 0% used [0x00000007fb1c0000,0x00000007fb1c0000,0x00000007fb540000)
 ParOldGen       total 87424K, used 40202K [0x00000007c0000000, 0x00000007c5560000, 0x00000007eaab0000)
  object space 87424K, 45% used [0x00000007c0000000,0x00000007c2742af0,0x00000007c5560000)
 PSPermGen       total 49344K, used 49191K [0x00000007bae00000, 0x00000007bde30000, 0x00000007c0000000)
  object space 49344K, 99% used [0x00000007bae00000,0x00000007bde09ee0,0x00000007bde30000)
Event: 5307.734 GC heap after
Heap after GC invocations=171 (full 75):
 PSYoungGen      total 213696K, used 0K [0x00000007eaab0000, 0x00000007fb8c0000, 0x0000000800000000)
  eden space 211840K, 0% used [0x00000007eaab0000,0x00000007eaab0000,0x00000007f7990000)
  from space 1856K, 0% used [0x00000007fb6f0000,0x00000007fb6f0000,0x00000007fb8c0000)
  to   space 3584K, 0% used [0x00000007fb1c0000,0x00000007fb1c0000,0x00000007fb540000)
 ParOldGen       total 87424K, used 40188K [0x00000007c0000000, 0x00000007c5560000, 0x00000007eaab0000)
  object space 87424K, 45% used [0x00000007c0000000,0x00000007c273f100,0x00000007c5560000)
 PSPermGen       total 49280K, used 49191K [0x00000007bae00000, 0x00000007bde20000, 0x00000007c0000000)
  object space 49280K, 99% used [0x00000007bae00000,0x00000007bde09ee0,0x00000007bde20000)
}
Event: 5340.008 GC heap before
{Heap before GC invocations=172 (full 75):
 PSYoungGen      total 213696K, used 211840K [0x00000007eaab0000, 0x00000007fb8c0000, 0x0000000800000000)
  eden space 211840K, 100% used [0x00000007eaab0000,0x00000007f7990000,0x00000007f7990000)
  from space 1856K, 0% used [0x00000007fb6f0000,0x00000007fb6f0000,0x00000007fb8c0000)
  to   space 3584K, 0% used [0x00000007fb1c0000,0x00000007fb1c0000,0x00000007fb540000)
 ParOldGen       total 87424K, used 40188K [0x00000007c0000000, 0x00000007c5560000, 0x00000007eaab0000)
  object space 87424K, 45% used [0x00000007c0000000,0x00000007c273f100,0x00000007c5560000)
 PSPermGen       total 49280K, used 49192K [0x00000007bae00000, 0x00000007bde20000, 0x00000007c0000000)
  object space 49280K, 99% used [0x00000007bae00000,0x00000007bde0a138,0x00000007bde20000)
Event: 5340.012 GC heap after
Heap after GC invocations=172 (full 75):
 PSYoungGen      total 205696K, used 3007K [0x00000007eaab0000, 0x00000007fb700000, 0x0000000800000000)
  eden space 202688K, 0% used [0x00000007eaab0000,0x00000007eaab0000,0x00000007f70a0000)
  from space 3008K, 99% used [0x00000007fb1c0000,0x00000007fb4afff0,0x00000007fb4b0000)
  to   space 2368K, 0% used [0x00000007fb4b0000,0x00000007fb4b0000,0x00000007fb700000)
 ParOldGen       total 87424K, used 40188K [0x00000007c0000000, 0x00000007c5560000, 0x00000007eaab0000)
  object space 87424K, 45% used [0x00000007c0000000,0x00000007c273f100,0x00000007c5560000)
 PSPermGen       total 49280K, used 49192K [0x00000007bae00000, 0x00000007bde20000, 0x00000007c0000000)
  object space 49280K, 99% used [0x00000007bae00000,0x00000007bde0a138,0x00000007bde20000)
}

