# JRE version: 7.0_25-b15
# Java VM: Java HotSpot(TM) 64-Bit Server VM (23.25-b01 mixed mode bsd-amd64 compressed oops)
Heap
 PSYoungGen      total 249792K, used 137995K [0x00000007eaab0000, 0x00000007fa3d0000, 0x0000000800000000)
  eden space 244992K, 56% used [0x00000007eaab0000,0x00000007f3172da0,0x00000007f99f0000)
  from space 4800K, 0% used [0x00000007f9f20000,0x00000007f9f20000,0x00000007fa3d0000)
  to   space 5056K, 0% used [0x00000007f99f0000,0x00000007f99f0000,0x00000007f9ee0000)
 ParOldGen       total 87424K, used 41810K [0x00000007c0000000, 0x00000007c5560000, 0x00000007eaab0000)
  object space 87424K, 47% used [0x00000007c0000000,0x00000007c28d49a0,0x00000007c5560000)
 PSPermGen       total 49216K, used 48882K [0x00000007bae00000, 0x00000007bde10000, 0x00000007c0000000)
  object space 49216K, 99% used [0x00000007bae00000,0x00000007bddbcbb0,0x00000007bde10000)
GC Heap History (10 events):
Event: 2937.029 GC heap before
{Heap before GC invocations=100 (full 46):
 PSYoungGen      total 250176K, used 2540K [0x00000007eaab0000, 0x00000007fa410000, 0x0000000800000000)
  eden space 244992K, 0% used [0x00000007eaab0000,0x00000007eaab0000,0x00000007f99f0000)
  from space 5184K, 49% used [0x00000007f9f00000,0x00000007fa17b220,0x00000007fa410000)
  to   space 5184K, 0% used [0x00000007f99f0000,0x00000007f99f0000,0x00000007f9f00000)
 ParOldGen       total 87424K, used 39786K [0x00000007c0000000, 0x00000007c5560000, 0x00000007eaab0000)
  object space 87424K, 45% used [0x00000007c0000000,0x00000007c26da918,0x00000007c5560000)
 PSPermGen       total 49216K, used 48848K [0x00000007bae00000, 0x00000007bde10000, 0x00000007c0000000)
  object space 49216K, 99% used [0x00000007bae00000,0x00000007bddb40d0,0x00000007bde10000)
Event: 2937.143 GC heap after
Heap after GC invocations=100 (full 46):
 PSYoungGen      total 250176K, used 0K [0x00000007eaab0000, 0x00000007fa410000, 0x0000000800000000)
  eden space 244992K, 0% used [0x00000007eaab0000,0x00000007eaab0000,0x00000007f99f0000)
  from space 5184K, 0% used [0x00000007f9f00000,0x00000007f9f00000,0x00000007fa410000)
  to   space 5184K, 0% used [0x00000007f99f0000,0x00000007f99f0000,0x00000007f9f00000)
 ParOldGen       total 87424K, used 40325K [0x00000007c0000000, 0x00000007c5560000, 0x00000007eaab0000)
  object space 87424K, 46% used [0x00000007c0000000,0x00000007c2761458,0x00000007c5560000)
 PSPermGen       total 49216K, used 48848K [0x00000007bae00000, 0x00000007bde10000, 0x00000007c0000000)
  object space 49216K, 99% used [0x00000007bae00000,0x00000007bddb40d0,0x00000007bde10000)
}
Event: 2997.028 GC heap before
{Heap before GC invocations=101 (full 46):
 PSYoungGen      total 250176K, used 235472K [0x00000007eaab0000, 0x00000007fa410000, 0x0000000800000000)
  eden space 244992K, 96% used [0x00000007eaab0000,0x00000007f90a4058,0x00000007f99f0000)
  from space 5184K, 0% used [0x00000007f9f00000,0x00000007f9f00000,0x00000007fa410000)
  to   space 5184K, 0% used [0x00000007f99f0000,0x00000007f99f0000,0x00000007f9f00000)
 ParOldGen       total 87424K, used 40325K [0x00000007c0000000, 0x00000007c5560000, 0x00000007eaab0000)
  object space 87424K, 46% used [0x00000007c0000000,0x00000007c2761458,0x00000007c5560000)
 PSPermGen       total 49216K, used 48860K [0x00000007bae00000, 0x00000007bde10000, 0x00000007c0000000)
  object space 49216K, 99% used [0x00000007bae00000,0x00000007bddb7388,0x00000007bde10000)
Event: 2997.034 GC heap after
Heap after GC invocations=101 (full 46):
 PSYoungGen      total 250176K, used 2864K [0x00000007eaab0000, 0x00000007fa450000, 0x0000000800000000)
  eden space 244992K, 0% used [0x00000007eaab0000,0x00000007eaab0000,0x00000007f99f0000)
  from space 5184K, 55% used [0x00000007f99f0000,0x00000007f9cbc1b0,0x00000007f9f00000)
  to   space 5312K, 0% used [0x00000007f9f20000,0x00000007f9f20000,0x00000007fa450000)
 ParOldGen       total 87424K, used 40325K [0x00000007c0000000, 0x00000007c5560000, 0x00000007eaab0000)
  object space 87424K, 46% used [0x00000007c0000000,0x00000007c2761458,0x00000007c5560000)
 PSPermGen       total 49216K, used 48860K [0x00000007bae00000, 0x00000007bde10000, 0x00000007c0000000)
  object space 49216K, 99% used [0x00000007bae00000,0x00000007bddb7388,0x00000007bde10000)
}
Event: 2997.034 GC heap before
{Heap before GC invocations=102 (full 47):
 PSYoungGen      total 250176K, used 2864K [0x00000007eaab0000, 0x00000007fa450000, 0x0000000800000000)
  eden space 244992K, 0% used [0x00000007eaab0000,0x00000007eaab0000,0x00000007f99f0000)
  from space 5184K, 55% used [0x00000007f99f0000,0x00000007f9cbc1b0,0x00000007f9f00000)
  to   space 5312K, 0% used [0x00000007f9f20000,0x00000007f9f20000,0x00000007fa450000)
 ParOldGen       total 87424K, used 40325K [0x00000007c0000000, 0x00000007c5560000, 0x00000007eaab0000)
  object space 87424K, 46% used [0x00000007c0000000,0x00000007c2761458,0x00000007c5560000)
 PSPermGen       total 49216K, used 48860K [0x00000007bae00000, 0x00000007bde10000, 0x00000007c0000000)
  object space 49216K, 99% used [0x00000007bae00000,0x00000007bddb7388,0x00000007bde10000)
Event: 2997.161 GC heap after
Heap after GC invocations=102 (full 47):
 PSYoungGen      total 250176K, used 0K [0x00000007eaab0000, 0x00000007fa450000, 0x0000000800000000)
  eden space 244992K, 0% used [0x00000007eaab0000,0x00000007eaab0000,0x00000007f99f0000)
  from space 5184K, 0% used [0x00000007f99f0000,0x00000007f99f0000,0x00000007f9f00000)
  to   space 5312K, 0% used [0x00000007f9f20000,0x00000007f9f20000,0x00000007fa450000)
 ParOldGen       total 87424K, used 42990K [0x00000007c0000000, 0x00000007c5560000, 0x00000007eaab0000)
  object space 87424K, 49% used [0x00000007c0000000,0x00000007c29fbb80,0x00000007c5560000)
 PSPermGen       total 49216K, used 48860K [0x00000007bae00000, 0x00000007bde10000, 0x00000007c0000000)
  object space 49216K, 99% used [0x00000007bae00000,0x00000007bddb7388,0x00000007bde10000)
}
Event: 3057.034 GC heap before
{Heap before GC invocations=103 (full 47):
 PSYoungGen      total 250176K, used 160737K [0x00000007eaab0000, 0x00000007fa450000, 0x0000000800000000)
  eden space 244992K, 65% used [0x00000007eaab0000,0x00000007f47a85c8,0x00000007f99f0000)
  from space 5184K, 0% used [0x00000007f99f0000,0x00000007f99f0000,0x00000007f9f00000)
  to   space 5312K, 0% used [0x00000007f9f20000,0x00000007f9f20000,0x00000007fa450000)
 ParOldGen       total 87424K, used 42990K [0x00000007c0000000, 0x00000007c5560000, 0x00000007eaab0000)
  object space 87424K, 49% used [0x00000007c0000000,0x00000007c29fbb80,0x00000007c5560000)
 PSPermGen       total 49216K, used 48877K [0x00000007bae00000, 0x00000007bde10000, 0x00000007c0000000)
  object space 49216K, 99% used [0x00000007bae00000,0x00000007bddbb5d0,0x00000007bde10000)
Event: 3057.039 GC heap after
Heap after GC invocations=103 (full 47):
 PSYoungGen      total 249792K, used 2131K [0x00000007eaab0000, 0x00000007fa3d0000, 0x0000000800000000)
  eden space 244992K, 0% used [0x00000007eaab0000,0x00000007eaab0000,0x00000007f99f0000)
  from space 4800K, 44% used [0x00000007f9f20000,0x00000007fa134fb8,0x00000007fa3d0000)
  to   space 5056K, 0% used [0x00000007f99f0000,0x00000007f99f0000,0x00000007f9ee0000)
 ParOldGen       total 87424K, used 42990K [0x00000007c0000000, 0x00000007c5560000, 0x00000007eaab0000)
  object space 87424K, 49% used [0x00000007c0000000,0x00000007c29fbb80,0x00000007c5560000)
 PSPermGen       total 49216K, used 48877K [0x00000007bae00000, 0x00000007bde10000, 0x00000007c0000000)
  object space 49216K, 99% used [0x00000007bae00000,0x00000007bddbb5d0,0x00000007bde10000)
}
Event: 3057.040 GC heap before
{Heap before GC invocations=104 (full 48):
 PSYoungGen      total 249792K, used 2131K [0x00000007eaab0000, 0x00000007fa3d0000, 0x0000000800000000)
  eden space 244992K, 0% used [0x00000007eaab0000,0x00000007eaab0000,0x00000007f99f0000)
  from space 4800K, 44% used [0x00000007f9f20000,0x00000007fa134fb8,0x00000007fa3d0000)
  to   space 5056K, 0% used [0x00000007f99f0000,0x00000007f99f0000,0x00000007f9ee0000)
 ParOldGen       total 87424K, used 42990K [0x00000007c0000000, 0x00000007c5560000, 0x00000007eaab0000)
  object space 87424K, 49% used [0x00000007c0000000,0x00000007c29fbb80,0x00000007c5560000)
 PSPermGen       total 49216K, used 48877K [0x00000007bae00000, 0x00000007bde10000, 0x00000007c0000000)
  object space 49216K, 99% used [0x00000007bae00000,0x00000007bddbb5d0,0x00000007bde10000)
Event: 3057.158 GC heap after
Heap after GC invocations=104 (full 48):
 PSYoungGen      total 249792K, used 0K [0x00000007eaab0000, 0x00000007fa3d0000, 0x0000000800000000)
  eden space 244992K, 0% used [0x00000007eaab0000,0x00000007eaab0000,0x00000007f99f0000)
  from space 4800K, 0% used [0x00000007f9f20000,0x00000007f9f20000,0x00000007fa3d0000)
  to   space 5056K, 0% used [0x00000007f99f0000,0x00000007f99f0000,0x00000007f9ee0000)
 ParOldGen       total 87424K, used 41810K [0x00000007c0000000, 0x00000007c5560000, 0x00000007eaab0000)
  object space 87424K, 47% used [0x00000007c0000000,0x00000007c28d49a0,0x00000007c5560000)
 PSPermGen       total 49216K, used 48877K [0x00000007bae00000, 0x00000007bde10000, 0x00000007c0000000)
  object space 49216K, 99% used [0x00000007bae00000,0x00000007bddbb4d0,0x00000007bde10000)
}

