# JRE version: 7.0_25-b15
# Java VM: Java HotSpot(TM) 64-Bit Server VM (23.25-b01 mixed mode bsd-amd64 compressed oops)
Heap
 PSYoungGen      total 326016K, used 4336K [0x00000007eaab0000, 0x00000007ffd10000, 0x0000000800000000)
  eden space 325248K, 1% used [0x00000007eaab0000,0x00000007eaeec080,0x00000007fe850000)
  from space 768K, 0% used [0x00000007fe850000,0x00000007fe850000,0x00000007fe910000)
  to   space 10624K, 0% used [0x00000007ff2b0000,0x00000007ff2b0000,0x00000007ffd10000)
 ParOldGen       total 87424K, used 35413K [0x00000007c0000000, 0x00000007c5560000, 0x00000007eaab0000)
  object space 87424K, 40% used [0x00000007c0000000,0x00000007c2295688,0x00000007c5560000)
 PSPermGen       total 50688K, used 48636K [0x00000007bae00000, 0x00000007bdf80000, 0x00000007c0000000)
  object space 50688K, 95% used [0x00000007bae00000,0x00000007bdd7f378,0x00000007bdf80000)
GC Heap History (10 events):
Event: 1927.084 GC heap before
{Heap before GC invocations=55 (full 24):
 PSYoungGen      total 336128K, used 64K [0x00000007eaab0000, 0x0000000800000000, 0x0000000800000000)
  eden space 323328K, 0% used [0x00000007eaab0000,0x00000007eaab0000,0x00000007fe670000)
  from space 12800K, 0% used [0x00000007fe670000,0x00000007fe680000,0x00000007ff2f0000)
  to   space 12160K, 0% used [0x00000007ff420000,0x00000007ff420000,0x0000000800000000)
 ParOldGen       total 87424K, used 34915K [0x00000007c0000000, 0x00000007c5560000, 0x00000007eaab0000)
  object space 87424K, 39% used [0x00000007c0000000,0x00000007c2218fd0,0x00000007c5560000)
 PSPermGen       total 51520K, used 48233K [0x00000007bae00000, 0x00000007be050000, 0x00000007c0000000)
  object space 51520K, 93% used [0x00000007bae00000,0x00000007bdd1a7e8,0x00000007be050000)
Event: 1927.181 GC heap after
Heap after GC invocations=55 (full 24):
 PSYoungGen      total 336128K, used 0K [0x00000007eaab0000, 0x0000000800000000, 0x0000000800000000)
  eden space 323328K, 0% used [0x00000007eaab0000,0x00000007eaab0000,0x00000007fe670000)
  from space 12800K, 0% used [0x00000007fe670000,0x00000007fe670000,0x00000007ff2f0000)
  to   space 12160K, 0% used [0x00000007ff420000,0x00000007ff420000,0x0000000800000000)
 ParOldGen       total 87424K, used 34914K [0x00000007c0000000, 0x00000007c5560000, 0x00000007eaab0000)
  object space 87424K, 39% used [0x00000007c0000000,0x00000007c2218960,0x00000007c5560000)
 PSPermGen       total 50816K, used 48233K [0x00000007bae00000, 0x00000007bdfa0000, 0x00000007c0000000)
  object space 50816K, 94% used [0x00000007bae00000,0x00000007bdd1a788,0x00000007bdfa0000)
}
Event: 1987.084 GC heap before
{Heap before GC invocations=56 (full 24):
 PSYoungGen      total 336128K, used 63733K [0x00000007eaab0000, 0x0000000800000000, 0x0000000800000000)
  eden space 323328K, 19% used [0x00000007eaab0000,0x00000007ee8ed470,0x00000007fe670000)
  from space 12800K, 0% used [0x00000007fe670000,0x00000007fe670000,0x00000007ff2f0000)
  to   space 12160K, 0% used [0x00000007ff420000,0x00000007ff420000,0x0000000800000000)
 ParOldGen       total 87424K, used 34914K [0x00000007c0000000, 0x00000007c5560000, 0x00000007eaab0000)
  object space 87424K, 39% used [0x00000007c0000000,0x00000007c2218960,0x00000007c5560000)
 PSPermGen       total 50816K, used 48235K [0x00000007bae00000, 0x00000007bdfa0000, 0x00000007c0000000)
  object space 50816K, 94% used [0x00000007bae00000,0x00000007bdd1afb8,0x00000007bdfa0000)
Event: 1987.088 GC heap after
Heap after GC invocations=56 (full 24):
 PSYoungGen      total 335680K, used 1888K [0x00000007eaab0000, 0x00000007ffe50000, 0x0000000800000000)
  eden space 325248K, 0% used [0x00000007eaab0000,0x00000007eaab0000,0x00000007fe850000)
  from space 10432K, 18% used [0x00000007ff420000,0x00000007ff5f83f8,0x00000007ffe50000)
  to   space 11264K, 0% used [0x00000007fe850000,0x00000007fe850000,0x00000007ff350000)
 ParOldGen       total 87424K, used 34914K [0x00000007c0000000, 0x00000007c5560000, 0x00000007eaab0000)
  object space 87424K, 39% used [0x00000007c0000000,0x00000007c2218960,0x00000007c5560000)
 PSPermGen       total 50816K, used 48235K [0x00000007bae00000, 0x00000007bdfa0000, 0x00000007c0000000)
  object space 50816K, 94% used [0x00000007bae00000,0x00000007bdd1afb8,0x00000007bdfa0000)
}
Event: 1987.088 GC heap before
{Heap before GC invocations=57 (full 25):
 PSYoungGen      total 335680K, used 1888K [0x00000007eaab0000, 0x00000007ffe50000, 0x0000000800000000)
  eden space 325248K, 0% used [0x00000007eaab0000,0x00000007eaab0000,0x00000007fe850000)
  from space 10432K, 18% used [0x00000007ff420000,0x00000007ff5f83f8,0x00000007ffe50000)
  to   space 11264K, 0% used [0x00000007fe850000,0x00000007fe850000,0x00000007ff350000)
 ParOldGen       total 87424K, used 34914K [0x00000007c0000000, 0x00000007c5560000, 0x00000007eaab0000)
  object space 87424K, 39% used [0x00000007c0000000,0x00000007c2218960,0x00000007c5560000)
 PSPermGen       total 50816K, used 48235K [0x00000007bae00000, 0x00000007bdfa0000, 0x00000007c0000000)
  object space 50816K, 94% used [0x00000007bae00000,0x00000007bdd1afb8,0x00000007bdfa0000)
Event: 1987.193 GC heap after
Heap after GC invocations=57 (full 25):
 PSYoungGen      total 335680K, used 0K [0x00000007eaab0000, 0x00000007ffe50000, 0x0000000800000000)
  eden space 325248K, 0% used [0x00000007eaab0000,0x00000007eaab0000,0x00000007fe850000)
  from space 10432K, 0% used [0x00000007ff420000,0x00000007ff420000,0x00000007ffe50000)
  to   space 11264K, 0% used [0x00000007fe850000,0x00000007fe850000,0x00000007ff350000)
 ParOldGen       total 87424K, used 34928K [0x00000007c0000000, 0x00000007c5560000, 0x00000007eaab0000)
  object space 87424K, 39% used [0x00000007c0000000,0x00000007c221c090,0x00000007c5560000)
 PSPermGen       total 50176K, used 48235K [0x00000007bae00000, 0x00000007bdf00000, 0x00000007c0000000)
  object space 50176K, 96% used [0x00000007bae00000,0x00000007bdd1af98,0x00000007bdf00000)
}
Event: 2051.497 GC heap before
{Heap before GC invocations=58 (full 25):
 PSYoungGen      total 335680K, used 22993K [0x00000007eaab0000, 0x00000007ffe50000, 0x0000000800000000)
  eden space 325248K, 7% used [0x00000007eaab0000,0x00000007ec124508,0x00000007fe850000)
  from space 10432K, 0% used [0x00000007ff420000,0x00000007ff420000,0x00000007ffe50000)
  to   space 11264K, 0% used [0x00000007fe850000,0x00000007fe850000,0x00000007ff350000)
 ParOldGen       total 87424K, used 34928K [0x00000007c0000000, 0x00000007c5560000, 0x00000007eaab0000)
  object space 87424K, 39% used [0x00000007c0000000,0x00000007c221c090,0x00000007c5560000)
 PSPermGen       total 50176K, used 48637K [0x00000007bae00000, 0x00000007bdf00000, 0x00000007c0000000)
  object space 50176K, 96% used [0x00000007bae00000,0x00000007bdd7f4f8,0x00000007bdf00000)
Event: 2051.499 GC heap after
Heap after GC invocations=58 (full 25):
 PSYoungGen      total 326016K, used 710K [0x00000007eaab0000, 0x00000007ffd10000, 0x0000000800000000)
  eden space 325248K, 0% used [0x00000007eaab0000,0x00000007eaab0000,0x00000007fe850000)
  from space 768K, 92% used [0x00000007fe850000,0x00000007fe901aa0,0x00000007fe910000)
  to   space 10624K, 0% used [0x00000007ff2b0000,0x00000007ff2b0000,0x00000007ffd10000)
 ParOldGen       total 87424K, used 34928K [0x00000007c0000000, 0x00000007c5560000, 0x00000007eaab0000)
  object space 87424K, 39% used [0x00000007c0000000,0x00000007c221c090,0x00000007c5560000)
 PSPermGen       total 50176K, used 48637K [0x00000007bae00000, 0x00000007bdf00000, 0x00000007c0000000)
  object space 50176K, 96% used [0x00000007bae00000,0x00000007bdd7f4f8,0x00000007bdf00000)
}
Event: 2051.499 GC heap before
{Heap before GC invocations=59 (full 26):
 PSYoungGen      total 326016K, used 710K [0x00000007eaab0000, 0x00000007ffd10000, 0x0000000800000000)
  eden space 325248K, 0% used [0x00000007eaab0000,0x00000007eaab0000,0x00000007fe850000)
  from space 768K, 92% used [0x00000007fe850000,0x00000007fe901aa0,0x00000007fe910000)
  to   space 10624K, 0% used [0x00000007ff2b0000,0x00000007ff2b0000,0x00000007ffd10000)
 ParOldGen       total 87424K, used 34928K [0x00000007c0000000, 0x00000007c5560000, 0x00000007eaab0000)
  object space 87424K, 39% used [0x00000007c0000000,0x00000007c221c090,0x00000007c5560000)
 PSPermGen       total 50176K, used 48637K [0x00000007bae00000, 0x00000007bdf00000, 0x00000007c0000000)
  object space 50176K, 96% used [0x00000007bae00000,0x00000007bdd7f4f8,0x00000007bdf00000)
Event: 2051.644 GC heap after
Heap after GC invocations=59 (full 26):
 PSYoungGen      total 326016K, used 0K [0x00000007eaab0000, 0x00000007ffd10000, 0x0000000800000000)
  eden space 325248K, 0% used [0x00000007eaab0000,0x00000007eaab0000,0x00000007fe850000)
  from space 768K, 0% used [0x00000007fe850000,0x00000007fe850000,0x00000007fe910000)
  to   space 10624K, 0% used [0x00000007ff2b0000,0x00000007ff2b0000,0x00000007ffd10000)
 ParOldGen       total 87424K, used 35413K [0x00000007c0000000, 0x00000007c5560000, 0x00000007eaab0000)
  object space 87424K, 40% used [0x00000007c0000000,0x00000007c2295688,0x00000007c5560000)
 PSPermGen       total 50688K, used 48636K [0x00000007bae00000, 0x00000007bdf80000, 0x00000007c0000000)
  object space 50688K, 95% used [0x00000007bae00000,0x00000007bdd7f378,0x00000007bdf80000)
}

