# JRE version: 7.0_25-b15
# Java VM: Java HotSpot(TM) 64-Bit Server VM (23.25-b01 mixed mode bsd-amd64 compressed oops)
Heap
 PSYoungGen      total 328128K, used 6154K [0x00000007eaab0000, 0x00000007fef90000, 0x0000000800000000)
  eden space 326144K, 1% used [0x00000007eaab0000,0x00000007eb0b2888,0x00000007fe930000)
  from space 1984K, 0% used [0x00000007fe9c0000,0x00000007fe9c0000,0x00000007febb0000)
  to   space 3264K, 0% used [0x00000007fec60000,0x00000007fec60000,0x00000007fef90000)
 ParOldGen       total 87424K, used 38967K [0x00000007c0000000, 0x00000007c5560000, 0x00000007eaab0000)
  object space 87424K, 44% used [0x00000007c0000000,0x00000007c260dfc0,0x00000007c5560000)
 PSPermGen       total 49856K, used 49555K [0x00000007bae00000, 0x00000007bdeb0000, 0x00000007c0000000)
  object space 49856K, 99% used [0x00000007bae00000,0x00000007bde64c08,0x00000007bdeb0000)
GC Heap History (10 events):
Event: 10967.481 GC heap before
{Heap before GC invocations=346 (full 167):
 PSYoungGen      total 328256K, used 2048K [0x00000007eaab0000, 0x00000007ff0f0000, 0x0000000800000000)
  eden space 326144K, 0% used [0x00000007eaab0000,0x00000007eaab0000,0x00000007fe930000)
  from space 2112K, 96% used [0x00000007fec30000,0x00000007fee30010,0x00000007fee40000)
  to   space 2752K, 0% used [0x00000007fee40000,0x00000007fee40000,0x00000007ff0f0000)
 ParOldGen       total 87424K, used 38803K [0x00000007c0000000, 0x00000007c5560000, 0x00000007eaab0000)
  object space 87424K, 44% used [0x00000007c0000000,0x00000007c25e4df8,0x00000007c5560000)
 PSPermGen       total 49856K, used 49541K [0x00000007bae00000, 0x00000007bdeb0000, 0x00000007c0000000)
  object space 49856K, 99% used [0x00000007bae00000,0x00000007bde61600,0x00000007bdeb0000)
Event: 10967.611 GC heap after
Heap after GC invocations=346 (full 167):
 PSYoungGen      total 328256K, used 0K [0x00000007eaab0000, 0x00000007ff0f0000, 0x0000000800000000)
  eden space 326144K, 0% used [0x00000007eaab0000,0x00000007eaab0000,0x00000007fe930000)
  from space 2112K, 0% used [0x00000007fec30000,0x00000007fec30000,0x00000007fee40000)
  to   space 2752K, 0% used [0x00000007fee40000,0x00000007fee40000,0x00000007ff0f0000)
 ParOldGen       total 87424K, used 38920K [0x00000007c0000000, 0x00000007c5560000, 0x00000007eaab0000)
  object space 87424K, 44% used [0x00000007c0000000,0x00000007c26022d0,0x00000007c5560000)
 PSPermGen       total 49856K, used 49541K [0x00000007bae00000, 0x00000007bdeb0000, 0x00000007c0000000)
  object space 49856K, 99% used [0x00000007bae00000,0x00000007bde61600,0x00000007bdeb0000)
}
Event: 11030.052 GC heap before
{Heap before GC invocations=347 (full 167):
 PSYoungGen      total 328256K, used 161009K [0x00000007eaab0000, 0x00000007ff0f0000, 0x0000000800000000)
  eden space 326144K, 49% used [0x00000007eaab0000,0x00000007f47ec448,0x00000007fe930000)
  from space 2112K, 0% used [0x00000007fec30000,0x00000007fec30000,0x00000007fee40000)
  to   space 2752K, 0% used [0x00000007fee40000,0x00000007fee40000,0x00000007ff0f0000)
 ParOldGen       total 87424K, used 38920K [0x00000007c0000000, 0x00000007c5560000, 0x00000007eaab0000)
  object space 87424K, 44% used [0x00000007c0000000,0x00000007c26022d0,0x00000007c5560000)
 PSPermGen       total 49856K, used 49545K [0x00000007bae00000, 0x00000007bdeb0000, 0x00000007c0000000)
  object space 49856K, 99% used [0x00000007bae00000,0x00000007bde62768,0x00000007bdeb0000)
Event: 11030.057 GC heap after
Heap after GC invocations=347 (full 167):
 PSYoungGen      total 328192K, used 2030K [0x00000007eaab0000, 0x00000007ff040000, 0x0000000800000000)
  eden space 326144K, 0% used [0x00000007eaab0000,0x00000007eaab0000,0x00000007fe930000)
  from space 2048K, 99% used [0x00000007fee40000,0x00000007ff03bad0,0x00000007ff040000)
  to   space 3328K, 0% used [0x00000007fe9c0000,0x00000007fe9c0000,0x00000007fed00000)
 ParOldGen       total 87424K, used 38920K [0x00000007c0000000, 0x00000007c5560000, 0x00000007eaab0000)
  object space 87424K, 44% used [0x00000007c0000000,0x00000007c26022d0,0x00000007c5560000)
 PSPermGen       total 49856K, used 49545K [0x00000007bae00000, 0x00000007bdeb0000, 0x00000007c0000000)
  object space 49856K, 99% used [0x00000007bae00000,0x00000007bde62768,0x00000007bdeb0000)
}
Event: 11030.057 GC heap before
{Heap before GC invocations=348 (full 168):
 PSYoungGen      total 328192K, used 2030K [0x00000007eaab0000, 0x00000007ff040000, 0x0000000800000000)
  eden space 326144K, 0% used [0x00000007eaab0000,0x00000007eaab0000,0x00000007fe930000)
  from space 2048K, 99% used [0x00000007fee40000,0x00000007ff03bad0,0x00000007ff040000)
  to   space 3328K, 0% used [0x00000007fe9c0000,0x00000007fe9c0000,0x00000007fed00000)
 ParOldGen       total 87424K, used 38920K [0x00000007c0000000, 0x00000007c5560000, 0x00000007eaab0000)
  object space 87424K, 44% used [0x00000007c0000000,0x00000007c26022d0,0x00000007c5560000)
 PSPermGen       total 49856K, used 49545K [0x00000007bae00000, 0x00000007bdeb0000, 0x00000007c0000000)
  object space 49856K, 99% used [0x00000007bae00000,0x00000007bde62768,0x00000007bdeb0000)
Event: 11030.189 GC heap after
Heap after GC invocations=348 (full 168):
 PSYoungGen      total 328192K, used 0K [0x00000007eaab0000, 0x00000007ff040000, 0x0000000800000000)
  eden space 326144K, 0% used [0x00000007eaab0000,0x00000007eaab0000,0x00000007fe930000)
  from space 2048K, 0% used [0x00000007fee40000,0x00000007fee40000,0x00000007ff040000)
  to   space 3328K, 0% used [0x00000007fe9c0000,0x00000007fe9c0000,0x00000007fed00000)
 ParOldGen       total 87424K, used 38903K [0x00000007c0000000, 0x00000007c5560000, 0x00000007eaab0000)
  object space 87424K, 44% used [0x00000007c0000000,0x00000007c25fde30,0x00000007c5560000)
 PSPermGen       total 49856K, used 49545K [0x00000007bae00000, 0x00000007bdeb0000, 0x00000007c0000000)
  object space 49856K, 99% used [0x00000007bae00000,0x00000007bde62768,0x00000007bdeb0000)
}
Event: 11097.595 GC heap before
{Heap before GC invocations=349 (full 168):
 PSYoungGen      total 328192K, used 265461K [0x00000007eaab0000, 0x00000007ff040000, 0x0000000800000000)
  eden space 326144K, 81% used [0x00000007eaab0000,0x00000007faded7f0,0x00000007fe930000)
  from space 2048K, 0% used [0x00000007fee40000,0x00000007fee40000,0x00000007ff040000)
  to   space 3328K, 0% used [0x00000007fe9c0000,0x00000007fe9c0000,0x00000007fed00000)
 ParOldGen       total 87424K, used 38903K [0x00000007c0000000, 0x00000007c5560000, 0x00000007eaab0000)
  object space 87424K, 44% used [0x00000007c0000000,0x00000007c25fde30,0x00000007c5560000)
 PSPermGen       total 49856K, used 49548K [0x00000007bae00000, 0x00000007bdeb0000, 0x00000007c0000000)
  object space 49856K, 99% used [0x00000007bae00000,0x00000007bde63080,0x00000007bdeb0000)
Event: 11097.600 GC heap after
Heap after GC invocations=349 (full 168):
 PSYoungGen      total 328128K, used 1966K [0x00000007eaab0000, 0x00000007fef90000, 0x0000000800000000)
  eden space 326144K, 0% used [0x00000007eaab0000,0x00000007eaab0000,0x00000007fe930000)
  from space 1984K, 99% used [0x00000007fe9c0000,0x00000007febabae8,0x00000007febb0000)
  to   space 3264K, 0% used [0x00000007fec60000,0x00000007fec60000,0x00000007fef90000)
 ParOldGen       total 87424K, used 38903K [0x00000007c0000000, 0x00000007c5560000, 0x00000007eaab0000)
  object space 87424K, 44% used [0x00000007c0000000,0x00000007c25fde30,0x00000007c5560000)
 PSPermGen       total 49856K, used 49548K [0x00000007bae00000, 0x00000007bdeb0000, 0x00000007c0000000)
  object space 49856K, 99% used [0x00000007bae00000,0x00000007bde63080,0x00000007bdeb0000)
}
Event: 11097.600 GC heap before
{Heap before GC invocations=350 (full 169):
 PSYoungGen      total 328128K, used 1966K [0x00000007eaab0000, 0x00000007fef90000, 0x0000000800000000)
  eden space 326144K, 0% used [0x00000007eaab0000,0x00000007eaab0000,0x00000007fe930000)
  from space 1984K, 99% used [0x00000007fe9c0000,0x00000007febabae8,0x00000007febb0000)
  to   space 3264K, 0% used [0x00000007fec60000,0x00000007fec60000,0x00000007fef90000)
 ParOldGen       total 87424K, used 38903K [0x00000007c0000000, 0x00000007c5560000, 0x00000007eaab0000)
  object space 87424K, 44% used [0x00000007c0000000,0x00000007c25fde30,0x00000007c5560000)
 PSPermGen       total 49856K, used 49548K [0x00000007bae00000, 0x00000007bdeb0000, 0x00000007c0000000)
  object space 49856K, 99% used [0x00000007bae00000,0x00000007bde63080,0x00000007bdeb0000)
Event: 11097.719 GC heap after
Heap after GC invocations=350 (full 169):
 PSYoungGen      total 328128K, used 0K [0x00000007eaab0000, 0x00000007fef90000, 0x0000000800000000)
  eden space 326144K, 0% used [0x00000007eaab0000,0x00000007eaab0000,0x00000007fe930000)
  from space 1984K, 0% used [0x00000007fe9c0000,0x00000007fe9c0000,0x00000007febb0000)
  to   space 3264K, 0% used [0x00000007fec60000,0x00000007fec60000,0x00000007fef90000)
 ParOldGen       total 87424K, used 38967K [0x00000007c0000000, 0x00000007c5560000, 0x00000007eaab0000)
  object space 87424K, 44% used [0x00000007c0000000,0x00000007c260dfc0,0x00000007c5560000)
 PSPermGen       total 49856K, used 49548K [0x00000007bae00000, 0x00000007bdeb0000, 0x00000007c0000000)
  object space 49856K, 99% used [0x00000007bae00000,0x00000007bde63060,0x00000007bdeb0000)
}

