# JRE version: 7.0_25-b15
# Java VM: Java HotSpot(TM) 64-Bit Server VM (23.25-b01 mixed mode bsd-amd64 compressed oops)
Heap
 PSYoungGen      total 342528K, used 53733K [0x00000007eaab0000, 0x00000007ffca0000, 0x0000000800000000)
  eden space 339264K, 15% used [0x00000007eaab0000,0x00000007edf296c8,0x00000007ff600000)
  from space 3264K, 0% used [0x00000007ff970000,0x00000007ff970000,0x00000007ffca0000)
  to   space 3392K, 0% used [0x00000007ff600000,0x00000007ff600000,0x00000007ff950000)
 ParOldGen       total 104896K, used 47192K [0x00000007c0000000, 0x00000007c6670000, 0x00000007eaab0000)
  object space 104896K, 44% used [0x00000007c0000000,0x00000007c2e16300,0x00000007c6670000)
 PSPermGen       total 50816K, used 50778K [0x00000007bae00000, 0x00000007bdfa0000, 0x00000007c0000000)
  object space 50816K, 99% used [0x00000007bae00000,0x00000007bdf968b0,0x00000007bdfa0000)
GC Heap History (10 events):
Event: 10437.351 GC heap before
{Heap before GC invocations=331 (full 161):
 PSYoungGen      total 342912K, used 96K [0x00000007eaab0000, 0x00000007ffd40000, 0x0000000800000000)
  eden space 339264K, 0% used [0x00000007eaab0000,0x00000007eaab0000,0x00000007ff600000)
  from space 3648K, 2% used [0x00000007ff9b0000,0x00000007ff9c8000,0x00000007ffd40000)
  to   space 3712K, 0% used [0x00000007ff600000,0x00000007ff600000,0x00000007ff9a0000)
 ParOldGen       total 104896K, used 46794K [0x00000007c0000000, 0x00000007c6670000, 0x00000007eaab0000)
  object space 104896K, 44% used [0x00000007c0000000,0x00000007c2db2b00,0x00000007c6670000)
 PSPermGen       total 50816K, used 50771K [0x00000007bae00000, 0x00000007bdfa0000, 0x00000007c0000000)
  object space 50816K, 99% used [0x00000007bae00000,0x00000007bdf94cf8,0x00000007bdfa0000)
Event: 10437.465 GC heap after
Heap after GC invocations=331 (full 161):
 PSYoungGen      total 342912K, used 0K [0x00000007eaab0000, 0x00000007ffd40000, 0x0000000800000000)
  eden space 339264K, 0% used [0x00000007eaab0000,0x00000007eaab0000,0x00000007ff600000)
  from space 3648K, 0% used [0x00000007ff9b0000,0x00000007ff9b0000,0x00000007ffd40000)
  to   space 3712K, 0% used [0x00000007ff600000,0x00000007ff600000,0x00000007ff9a0000)
 ParOldGen       total 104896K, used 46770K [0x00000007c0000000, 0x00000007c6670000, 0x00000007eaab0000)
  object space 104896K, 44% used [0x00000007c0000000,0x00000007c2daca78,0x00000007c6670000)
 PSPermGen       total 50816K, used 50771K [0x00000007bae00000, 0x00000007bdfa0000, 0x00000007c0000000)
  object space 50816K, 99% used [0x00000007bae00000,0x00000007bdf94cf8,0x00000007bdfa0000)
}
Event: 10510.270 GC heap before
{Heap before GC invocations=332 (full 161):
 PSYoungGen      total 342912K, used 135267K [0x00000007eaab0000, 0x00000007ffd40000, 0x0000000800000000)
  eden space 339264K, 39% used [0x00000007eaab0000,0x00000007f2ec8cd8,0x00000007ff600000)
  from space 3648K, 0% used [0x00000007ff9b0000,0x00000007ff9b0000,0x00000007ffd40000)
  to   space 3712K, 0% used [0x00000007ff600000,0x00000007ff600000,0x00000007ff9a0000)
 ParOldGen       total 104896K, used 46770K [0x00000007c0000000, 0x00000007c6670000, 0x00000007eaab0000)
  object space 104896K, 44% used [0x00000007c0000000,0x00000007c2daca78,0x00000007c6670000)
 PSPermGen       total 50816K, used 50775K [0x00000007bae00000, 0x00000007bdfa0000, 0x00000007c0000000)
  object space 50816K, 99% used [0x00000007bae00000,0x00000007bdf95f40,0x00000007bdfa0000)
Event: 10510.273 GC heap after
Heap after GC invocations=332 (full 161):
 PSYoungGen      total 340032K, used 705K [0x00000007eaab0000, 0x00000007ffce0000, 0x0000000800000000)
  eden space 339264K, 0% used [0x00000007eaab0000,0x00000007eaab0000,0x00000007ff600000)
  from space 768K, 91% used [0x00000007ff600000,0x00000007ff6b0750,0x00000007ff6c0000)
  to   space 3520K, 0% used [0x00000007ff970000,0x00000007ff970000,0x00000007ffce0000)
 ParOldGen       total 104896K, used 46770K [0x00000007c0000000, 0x00000007c6670000, 0x00000007eaab0000)
  object space 104896K, 44% used [0x00000007c0000000,0x00000007c2daca78,0x00000007c6670000)
 PSPermGen       total 50816K, used 50775K [0x00000007bae00000, 0x00000007bdfa0000, 0x00000007c0000000)
  object space 50816K, 99% used [0x00000007bae00000,0x00000007bdf95f40,0x00000007bdfa0000)
}
Event: 10510.273 GC heap before
{Heap before GC invocations=333 (full 162):
 PSYoungGen      total 340032K, used 705K [0x00000007eaab0000, 0x00000007ffce0000, 0x0000000800000000)
  eden space 339264K, 0% used [0x00000007eaab0000,0x00000007eaab0000,0x00000007ff600000)
  from space 768K, 91% used [0x00000007ff600000,0x00000007ff6b0750,0x00000007ff6c0000)
  to   space 3520K, 0% used [0x00000007ff970000,0x00000007ff970000,0x00000007ffce0000)
 ParOldGen       total 104896K, used 46770K [0x00000007c0000000, 0x00000007c6670000, 0x00000007eaab0000)
  object space 104896K, 44% used [0x00000007c0000000,0x00000007c2daca78,0x00000007c6670000)
 PSPermGen       total 50816K, used 50775K [0x00000007bae00000, 0x00000007bdfa0000, 0x00000007c0000000)
  object space 50816K, 99% used [0x00000007bae00000,0x00000007bdf95f40,0x00000007bdfa0000)
Event: 10510.395 GC heap after
Heap after GC invocations=333 (full 162):
 PSYoungGen      total 340032K, used 0K [0x00000007eaab0000, 0x00000007ffce0000, 0x0000000800000000)
  eden space 339264K, 0% used [0x00000007eaab0000,0x00000007eaab0000,0x00000007ff600000)
  from space 768K, 0% used [0x00000007ff600000,0x00000007ff600000,0x00000007ff6c0000)
  to   space 3520K, 0% used [0x00000007ff970000,0x00000007ff970000,0x00000007ffce0000)
 ParOldGen       total 104896K, used 47143K [0x00000007c0000000, 0x00000007c6670000, 0x00000007eaab0000)
  object space 104896K, 44% used [0x00000007c0000000,0x00000007c2e09c08,0x00000007c6670000)
 PSPermGen       total 50816K, used 50775K [0x00000007bae00000, 0x00000007bdfa0000, 0x00000007c0000000)
  object space 50816K, 99% used [0x00000007bae00000,0x00000007bdf95f40,0x00000007bdfa0000)
}
Event: 10570.270 GC heap before
{Heap before GC invocations=334 (full 162):
 PSYoungGen      total 340032K, used 46969K [0x00000007eaab0000, 0x00000007ffce0000, 0x0000000800000000)
  eden space 339264K, 13% used [0x00000007eaab0000,0x00000007ed88e7d8,0x00000007ff600000)
  from space 768K, 0% used [0x00000007ff600000,0x00000007ff600000,0x00000007ff6c0000)
  to   space 3520K, 0% used [0x00000007ff970000,0x00000007ff970000,0x00000007ffce0000)
 ParOldGen       total 104896K, used 47143K [0x00000007c0000000, 0x00000007c6670000, 0x00000007eaab0000)
  object space 104896K, 44% used [0x00000007c0000000,0x00000007c2e09c08,0x00000007c6670000)
 PSPermGen       total 50816K, used 50776K [0x00000007bae00000, 0x00000007bdfa0000, 0x00000007c0000000)
  object space 50816K, 99% used [0x00000007bae00000,0x00000007bdf96098,0x00000007bdfa0000)
Event: 10570.273 GC heap after
Heap after GC invocations=334 (full 162):
 PSYoungGen      total 342528K, used 320K [0x00000007eaab0000, 0x00000007ffca0000, 0x0000000800000000)
  eden space 339264K, 0% used [0x00000007eaab0000,0x00000007eaab0000,0x00000007ff600000)
  from space 3264K, 9% used [0x00000007ff970000,0x00000007ff9c0000,0x00000007ffca0000)
  to   space 3392K, 0% used [0x00000007ff600000,0x00000007ff600000,0x00000007ff950000)
 ParOldGen       total 104896K, used 47143K [0x00000007c0000000, 0x00000007c6670000, 0x00000007eaab0000)
  object space 104896K, 44% used [0x00000007c0000000,0x00000007c2e09c08,0x00000007c6670000)
 PSPermGen       total 50816K, used 50776K [0x00000007bae00000, 0x00000007bdfa0000, 0x00000007c0000000)
  object space 50816K, 99% used [0x00000007bae00000,0x00000007bdf96098,0x00000007bdfa0000)
}
Event: 10570.273 GC heap before
{Heap before GC invocations=335 (full 163):
 PSYoungGen      total 342528K, used 320K [0x00000007eaab0000, 0x00000007ffca0000, 0x0000000800000000)
  eden space 339264K, 0% used [0x00000007eaab0000,0x00000007eaab0000,0x00000007ff600000)
  from space 3264K, 9% used [0x00000007ff970000,0x00000007ff9c0000,0x00000007ffca0000)
  to   space 3392K, 0% used [0x00000007ff600000,0x00000007ff600000,0x00000007ff950000)
 ParOldGen       total 104896K, used 47143K [0x00000007c0000000, 0x00000007c6670000, 0x00000007eaab0000)
  object space 104896K, 44% used [0x00000007c0000000,0x00000007c2e09c08,0x00000007c6670000)
 PSPermGen       total 50816K, used 50776K [0x00000007bae00000, 0x00000007bdfa0000, 0x00000007c0000000)
  object space 50816K, 99% used [0x00000007bae00000,0x00000007bdf96098,0x00000007bdfa0000)
Event: 10570.389 GC heap after
Heap after GC invocations=335 (full 163):
 PSYoungGen      total 342528K, used 0K [0x00000007eaab0000, 0x00000007ffca0000, 0x0000000800000000)
  eden space 339264K, 0% used [0x00000007eaab0000,0x00000007eaab0000,0x00000007ff600000)
  from space 3264K, 0% used [0x00000007ff970000,0x00000007ff970000,0x00000007ffca0000)
  to   space 3392K, 0% used [0x00000007ff600000,0x00000007ff600000,0x00000007ff950000)
 ParOldGen       total 104896K, used 47192K [0x00000007c0000000, 0x00000007c6670000, 0x00000007eaab0000)
  object space 104896K, 44% used [0x00000007c0000000,0x00000007c2e16300,0x00000007c6670000)
 PSPermGen       total 50816K, used 50776K [0x00000007bae00000, 0x00000007bdfa0000, 0x00000007c0000000)
  object space 50816K, 99% used [0x00000007bae00000,0x00000007bdf96098,0x00000007bdfa0000)
}

