# JRE version: 7.0_25-b15
# Java VM: Java HotSpot(TM) 64-Bit Server VM (23.25-b01 mixed mode bsd-amd64 compressed oops)
Heap
 PSYoungGen      total 296768K, used 56146K [0x00000007eaab0000, 0x00000007fd0b0000, 0x0000000800000000)
  eden space 292608K, 19% used [0x00000007eaab0000,0x00000007ee184a88,0x00000007fc870000)
  from space 4160K, 0% used [0x00000007fcca0000,0x00000007fcca0000,0x00000007fd0b0000)
  to   space 4224K, 0% used [0x00000007fc870000,0x00000007fc870000,0x00000007fcc90000)
 ParOldGen       total 87424K, used 42580K [0x00000007c0000000, 0x00000007c5560000, 0x00000007eaab0000)
  object space 87424K, 48% used [0x00000007c0000000,0x00000007c2995200,0x00000007c5560000)
 PSPermGen       total 49920K, used 49505K [0x00000007bae00000, 0x00000007bdec0000, 0x00000007c0000000)
  object space 49920K, 99% used [0x00000007bae00000,0x00000007bde58720,0x00000007bdec0000)
GC Heap History (10 events):
Event: 4984.382 GC heap before
{Heap before GC invocations=158 (full 74):
 PSYoungGen      total 297024K, used 2835K [0x00000007eaab0000, 0x00000007fd130000, 0x0000000800000000)
  eden space 292608K, 0% used [0x00000007eaab0000,0x00000007eaab0000,0x00000007fc870000)
  from space 4416K, 64% used [0x00000007fcce0000,0x00000007fcfa4f20,0x00000007fd130000)
  to   space 4480K, 0% used [0x00000007fc870000,0x00000007fc870000,0x00000007fccd0000)
 ParOldGen       total 87424K, used 43156K [0x00000007c0000000, 0x00000007c5560000, 0x00000007eaab0000)
  object space 87424K, 49% used [0x00000007c0000000,0x00000007c2a25228,0x00000007c5560000)
 PSPermGen       total 49984K, used 49498K [0x00000007bae00000, 0x00000007bded0000, 0x00000007c0000000)
  object space 49984K, 99% used [0x00000007bae00000,0x00000007bde569f8,0x00000007bded0000)
Event: 4984.490 GC heap after
Heap after GC invocations=158 (full 74):
 PSYoungGen      total 297024K, used 0K [0x00000007eaab0000, 0x00000007fd130000, 0x0000000800000000)
  eden space 292608K, 0% used [0x00000007eaab0000,0x00000007eaab0000,0x00000007fc870000)
  from space 4416K, 0% used [0x00000007fcce0000,0x00000007fcce0000,0x00000007fd130000)
  to   space 4480K, 0% used [0x00000007fc870000,0x00000007fc870000,0x00000007fccd0000)
 ParOldGen       total 87424K, used 42489K [0x00000007c0000000, 0x00000007c5560000, 0x00000007eaab0000)
  object space 87424K, 48% used [0x00000007c0000000,0x00000007c297e528,0x00000007c5560000)
 PSPermGen       total 49920K, used 49498K [0x00000007bae00000, 0x00000007bdec0000, 0x00000007c0000000)
  object space 49920K, 99% used [0x00000007bae00000,0x00000007bde569f8,0x00000007bdec0000)
}
Event: 5059.582 GC heap before
{Heap before GC invocations=159 (full 74):
 PSYoungGen      total 297024K, used 175701K [0x00000007eaab0000, 0x00000007fd130000, 0x0000000800000000)
  eden space 292608K, 60% used [0x00000007eaab0000,0x00000007f56454e8,0x00000007fc870000)
  from space 4416K, 0% used [0x00000007fcce0000,0x00000007fcce0000,0x00000007fd130000)
  to   space 4480K, 0% used [0x00000007fc870000,0x00000007fc870000,0x00000007fccd0000)
 ParOldGen       total 87424K, used 42489K [0x00000007c0000000, 0x00000007c5560000, 0x00000007eaab0000)
  object space 87424K, 48% used [0x00000007c0000000,0x00000007c297e528,0x00000007c5560000)
 PSPermGen       total 49920K, used 49499K [0x00000007bae00000, 0x00000007bdec0000, 0x00000007c0000000)
  object space 49920K, 99% used [0x00000007bae00000,0x00000007bde56ef8,0x00000007bdec0000)
Event: 5059.586 GC heap after
Heap after GC invocations=159 (full 74):
 PSYoungGen      total 294976K, used 2309K [0x00000007eaab0000, 0x00000007fd0d0000, 0x0000000800000000)
  eden space 292608K, 0% used [0x00000007eaab0000,0x00000007eaab0000,0x00000007fc870000)
  from space 2368K, 97% used [0x00000007fc870000,0x00000007fcab1538,0x00000007fcac0000)
  to   space 4288K, 0% used [0x00000007fcca0000,0x00000007fcca0000,0x00000007fd0d0000)
 ParOldGen       total 87424K, used 42489K [0x00000007c0000000, 0x00000007c5560000, 0x00000007eaab0000)
  object space 87424K, 48% used [0x00000007c0000000,0x00000007c297e528,0x00000007c5560000)
 PSPermGen       total 49920K, used 49499K [0x00000007bae00000, 0x00000007bdec0000, 0x00000007c0000000)
  object space 49920K, 99% used [0x00000007bae00000,0x00000007bde56ef8,0x00000007bdec0000)
}
Event: 5059.586 GC heap before
{Heap before GC invocations=160 (full 75):
 PSYoungGen      total 294976K, used 2309K [0x00000007eaab0000, 0x00000007fd0d0000, 0x0000000800000000)
  eden space 292608K, 0% used [0x00000007eaab0000,0x00000007eaab0000,0x00000007fc870000)
  from space 2368K, 97% used [0x00000007fc870000,0x00000007fcab1538,0x00000007fcac0000)
  to   space 4288K, 0% used [0x00000007fcca0000,0x00000007fcca0000,0x00000007fd0d0000)
 ParOldGen       total 87424K, used 42489K [0x00000007c0000000, 0x00000007c5560000, 0x00000007eaab0000)
  object space 87424K, 48% used [0x00000007c0000000,0x00000007c297e528,0x00000007c5560000)
 PSPermGen       total 49920K, used 49499K [0x00000007bae00000, 0x00000007bdec0000, 0x00000007c0000000)
  object space 49920K, 99% used [0x00000007bae00000,0x00000007bde56ef8,0x00000007bdec0000)
Event: 5059.716 GC heap after
Heap after GC invocations=160 (full 75):
 PSYoungGen      total 294976K, used 0K [0x00000007eaab0000, 0x00000007fd0d0000, 0x0000000800000000)
  eden space 292608K, 0% used [0x00000007eaab0000,0x00000007eaab0000,0x00000007fc870000)
  from space 2368K, 0% used [0x00000007fc870000,0x00000007fc870000,0x00000007fcac0000)
  to   space 4288K, 0% used [0x00000007fcca0000,0x00000007fcca0000,0x00000007fd0d0000)
 ParOldGen       total 87424K, used 42547K [0x00000007c0000000, 0x00000007c5560000, 0x00000007eaab0000)
  object space 87424K, 48% used [0x00000007c0000000,0x00000007c298cda0,0x00000007c5560000)
 PSPermGen       total 49920K, used 49499K [0x00000007bae00000, 0x00000007bdec0000, 0x00000007c0000000)
  object space 49920K, 99% used [0x00000007bae00000,0x00000007bde56c98,0x00000007bdec0000)
}
Event: 5129.235 GC heap before
{Heap before GC invocations=161 (full 75):
 PSYoungGen      total 294976K, used 142221K [0x00000007eaab0000, 0x00000007fd0d0000, 0x0000000800000000)
  eden space 292608K, 48% used [0x00000007eaab0000,0x00000007f35937f8,0x00000007fc870000)
  from space 2368K, 0% used [0x00000007fc870000,0x00000007fc870000,0x00000007fcac0000)
  to   space 4288K, 0% used [0x00000007fcca0000,0x00000007fcca0000,0x00000007fd0d0000)
 ParOldGen       total 87424K, used 42547K [0x00000007c0000000, 0x00000007c5560000, 0x00000007eaab0000)
  object space 87424K, 48% used [0x00000007c0000000,0x00000007c298cda0,0x00000007c5560000)
 PSPermGen       total 49920K, used 49505K [0x00000007bae00000, 0x00000007bdec0000, 0x00000007c0000000)
  object space 49920K, 99% used [0x00000007bae00000,0x00000007bde58420,0x00000007bdec0000)
Event: 5129.240 GC heap after
Heap after GC invocations=161 (full 75):
 PSYoungGen      total 296768K, used 2574K [0x00000007eaab0000, 0x00000007fd0b0000, 0x0000000800000000)
  eden space 292608K, 0% used [0x00000007eaab0000,0x00000007eaab0000,0x00000007fc870000)
  from space 4160K, 61% used [0x00000007fcca0000,0x00000007fcf23a40,0x00000007fd0b0000)
  to   space 4224K, 0% used [0x00000007fc870000,0x00000007fc870000,0x00000007fcc90000)
 ParOldGen       total 87424K, used 42547K [0x00000007c0000000, 0x00000007c5560000, 0x00000007eaab0000)
  object space 87424K, 48% used [0x00000007c0000000,0x00000007c298cda0,0x00000007c5560000)
 PSPermGen       total 49920K, used 49505K [0x00000007bae00000, 0x00000007bdec0000, 0x00000007c0000000)
  object space 49920K, 99% used [0x00000007bae00000,0x00000007bde58420,0x00000007bdec0000)
}
Event: 5129.240 GC heap before
{Heap before GC invocations=162 (full 76):
 PSYoungGen      total 296768K, used 2574K [0x00000007eaab0000, 0x00000007fd0b0000, 0x0000000800000000)
  eden space 292608K, 0% used [0x00000007eaab0000,0x00000007eaab0000,0x00000007fc870000)
  from space 4160K, 61% used [0x00000007fcca0000,0x00000007fcf23a40,0x00000007fd0b0000)
  to   space 4224K, 0% used [0x00000007fc870000,0x00000007fc870000,0x00000007fcc90000)
 ParOldGen       total 87424K, used 42547K [0x00000007c0000000, 0x00000007c5560000, 0x00000007eaab0000)
  object space 87424K, 48% used [0x00000007c0000000,0x00000007c298cda0,0x00000007c5560000)
 PSPermGen       total 49920K, used 49505K [0x00000007bae00000, 0x00000007bdec0000, 0x00000007c0000000)
  object space 49920K, 99% used [0x00000007bae00000,0x00000007bde58420,0x00000007bdec0000)
Event: 5129.360 GC heap after
Heap after GC invocations=162 (full 76):
 PSYoungGen      total 296768K, used 0K [0x00000007eaab0000, 0x00000007fd0b0000, 0x0000000800000000)
  eden space 292608K, 0% used [0x00000007eaab0000,0x00000007eaab0000,0x00000007fc870000)
  from space 4160K, 0% used [0x00000007fcca0000,0x00000007fcca0000,0x00000007fd0b0000)
  to   space 4224K, 0% used [0x00000007fc870000,0x00000007fc870000,0x00000007fcc90000)
 ParOldGen       total 87424K, used 42580K [0x00000007c0000000, 0x00000007c5560000, 0x00000007eaab0000)
  object space 87424K, 48% used [0x00000007c0000000,0x00000007c2995200,0x00000007c5560000)
 PSPermGen       total 49920K, used 49504K [0x00000007bae00000, 0x00000007bdec0000, 0x00000007c0000000)
  object space 49920K, 99% used [0x00000007bae00000,0x00000007bde58380,0x00000007bdec0000)
}

