# JRE version: 7.0_25-b15
# Java VM: Java HotSpot(TM) 64-Bit Server VM (23.25-b01 mixed mode bsd-amd64 compressed oops)
Heap
 PSYoungGen      total 264064K, used 137189K [0x00000007eaab0000, 0x00000007feab0000, 0x0000000800000000)
  eden space 262144K, 52% used [0x00000007eaab0000,0x00000007f30a9750,0x00000007faab0000)
  from space 1920K, 0% used [0x00000007faab0000,0x00000007faab0000,0x00000007fac90000)
  to   space 32768K, 0% used [0x00000007fcab0000,0x00000007fcab0000,0x00000007feab0000)
 ParOldGen       total 87424K, used 43002K [0x00000007c0000000, 0x00000007c5560000, 0x00000007eaab0000)
  object space 87424K, 49% used [0x00000007c0000000,0x00000007c29fe830,0x00000007c5560000)
 PSPermGen       total 83968K, used 51419K [0x00000007bae00000, 0x00000007c0000000, 0x00000007c0000000)
  object space 83968K, 61% used [0x00000007bae00000,0x00000007be036c68,0x00000007c0000000)
GC Heap History (10 events):
Event: 408.383 GC heap before
{Heap before GC invocations=17 (full 6):
 PSYoungGen      total 295936K, used 1805K [0x00000007eaab0000, 0x00000007fecf0000, 0x0000000800000000)
  eden space 261696K, 0% used [0x00000007eaab0000,0x00000007eaab0000,0x00000007faa40000)
  from space 34240K, 5% used [0x00000007faa40000,0x00000007fac035d8,0x00000007fcbb0000)
  to   space 33920K, 0% used [0x00000007fcbd0000,0x00000007fcbd0000,0x00000007fecf0000)
 ParOldGen       total 87424K, used 42840K [0x00000007c0000000, 0x00000007c5560000, 0x00000007eaab0000)
  object space 87424K, 49% used [0x00000007c0000000,0x00000007c29d62e8,0x00000007c5560000)
 PSPermGen       total 83968K, used 51285K [0x00000007bae00000, 0x00000007c0000000, 0x00000007c0000000)
  object space 83968K, 61% used [0x00000007bae00000,0x00000007be015408,0x00000007c0000000)
Event: 408.575 GC heap after
Heap after GC invocations=17 (full 6):
 PSYoungGen      total 295936K, used 0K [0x00000007eaab0000, 0x00000007fecf0000, 0x0000000800000000)
  eden space 261696K, 0% used [0x00000007eaab0000,0x00000007eaab0000,0x00000007faa40000)
  from space 34240K, 0% used [0x00000007faa40000,0x00000007faa40000,0x00000007fcbb0000)
  to   space 33920K, 0% used [0x00000007fcbd0000,0x00000007fcbd0000,0x00000007fecf0000)
 ParOldGen       total 87424K, used 42923K [0x00000007c0000000, 0x00000007c5560000, 0x00000007eaab0000)
  object space 87424K, 49% used [0x00000007c0000000,0x00000007c29eaeb0,0x00000007c5560000)
 PSPermGen       total 83968K, used 51284K [0x00000007bae00000, 0x00000007c0000000, 0x00000007c0000000)
  object space 83968K, 61% used [0x00000007bae00000,0x00000007be015388,0x00000007c0000000)
}
Event: 468.381 GC heap before
{Heap before GC invocations=18 (full 6):
 PSYoungGen      total 295936K, used 13151K [0x00000007eaab0000, 0x00000007fecf0000, 0x0000000800000000)
  eden space 261696K, 5% used [0x00000007eaab0000,0x00000007eb787f60,0x00000007faa40000)
  from space 34240K, 0% used [0x00000007faa40000,0x00000007faa40000,0x00000007fcbb0000)
  to   space 33920K, 0% used [0x00000007fcbd0000,0x00000007fcbd0000,0x00000007fecf0000)
 ParOldGen       total 87424K, used 42923K [0x00000007c0000000, 0x00000007c5560000, 0x00000007eaab0000)
  object space 87424K, 49% used [0x00000007c0000000,0x00000007c29eaeb0,0x00000007c5560000)
 PSPermGen       total 83968K, used 51289K [0x00000007bae00000, 0x00000007c0000000, 0x00000007c0000000)
  object space 83968K, 61% used [0x00000007bae00000,0x00000007be016508,0x00000007c0000000)
Event: 468.385 GC heap after
Heap after GC invocations=18 (full 6):
 PSYoungGen      total 295424K, used 339K [0x00000007eaab0000, 0x00000007fec50000, 0x0000000800000000)
  eden space 262144K, 0% used [0x00000007eaab0000,0x00000007eaab0000,0x00000007faab0000)
  from space 33280K, 1% used [0x00000007fcbd0000,0x00000007fcc24cd0,0x00000007fec50000)
  to   space 33600K, 0% used [0x00000007faab0000,0x00000007faab0000,0x00000007fcb80000)
 ParOldGen       total 87424K, used 42923K [0x00000007c0000000, 0x00000007c5560000, 0x00000007eaab0000)
  object space 87424K, 49% used [0x00000007c0000000,0x00000007c29eaeb0,0x00000007c5560000)
 PSPermGen       total 83968K, used 51289K [0x00000007bae00000, 0x00000007c0000000, 0x00000007c0000000)
  object space 83968K, 61% used [0x00000007bae00000,0x00000007be016508,0x00000007c0000000)
}
Event: 468.385 GC heap before
{Heap before GC invocations=19 (full 7):
 PSYoungGen      total 295424K, used 339K [0x00000007eaab0000, 0x00000007fec50000, 0x0000000800000000)
  eden space 262144K, 0% used [0x00000007eaab0000,0x00000007eaab0000,0x00000007faab0000)
  from space 33280K, 1% used [0x00000007fcbd0000,0x00000007fcc24cd0,0x00000007fec50000)
  to   space 33600K, 0% used [0x00000007faab0000,0x00000007faab0000,0x00000007fcb80000)
 ParOldGen       total 87424K, used 42923K [0x00000007c0000000, 0x00000007c5560000, 0x00000007eaab0000)
  object space 87424K, 49% used [0x00000007c0000000,0x00000007c29eaeb0,0x00000007c5560000)
 PSPermGen       total 83968K, used 51289K [0x00000007bae00000, 0x00000007c0000000, 0x00000007c0000000)
  object space 83968K, 61% used [0x00000007bae00000,0x00000007be016508,0x00000007c0000000)
Event: 468.547 GC heap after
Heap after GC invocations=19 (full 7):
 PSYoungGen      total 295424K, used 0K [0x00000007eaab0000, 0x00000007fec50000, 0x0000000800000000)
  eden space 262144K, 0% used [0x00000007eaab0000,0x00000007eaab0000,0x00000007faab0000)
  from space 33280K, 0% used [0x00000007fcbd0000,0x00000007fcbd0000,0x00000007fec50000)
  to   space 33600K, 0% used [0x00000007faab0000,0x00000007faab0000,0x00000007fcb80000)
 ParOldGen       total 87424K, used 43015K [0x00000007c0000000, 0x00000007c5560000, 0x00000007eaab0000)
  object space 87424K, 49% used [0x00000007c0000000,0x00000007c2a01c78,0x00000007c5560000)
 PSPermGen       total 83968K, used 51289K [0x00000007bae00000, 0x00000007c0000000, 0x00000007c0000000)
  object space 83968K, 61% used [0x00000007bae00000,0x00000007be016448,0x00000007c0000000)
}
Event: 536.354 GC heap before
{Heap before GC invocations=20 (full 7):
 PSYoungGen      total 295424K, used 88910K [0x00000007eaab0000, 0x00000007fec50000, 0x0000000800000000)
  eden space 262144K, 33% used [0x00000007eaab0000,0x00000007f0183860,0x00000007faab0000)
  from space 33280K, 0% used [0x00000007fcbd0000,0x00000007fcbd0000,0x00000007fec50000)
  to   space 33600K, 0% used [0x00000007faab0000,0x00000007faab0000,0x00000007fcb80000)
 ParOldGen       total 87424K, used 43015K [0x00000007c0000000, 0x00000007c5560000, 0x00000007eaab0000)
  object space 87424K, 49% used [0x00000007c0000000,0x00000007c2a01c78,0x00000007c5560000)
 PSPermGen       total 83968K, used 51333K [0x00000007bae00000, 0x00000007c0000000, 0x00000007c0000000)
  object space 83968K, 61% used [0x00000007bae00000,0x00000007be021498,0x00000007c0000000)
Event: 536.361 GC heap after
Heap after GC invocations=20 (full 7):
 PSYoungGen      total 264064K, used 1886K [0x00000007eaab0000, 0x00000007feab0000, 0x0000000800000000)
  eden space 262144K, 0% used [0x00000007eaab0000,0x00000007eaab0000,0x00000007faab0000)
  from space 1920K, 98% used [0x00000007faab0000,0x00000007fac878f0,0x00000007fac90000)
  to   space 32768K, 0% used [0x00000007fcab0000,0x00000007fcab0000,0x00000007feab0000)
 ParOldGen       total 87424K, used 43015K [0x00000007c0000000, 0x00000007c5560000, 0x00000007eaab0000)
  object space 87424K, 49% used [0x00000007c0000000,0x00000007c2a01c78,0x00000007c5560000)
 PSPermGen       total 83968K, used 51333K [0x00000007bae00000, 0x00000007c0000000, 0x00000007c0000000)
  object space 83968K, 61% used [0x00000007bae00000,0x00000007be021498,0x00000007c0000000)
}
Event: 536.361 GC heap before
{Heap before GC invocations=21 (full 8):
 PSYoungGen      total 264064K, used 1886K [0x00000007eaab0000, 0x00000007feab0000, 0x0000000800000000)
  eden space 262144K, 0% used [0x00000007eaab0000,0x00000007eaab0000,0x00000007faab0000)
  from space 1920K, 98% used [0x00000007faab0000,0x00000007fac878f0,0x00000007fac90000)
  to   space 32768K, 0% used [0x00000007fcab0000,0x00000007fcab0000,0x00000007feab0000)
 ParOldGen       total 87424K, used 43015K [0x00000007c0000000, 0x00000007c5560000, 0x00000007eaab0000)
  object space 87424K, 49% used [0x00000007c0000000,0x00000007c2a01c78,0x00000007c5560000)
 PSPermGen       total 83968K, used 51333K [0x00000007bae00000, 0x00000007c0000000, 0x00000007c0000000)
  object space 83968K, 61% used [0x00000007bae00000,0x00000007be021498,0x00000007c0000000)
Event: 536.552 GC heap after
Heap after GC invocations=21 (full 8):
 PSYoungGen      total 264064K, used 0K [0x00000007eaab0000, 0x00000007feab0000, 0x0000000800000000)
  eden space 262144K, 0% used [0x00000007eaab0000,0x00000007eaab0000,0x00000007faab0000)
  from space 1920K, 0% used [0x00000007faab0000,0x00000007faab0000,0x00000007fac90000)
  to   space 32768K, 0% used [0x00000007fcab0000,0x00000007fcab0000,0x00000007feab0000)
 ParOldGen       total 87424K, used 43002K [0x00000007c0000000, 0x00000007c5560000, 0x00000007eaab0000)
  object space 87424K, 49% used [0x00000007c0000000,0x00000007c29fe830,0x00000007c5560000)
 PSPermGen       total 83968K, used 51333K [0x00000007bae00000, 0x00000007c0000000, 0x00000007c0000000)
  object space 83968K, 61% used [0x00000007bae00000,0x00000007be021438,0x00000007c0000000)
}

