# JRE version: 7.0_25-b15
# Java VM: Java HotSpot(TM) 64-Bit Server VM (23.25-b01 mixed mode bsd-amd64 compressed oops)
Heap
 PSYoungGen      total 39936K, used 14277K [0x00000007eaab0000, 0x00000007ed550000, 0x0000000800000000)
  eden space 36864K, 32% used [0x00000007eaab0000,0x00000007eb67fc08,0x00000007eceb0000)
  from space 3072K, 71% used [0x00000007ed250000,0x00000007ed4718c0,0x00000007ed550000)
  to   space 3392K, 0% used [0x00000007eceb0000,0x00000007eceb0000,0x00000007ed200000)
 ParOldGen       total 87424K, used 46195K [0x00000007c0000000, 0x00000007c5560000, 0x00000007eaab0000)
  object space 87424K, 52% used [0x00000007c0000000,0x00000007c2d1cdd8,0x00000007c5560000)
 PSPermGen       total 52928K, used 52615K [0x00000007bae00000, 0x00000007be1b0000, 0x00000007c0000000)
  object space 52928K, 99% used [0x00000007bae00000,0x00000007be161e60,0x00000007be1b0000)
GC Heap History (10 events):
Event: 13056.712 GC heap before
{Heap before GC invocations=1123 (full 195):
 PSYoungGen      total 40832K, used 38272K [0x00000007eaab0000, 0x00000007ed550000, 0x0000000800000000)
  eden space 38144K, 100% used [0x00000007eaab0000,0x00000007ecff0000,0x00000007ecff0000)
  from space 2688K, 4% used [0x00000007ecff0000,0x00000007ed010000,0x00000007ed290000)
  to   space 2624K, 0% used [0x00000007ed2c0000,0x00000007ed2c0000,0x00000007ed550000)
 ParOldGen       total 87424K, used 44205K [0x00000007c0000000, 0x00000007c5560000, 0x00000007eaab0000)
  object space 87424K, 50% used [0x00000007c0000000,0x00000007c2b2b4a0,0x00000007c5560000)
 PSPermGen       total 52928K, used 52615K [0x00000007bae00000, 0x00000007be1b0000, 0x00000007c0000000)
  object space 52928K, 99% used [0x00000007bae00000,0x00000007be161e60,0x00000007be1b0000)
Event: 13056.715 GC heap after
Heap after GC invocations=1123 (full 195):
 PSYoungGen      total 40512K, used 1955K [0x00000007eaab0000, 0x00000007ed550000, 0x0000000800000000)
  eden space 37888K, 0% used [0x00000007eaab0000,0x00000007eaab0000,0x00000007ecfb0000)
  from space 2624K, 74% used [0x00000007ed2c0000,0x00000007ed4a8d70,0x00000007ed550000)
  to   space 2880K, 0% used [0x00000007ecfb0000,0x00000007ecfb0000,0x00000007ed280000)
 ParOldGen       total 87424K, used 44229K [0x00000007c0000000, 0x00000007c5560000, 0x00000007eaab0000)
  object space 87424K, 50% used [0x00000007c0000000,0x00000007c2b314a0,0x00000007c5560000)
 PSPermGen       total 52928K, used 52615K [0x00000007bae00000, 0x00000007be1b0000, 0x00000007c0000000)
  object space 52928K, 99% used [0x00000007bae00000,0x00000007be161e60,0x00000007be1b0000)
}
Event: 13058.267 GC heap before
{Heap before GC invocations=1124 (full 195):
 PSYoungGen      total 40512K, used 39843K [0x00000007eaab0000, 0x00000007ed550000, 0x0000000800000000)
  eden space 37888K, 100% used [0x00000007eaab0000,0x00000007ecfb0000,0x00000007ecfb0000)
  from space 2624K, 74% used [0x00000007ed2c0000,0x00000007ed4a8d70,0x00000007ed550000)
  to   space 2880K, 0% used [0x00000007ecfb0000,0x00000007ecfb0000,0x00000007ed280000)
 ParOldGen       total 87424K, used 44229K [0x00000007c0000000, 0x00000007c5560000, 0x00000007eaab0000)
  object space 87424K, 50% used [0x00000007c0000000,0x00000007c2b314a0,0x00000007c5560000)
 PSPermGen       total 52928K, used 52615K [0x00000007bae00000, 0x00000007be1b0000, 0x00000007c0000000)
  object space 52928K, 99% used [0x00000007bae00000,0x00000007be161e60,0x00000007be1b0000)
Event: 13058.271 GC heap after
Heap after GC invocations=1124 (full 195):
 PSYoungGen      total 40448K, used 2499K [0x00000007eaab0000, 0x00000007ed550000, 0x0000000800000000)
  eden space 37888K, 0% used [0x00000007eaab0000,0x00000007eaab0000,0x00000007ecfb0000)
  from space 2560K, 97% used [0x00000007ecfb0000,0x00000007ed220d78,0x00000007ed230000)
  to   space 3200K, 0% used [0x00000007ed230000,0x00000007ed230000,0x00000007ed550000)
 ParOldGen       total 87424K, used 44318K [0x00000007c0000000, 0x00000007c5560000, 0x00000007eaab0000)
  object space 87424K, 50% used [0x00000007c0000000,0x00000007c2b47ac0,0x00000007c5560000)
 PSPermGen       total 52928K, used 52615K [0x00000007bae00000, 0x00000007be1b0000, 0x00000007c0000000)
  object space 52928K, 99% used [0x00000007bae00000,0x00000007be161e60,0x00000007be1b0000)
}
Event: 13059.579 GC heap before
{Heap before GC invocations=1125 (full 195):
 PSYoungGen      total 40448K, used 40374K [0x00000007eaab0000, 0x00000007ed550000, 0x0000000800000000)
  eden space 37888K, 99% used [0x00000007eaab0000,0x00000007ecfacd00,0x00000007ecfb0000)
  from space 2560K, 97% used [0x00000007ecfb0000,0x00000007ed220d78,0x00000007ed230000)
  to   space 3200K, 0% used [0x00000007ed230000,0x00000007ed230000,0x00000007ed550000)
 ParOldGen       total 87424K, used 44318K [0x00000007c0000000, 0x00000007c5560000, 0x00000007eaab0000)
  object space 87424K, 50% used [0x00000007c0000000,0x00000007c2b47ac0,0x00000007c5560000)
 PSPermGen       total 52928K, used 52615K [0x00000007bae00000, 0x00000007be1b0000, 0x00000007c0000000)
  object space 52928K, 99% used [0x00000007bae00000,0x00000007be161e60,0x00000007be1b0000)
Event: 13059.583 GC heap after
Heap after GC invocations=1125 (full 195):
 PSYoungGen      total 40448K, used 318K [0x00000007eaab0000, 0x00000007ed550000, 0x0000000800000000)
  eden space 37248K, 0% used [0x00000007eaab0000,0x00000007eaab0000,0x00000007ecf10000)
  from space 3200K, 9% used [0x00000007ed230000,0x00000007ed27fb10,0x00000007ed550000)
  to   space 3200K, 0% used [0x00000007ecf10000,0x00000007ecf10000,0x00000007ed230000)
 ParOldGen       total 87424K, used 45963K [0x00000007c0000000, 0x00000007c5560000, 0x00000007eaab0000)
  object space 87424K, 52% used [0x00000007c0000000,0x00000007c2ce2f90,0x00000007c5560000)
 PSPermGen       total 52928K, used 52615K [0x00000007bae00000, 0x00000007be1b0000, 0x00000007c0000000)
  object space 52928K, 99% used [0x00000007bae00000,0x00000007be161e60,0x00000007be1b0000)
}
Event: 13059.805 GC heap before
{Heap before GC invocations=1126 (full 195):
 PSYoungGen      total 40448K, used 37558K [0x00000007eaab0000, 0x00000007ed550000, 0x0000000800000000)
  eden space 37248K, 99% used [0x00000007eaab0000,0x00000007ecf0e088,0x00000007ecf10000)
  from space 3200K, 9% used [0x00000007ed230000,0x00000007ed27fb10,0x00000007ed550000)
  to   space 3200K, 0% used [0x00000007ecf10000,0x00000007ecf10000,0x00000007ed230000)
 ParOldGen       total 87424K, used 45963K [0x00000007c0000000, 0x00000007c5560000, 0x00000007eaab0000)
  object space 87424K, 52% used [0x00000007c0000000,0x00000007c2ce2f90,0x00000007c5560000)
 PSPermGen       total 52928K, used 52615K [0x00000007bae00000, 0x00000007be1b0000, 0x00000007c0000000)
  object space 52928K, 99% used [0x00000007bae00000,0x00000007be161e60,0x00000007be1b0000)
Event: 13059.807 GC heap after
Heap after GC invocations=1126 (full 195):
 PSYoungGen      total 40448K, used 128K [0x00000007eaab0000, 0x00000007ed550000, 0x0000000800000000)
  eden space 37248K, 0% used [0x00000007eaab0000,0x00000007eaab0000,0x00000007ecf10000)
  from space 3200K, 4% used [0x00000007ecf10000,0x00000007ecf30000,0x00000007ed230000)
  to   space 3072K, 0% used [0x00000007ed250000,0x00000007ed250000,0x00000007ed550000)
 ParOldGen       total 87424K, used 46155K [0x00000007c0000000, 0x00000007c5560000, 0x00000007eaab0000)
  object space 87424K, 52% used [0x00000007c0000000,0x00000007c2d12db8,0x00000007c5560000)
 PSPermGen       total 52928K, used 52615K [0x00000007bae00000, 0x00000007be1b0000, 0x00000007c0000000)
  object space 52928K, 99% used [0x00000007bae00000,0x00000007be161e60,0x00000007be1b0000)
}
Event: 13062.718 GC heap before
{Heap before GC invocations=1127 (full 195):
 PSYoungGen      total 40448K, used 37376K [0x00000007eaab0000, 0x00000007ed550000, 0x0000000800000000)
  eden space 37248K, 100% used [0x00000007eaab0000,0x00000007ecf10000,0x00000007ecf10000)
  from space 3200K, 4% used [0x00000007ecf10000,0x00000007ecf30000,0x00000007ed230000)
  to   space 3072K, 0% used [0x00000007ed250000,0x00000007ed250000,0x00000007ed550000)
 ParOldGen       total 87424K, used 46155K [0x00000007c0000000, 0x00000007c5560000, 0x00000007eaab0000)
  object space 87424K, 52% used [0x00000007c0000000,0x00000007c2d12db8,0x00000007c5560000)
 PSPermGen       total 52928K, used 52615K [0x00000007bae00000, 0x00000007be1b0000, 0x00000007c0000000)
  object space 52928K, 99% used [0x00000007bae00000,0x00000007be161e60,0x00000007be1b0000)
Event: 13062.722 GC heap after
Heap after GC invocations=1127 (full 195):
 PSYoungGen      total 39936K, used 2182K [0x00000007eaab0000, 0x00000007ed550000, 0x0000000800000000)
  eden space 36864K, 0% used [0x00000007eaab0000,0x00000007eaab0000,0x00000007eceb0000)
  from space 3072K, 71% used [0x00000007ed250000,0x00000007ed4718c0,0x00000007ed550000)
  to   space 3392K, 0% used [0x00000007eceb0000,0x00000007eceb0000,0x00000007ed200000)
 ParOldGen       total 87424K, used 46195K [0x00000007c0000000, 0x00000007c5560000, 0x00000007eaab0000)
  object space 87424K, 52% used [0x00000007c0000000,0x00000007c2d1cdd8,0x00000007c5560000)
 PSPermGen       total 52928K, used 52615K [0x00000007bae00000, 0x00000007be1b0000, 0x00000007c0000000)
  object space 52928K, 99% used [0x00000007bae00000,0x00000007be161e60,0x00000007be1b0000)
}

