# JRE version: 7.0_25-b15
# Java VM: Java HotSpot(TM) 64-Bit Server VM (23.25-b01 mixed mode bsd-amd64 compressed oops)
Heap
 PSYoungGen      total 276288K, used 85366K [0x00000007eaab0000, 0x00000007fd6b0000, 0x0000000800000000)
  eden space 245312K, 34% used [0x00000007eaab0000,0x00000007efe0d878,0x00000007f9a40000)
  from space 30976K, 0% used [0x00000007f9a40000,0x00000007f9a40000,0x00000007fb880000)
  to   space 30848K, 0% used [0x00000007fb890000,0x00000007fb890000,0x00000007fd6b0000)
 ParOldGen       total 87424K, used 42191K [0x00000007c0000000, 0x00000007c5560000, 0x00000007eaab0000)
  object space 87424K, 48% used [0x00000007c0000000,0x00000007c2933e28,0x00000007c5560000)
 PSPermGen       total 83968K, used 47474K [0x00000007bae00000, 0x00000007c0000000, 0x00000007c0000000)
  object space 83968K, 56% used [0x00000007bae00000,0x00000007bdc5cb20,0x00000007c0000000)
GC Heap History (10 events):
Event: 194.314 GC heap before
{Heap before GC invocations=14 (full 3):
 PSYoungGen      total 274368K, used 320K [0x00000007eaab0000, 0x00000007fd690000, 0x0000000800000000)
  eden space 244608K, 0% used [0x00000007eaab0000,0x00000007eaab0000,0x00000007f9990000)
  from space 29760K, 1% used [0x00000007f9990000,0x00000007f99e0000,0x00000007fb6a0000)
  to   space 30784K, 0% used [0x00000007fb880000,0x00000007fb880000,0x00000007fd690000)
 ParOldGen       total 87424K, used 42024K [0x00000007c0000000, 0x00000007c5560000, 0x00000007eaab0000)
  object space 87424K, 48% used [0x00000007c0000000,0x00000007c290a350,0x00000007c5560000)
 PSPermGen       total 83968K, used 46809K [0x00000007bae00000, 0x00000007c0000000, 0x00000007c0000000)
  object space 83968K, 55% used [0x00000007bae00000,0x00000007bdbb6470,0x00000007c0000000)
Event: 194.471 GC heap after
Heap after GC invocations=14 (full 3):
 PSYoungGen      total 274368K, used 0K [0x00000007eaab0000, 0x00000007fd690000, 0x0000000800000000)
  eden space 244608K, 0% used [0x00000007eaab0000,0x00000007eaab0000,0x00000007f9990000)
  from space 29760K, 0% used [0x00000007f9990000,0x00000007f9990000,0x00000007fb6a0000)
  to   space 30784K, 0% used [0x00000007fb880000,0x00000007fb880000,0x00000007fd690000)
 ParOldGen       total 87424K, used 41735K [0x00000007c0000000, 0x00000007c5560000, 0x00000007eaab0000)
  object space 87424K, 47% used [0x00000007c0000000,0x00000007c28c1e00,0x00000007c5560000)
 PSPermGen       total 83968K, used 46808K [0x00000007bae00000, 0x00000007c0000000, 0x00000007c0000000)
  object space 83968K, 55% used [0x00000007bae00000,0x00000007bdbb6130,0x00000007c0000000)
}
Event: 257.735 GC heap before
{Heap before GC invocations=15 (full 3):
 PSYoungGen      total 274368K, used 138137K [0x00000007eaab0000, 0x00000007fd690000, 0x0000000800000000)
  eden space 244608K, 56% used [0x00000007eaab0000,0x00000007f3196488,0x00000007f9990000)
  from space 29760K, 0% used [0x00000007f9990000,0x00000007f9990000,0x00000007fb6a0000)
  to   space 30784K, 0% used [0x00000007fb880000,0x00000007fb880000,0x00000007fd690000)
 ParOldGen       total 87424K, used 41735K [0x00000007c0000000, 0x00000007c5560000, 0x00000007eaab0000)
  object space 87424K, 47% used [0x00000007c0000000,0x00000007c28c1e00,0x00000007c5560000)
 PSPermGen       total 83968K, used 46985K [0x00000007bae00000, 0x00000007c0000000, 0x00000007c0000000)
  object space 83968K, 55% used [0x00000007bae00000,0x00000007bdbe27c0,0x00000007c0000000)
Event: 257.739 GC heap after
Heap after GC invocations=15 (full 3):
 PSYoungGen      total 276096K, used 2146K [0x00000007eaab0000, 0x00000007fd6f0000, 0x0000000800000000)
  eden space 245312K, 0% used [0x00000007eaab0000,0x00000007eaab0000,0x00000007f9a40000)
  from space 30784K, 6% used [0x00000007fb880000,0x00000007fba98840,0x00000007fd690000)
  to   space 30976K, 0% used [0x00000007f9a40000,0x00000007f9a40000,0x00000007fb880000)
 ParOldGen       total 87424K, used 41735K [0x00000007c0000000, 0x00000007c5560000, 0x00000007eaab0000)
  object space 87424K, 47% used [0x00000007c0000000,0x00000007c28c1e00,0x00000007c5560000)
 PSPermGen       total 83968K, used 46985K [0x00000007bae00000, 0x00000007c0000000, 0x00000007c0000000)
  object space 83968K, 55% used [0x00000007bae00000,0x00000007bdbe27c0,0x00000007c0000000)
}
Event: 257.739 GC heap before
{Heap before GC invocations=16 (full 4):
 PSYoungGen      total 276096K, used 2146K [0x00000007eaab0000, 0x00000007fd6f0000, 0x0000000800000000)
  eden space 245312K, 0% used [0x00000007eaab0000,0x00000007eaab0000,0x00000007f9a40000)
  from space 30784K, 6% used [0x00000007fb880000,0x00000007fba98840,0x00000007fd690000)
  to   space 30976K, 0% used [0x00000007f9a40000,0x00000007f9a40000,0x00000007fb880000)
 ParOldGen       total 87424K, used 41735K [0x00000007c0000000, 0x00000007c5560000, 0x00000007eaab0000)
  object space 87424K, 47% used [0x00000007c0000000,0x00000007c28c1e00,0x00000007c5560000)
 PSPermGen       total 83968K, used 46985K [0x00000007bae00000, 0x00000007c0000000, 0x00000007c0000000)
  object space 83968K, 55% used [0x00000007bae00000,0x00000007bdbe27c0,0x00000007c0000000)
Event: 257.862 GC heap after
Heap after GC invocations=16 (full 4):
 PSYoungGen      total 276096K, used 0K [0x00000007eaab0000, 0x00000007fd6f0000, 0x0000000800000000)
  eden space 245312K, 0% used [0x00000007eaab0000,0x00000007eaab0000,0x00000007f9a40000)
  from space 30784K, 0% used [0x00000007fb880000,0x00000007fb880000,0x00000007fd690000)
  to   space 30976K, 0% used [0x00000007f9a40000,0x00000007f9a40000,0x00000007fb880000)
 ParOldGen       total 87424K, used 41919K [0x00000007c0000000, 0x00000007c5560000, 0x00000007eaab0000)
  object space 87424K, 47% used [0x00000007c0000000,0x00000007c28eff70,0x00000007c5560000)
 PSPermGen       total 83968K, used 46984K [0x00000007bae00000, 0x00000007c0000000, 0x00000007c0000000)
  object space 83968K, 55% used [0x00000007bae00000,0x00000007bdbe2240,0x00000007c0000000)
}
Event: 319.472 GC heap before
{Heap before GC invocations=17 (full 4):
 PSYoungGen      total 276096K, used 167985K [0x00000007eaab0000, 0x00000007fd6f0000, 0x0000000800000000)
  eden space 245312K, 68% used [0x00000007eaab0000,0x00000007f4ebc720,0x00000007f9a40000)
  from space 30784K, 0% used [0x00000007fb880000,0x00000007fb880000,0x00000007fd690000)
  to   space 30976K, 0% used [0x00000007f9a40000,0x00000007f9a40000,0x00000007fb880000)
 ParOldGen       total 87424K, used 41919K [0x00000007c0000000, 0x00000007c5560000, 0x00000007eaab0000)
  object space 87424K, 47% used [0x00000007c0000000,0x00000007c28eff70,0x00000007c5560000)
 PSPermGen       total 83968K, used 47207K [0x00000007bae00000, 0x00000007c0000000, 0x00000007c0000000)
  object space 83968K, 56% used [0x00000007bae00000,0x00000007bdc19f58,0x00000007c0000000)
Event: 319.478 GC heap after
Heap after GC invocations=17 (full 4):
 PSYoungGen      total 276288K, used 2202K [0x00000007eaab0000, 0x00000007fd6b0000, 0x0000000800000000)
  eden space 245312K, 0% used [0x00000007eaab0000,0x00000007eaab0000,0x00000007f9a40000)
  from space 30976K, 7% used [0x00000007f9a40000,0x00000007f9c669b8,0x00000007fb880000)
  to   space 30848K, 0% used [0x00000007fb890000,0x00000007fb890000,0x00000007fd6b0000)
 ParOldGen       total 87424K, used 41919K [0x00000007c0000000, 0x00000007c5560000, 0x00000007eaab0000)
  object space 87424K, 47% used [0x00000007c0000000,0x00000007c28eff70,0x00000007c5560000)
 PSPermGen       total 83968K, used 47207K [0x00000007bae00000, 0x00000007c0000000, 0x00000007c0000000)
  object space 83968K, 56% used [0x00000007bae00000,0x00000007bdc19f58,0x00000007c0000000)
}
Event: 319.478 GC heap before
{Heap before GC invocations=18 (full 5):
 PSYoungGen      total 276288K, used 2202K [0x00000007eaab0000, 0x00000007fd6b0000, 0x0000000800000000)
  eden space 245312K, 0% used [0x00000007eaab0000,0x00000007eaab0000,0x00000007f9a40000)
  from space 30976K, 7% used [0x00000007f9a40000,0x00000007f9c669b8,0x00000007fb880000)
  to   space 30848K, 0% used [0x00000007fb890000,0x00000007fb890000,0x00000007fd6b0000)
 ParOldGen       total 87424K, used 41919K [0x00000007c0000000, 0x00000007c5560000, 0x00000007eaab0000)
  object space 87424K, 47% used [0x00000007c0000000,0x00000007c28eff70,0x00000007c5560000)
 PSPermGen       total 83968K, used 47207K [0x00000007bae00000, 0x00000007c0000000, 0x00000007c0000000)
  object space 83968K, 56% used [0x00000007bae00000,0x00000007bdc19f58,0x00000007c0000000)
Event: 319.603 GC heap after
Heap after GC invocations=18 (full 5):
 PSYoungGen      total 276288K, used 0K [0x00000007eaab0000, 0x00000007fd6b0000, 0x0000000800000000)
  eden space 245312K, 0% used [0x00000007eaab0000,0x00000007eaab0000,0x00000007f9a40000)
  from space 30976K, 0% used [0x00000007f9a40000,0x00000007f9a40000,0x00000007fb880000)
  to   space 30848K, 0% used [0x00000007fb890000,0x00000007fb890000,0x00000007fd6b0000)
 ParOldGen       total 87424K, used 42191K [0x00000007c0000000, 0x00000007c5560000, 0x00000007eaab0000)
  object space 87424K, 48% used [0x00000007c0000000,0x00000007c2933e28,0x00000007c5560000)
 PSPermGen       total 83968K, used 47207K [0x00000007bae00000, 0x00000007c0000000, 0x00000007c0000000)
  object space 83968K, 56% used [0x00000007bae00000,0x00000007bdc19eb8,0x00000007c0000000)
}

