# JRE version: 7.0_25-b15
# Java VM: Java HotSpot(TM) 64-Bit Server VM (23.25-b01 mixed mode bsd-amd64 compressed oops)
Heap
 PSYoungGen      total 200704K, used 55604K [0x00000007eaab0000, 0x00000007f7240000, 0x0000000800000000)
  eden space 197312K, 28% used [0x00000007eaab0000,0x00000007ee0fd040,0x00000007f6b60000)
  from space 3392K, 0% used [0x00000007f6b60000,0x00000007f6b60000,0x00000007f6eb0000)
  to   space 3520K, 0% used [0x00000007f6ed0000,0x00000007f6ed0000,0x00000007f7240000)
 ParOldGen       total 87424K, used 36806K [0x00000007c0000000, 0x00000007c5560000, 0x00000007eaab0000)
  object space 87424K, 42% used [0x00000007c0000000,0x00000007c23f1ba0,0x00000007c5560000)
 PSPermGen       total 49536K, used 49274K [0x00000007bae00000, 0x00000007bde60000, 0x00000007c0000000)
  object space 49536K, 99% used [0x00000007bae00000,0x00000007bde1e918,0x00000007bde60000)
GC Heap History (10 events):
Event: 4656.801 GC heap before
{Heap before GC invocations=163 (full 72):
 PSYoungGen      total 200832K, used 1894K [0x00000007eaab0000, 0x00000007f7260000, 0x0000000800000000)
  eden space 197312K, 0% used [0x00000007eaab0000,0x00000007eaab0000,0x00000007f6b60000)
  from space 3520K, 53% used [0x00000007f6b60000,0x00000007f6d399f8,0x00000007f6ed0000)
  to   space 3584K, 0% used [0x00000007f6ee0000,0x00000007f6ee0000,0x00000007f7260000)
 ParOldGen       total 87424K, used 36821K [0x00000007c0000000, 0x00000007c5560000, 0x00000007eaab0000)
  object space 87424K, 42% used [0x00000007c0000000,0x00000007c23f55b0,0x00000007c5560000)
 PSPermGen       total 49536K, used 49248K [0x00000007bae00000, 0x00000007bde60000, 0x00000007c0000000)
  object space 49536K, 99% used [0x00000007bae00000,0x00000007bde18318,0x00000007bde60000)
Event: 4656.920 GC heap after
Heap after GC invocations=163 (full 72):
 PSYoungGen      total 200832K, used 0K [0x00000007eaab0000, 0x00000007f7260000, 0x0000000800000000)
  eden space 197312K, 0% used [0x00000007eaab0000,0x00000007eaab0000,0x00000007f6b60000)
  from space 3520K, 0% used [0x00000007f6b60000,0x00000007f6b60000,0x00000007f6ed0000)
  to   space 3584K, 0% used [0x00000007f6ee0000,0x00000007f6ee0000,0x00000007f7260000)
 ParOldGen       total 87424K, used 36701K [0x00000007c0000000, 0x00000007c5560000, 0x00000007eaab0000)
  object space 87424K, 41% used [0x00000007c0000000,0x00000007c23d7678,0x00000007c5560000)
 PSPermGen       total 49536K, used 49248K [0x00000007bae00000, 0x00000007bde60000, 0x00000007c0000000)
  object space 49536K, 99% used [0x00000007bae00000,0x00000007bde18318,0x00000007bde60000)
}
Event: 4718.208 GC heap before
{Heap before GC invocations=164 (full 72):
 PSYoungGen      total 200832K, used 38850K [0x00000007eaab0000, 0x00000007f7260000, 0x0000000800000000)
  eden space 197312K, 19% used [0x00000007eaab0000,0x00000007ed0a0898,0x00000007f6b60000)
  from space 3520K, 0% used [0x00000007f6b60000,0x00000007f6b60000,0x00000007f6ed0000)
  to   space 3584K, 0% used [0x00000007f6ee0000,0x00000007f6ee0000,0x00000007f7260000)
 ParOldGen       total 87424K, used 36701K [0x00000007c0000000, 0x00000007c5560000, 0x00000007eaab0000)
  object space 87424K, 41% used [0x00000007c0000000,0x00000007c23d7678,0x00000007c5560000)
 PSPermGen       total 49536K, used 49258K [0x00000007bae00000, 0x00000007bde60000, 0x00000007c0000000)
  object space 49536K, 99% used [0x00000007bae00000,0x00000007bde1aa50,0x00000007bde60000)
Event: 4718.211 GC heap after
Heap after GC invocations=164 (full 72):
 PSYoungGen      total 200512K, used 1098K [0x00000007eaab0000, 0x00000007f7200000, 0x0000000800000000)
  eden space 197312K, 0% used [0x00000007eaab0000,0x00000007eaab0000,0x00000007f6b60000)
  from space 3200K, 34% used [0x00000007f6ee0000,0x00000007f6ff29c0,0x00000007f7200000)
  to   space 3392K, 0% used [0x00000007f6b60000,0x00000007f6b60000,0x00000007f6eb0000)
 ParOldGen       total 87424K, used 36701K [0x00000007c0000000, 0x00000007c5560000, 0x00000007eaab0000)
  object space 87424K, 41% used [0x00000007c0000000,0x00000007c23d7678,0x00000007c5560000)
 PSPermGen       total 49536K, used 49258K [0x00000007bae00000, 0x00000007bde60000, 0x00000007c0000000)
  object space 49536K, 99% used [0x00000007bae00000,0x00000007bde1aa50,0x00000007bde60000)
}
Event: 4718.211 GC heap before
{Heap before GC invocations=165 (full 73):
 PSYoungGen      total 200512K, used 1098K [0x00000007eaab0000, 0x00000007f7200000, 0x0000000800000000)
  eden space 197312K, 0% used [0x00000007eaab0000,0x00000007eaab0000,0x00000007f6b60000)
  from space 3200K, 34% used [0x00000007f6ee0000,0x00000007f6ff29c0,0x00000007f7200000)
  to   space 3392K, 0% used [0x00000007f6b60000,0x00000007f6b60000,0x00000007f6eb0000)
 ParOldGen       total 87424K, used 36701K [0x00000007c0000000, 0x00000007c5560000, 0x00000007eaab0000)
  object space 87424K, 41% used [0x00000007c0000000,0x00000007c23d7678,0x00000007c5560000)
 PSPermGen       total 49536K, used 49258K [0x00000007bae00000, 0x00000007bde60000, 0x00000007c0000000)
  object space 49536K, 99% used [0x00000007bae00000,0x00000007bde1aa50,0x00000007bde60000)
Event: 4718.311 GC heap after
Heap after GC invocations=165 (full 73):
 PSYoungGen      total 200512K, used 0K [0x00000007eaab0000, 0x00000007f7200000, 0x0000000800000000)
  eden space 197312K, 0% used [0x00000007eaab0000,0x00000007eaab0000,0x00000007f6b60000)
  from space 3200K, 0% used [0x00000007f6ee0000,0x00000007f6ee0000,0x00000007f7200000)
  to   space 3392K, 0% used [0x00000007f6b60000,0x00000007f6b60000,0x00000007f6eb0000)
 ParOldGen       total 87424K, used 36996K [0x00000007c0000000, 0x00000007c5560000, 0x00000007eaab0000)
  object space 87424K, 42% used [0x00000007c0000000,0x00000007c2421380,0x00000007c5560000)
 PSPermGen       total 49536K, used 49258K [0x00000007bae00000, 0x00000007bde60000, 0x00000007c0000000)
  object space 49536K, 99% used [0x00000007bae00000,0x00000007bde1aa50,0x00000007bde60000)
}
Event: 4778.209 GC heap before
{Heap before GC invocations=166 (full 73):
 PSYoungGen      total 200512K, used 192377K [0x00000007eaab0000, 0x00000007f7200000, 0x0000000800000000)
  eden space 197312K, 97% used [0x00000007eaab0000,0x00000007f668e5a0,0x00000007f6b60000)
  from space 3200K, 0% used [0x00000007f6ee0000,0x00000007f6ee0000,0x00000007f7200000)
  to   space 3392K, 0% used [0x00000007f6b60000,0x00000007f6b60000,0x00000007f6eb0000)
 ParOldGen       total 87424K, used 36996K [0x00000007c0000000, 0x00000007c5560000, 0x00000007eaab0000)
  object space 87424K, 42% used [0x00000007c0000000,0x00000007c2421380,0x00000007c5560000)
 PSPermGen       total 49536K, used 49260K [0x00000007bae00000, 0x00000007bde60000, 0x00000007c0000000)
  object space 49536K, 99% used [0x00000007bae00000,0x00000007bde1b370,0x00000007bde60000)
Event: 4778.214 GC heap after
Heap after GC invocations=166 (full 73):
 PSYoungGen      total 200704K, used 2033K [0x00000007eaab0000, 0x00000007f7240000, 0x0000000800000000)
  eden space 197312K, 0% used [0x00000007eaab0000,0x00000007eaab0000,0x00000007f6b60000)
  from space 3392K, 59% used [0x00000007f6b60000,0x00000007f6d5c5d0,0x00000007f6eb0000)
  to   space 3520K, 0% used [0x00000007f6ed0000,0x00000007f6ed0000,0x00000007f7240000)
 ParOldGen       total 87424K, used 36996K [0x00000007c0000000, 0x00000007c5560000, 0x00000007eaab0000)
  object space 87424K, 42% used [0x00000007c0000000,0x00000007c2421380,0x00000007c5560000)
 PSPermGen       total 49536K, used 49260K [0x00000007bae00000, 0x00000007bde60000, 0x00000007c0000000)
  object space 49536K, 99% used [0x00000007bae00000,0x00000007bde1b370,0x00000007bde60000)
}
Event: 4778.214 GC heap before
{Heap before GC invocations=167 (full 74):
 PSYoungGen      total 200704K, used 2033K [0x00000007eaab0000, 0x00000007f7240000, 0x0000000800000000)
  eden space 197312K, 0% used [0x00000007eaab0000,0x00000007eaab0000,0x00000007f6b60000)
  from space 3392K, 59% used [0x00000007f6b60000,0x00000007f6d5c5d0,0x00000007f6eb0000)
  to   space 3520K, 0% used [0x00000007f6ed0000,0x00000007f6ed0000,0x00000007f7240000)
 ParOldGen       total 87424K, used 36996K [0x00000007c0000000, 0x00000007c5560000, 0x00000007eaab0000)
  object space 87424K, 42% used [0x00000007c0000000,0x00000007c2421380,0x00000007c5560000)
 PSPermGen       total 49536K, used 49260K [0x00000007bae00000, 0x00000007bde60000, 0x00000007c0000000)
  object space 49536K, 99% used [0x00000007bae00000,0x00000007bde1b370,0x00000007bde60000)
Event: 4778.329 GC heap after
Heap after GC invocations=167 (full 74):
 PSYoungGen      total 200704K, used 0K [0x00000007eaab0000, 0x00000007f7240000, 0x0000000800000000)
  eden space 197312K, 0% used [0x00000007eaab0000,0x00000007eaab0000,0x00000007f6b60000)
  from space 3392K, 0% used [0x00000007f6b60000,0x00000007f6b60000,0x00000007f6eb0000)
  to   space 3520K, 0% used [0x00000007f6ed0000,0x00000007f6ed0000,0x00000007f7240000)
 ParOldGen       total 87424K, used 36806K [0x00000007c0000000, 0x00000007c5560000, 0x00000007eaab0000)
  object space 87424K, 42% used [0x00000007c0000000,0x00000007c23f1ba0,0x00000007c5560000)
 PSPermGen       total 49536K, used 49260K [0x00000007bae00000, 0x00000007bde60000, 0x00000007c0000000)
  object space 49536K, 99% used [0x00000007bae00000,0x00000007bde1b370,0x00000007bde60000)
}

