# JRE version: 7.0_25-b15
# Java VM: Java HotSpot(TM) 64-Bit Server VM (23.25-b01 mixed mode bsd-amd64 compressed oops)
Heap
 PSYoungGen      total 341504K, used 200103K [0x00000007eaab0000, 0x0000000800000000, 0x0000000800000000)
  eden space 332992K, 60% used [0x00000007eaab0000,0x00000007f6e19c88,0x00000007fefe0000)
  from space 8512K, 0% used [0x00000007ff7b0000,0x00000007ff7b0000,0x0000000800000000)
  to   space 8000K, 0% used [0x00000007fefe0000,0x00000007fefe0000,0x00000007ff7b0000)
 ParOldGen       total 87424K, used 36343K [0x00000007c0000000, 0x00000007c5560000, 0x00000007eaab0000)
  object space 87424K, 41% used [0x00000007c0000000,0x00000007c237dc68,0x00000007c5560000)
 PSPermGen       total 48832K, used 48544K [0x00000007bae00000, 0x00000007bddb0000, 0x00000007c0000000)
  object space 48832K, 99% used [0x00000007bae00000,0x00000007bdd68290,0x00000007bddb0000)
GC Heap History (10 events):
Event: 2347.048 GC heap before
{Heap before GC invocations=79 (full 35):
 PSYoungGen      total 246656K, used 174748K [0x00000007eaab0000, 0x00000007faa90000, 0x0000000800000000)
  eden space 246400K, 70% used [0x00000007eaab0000,0x00000007f55573e8,0x00000007f9b50000)
  from space 256K, 0% used [0x00000007f9b50000,0x00000007f9b50000,0x00000007f9b90000)
  to   space 7808K, 0% used [0x00000007fa2f0000,0x00000007fa2f0000,0x00000007faa90000)
 ParOldGen       total 87424K, used 34322K [0x00000007c0000000, 0x00000007c5560000, 0x00000007eaab0000)
  object space 87424K, 39% used [0x00000007c0000000,0x00000007c2184830,0x00000007c5560000)
 PSPermGen       total 48960K, used 48446K [0x00000007bae00000, 0x00000007bddd0000, 0x00000007c0000000)
  object space 48960K, 98% used [0x00000007bae00000,0x00000007bdd4fbc8,0x00000007bddd0000)
Event: 2347.052 GC heap after
Heap after GC invocations=79 (full 35):
 PSYoungGen      total 253312K, used 2166K [0x00000007eaab0000, 0x00000007fa9b0000, 0x0000000800000000)
  eden space 246400K, 0% used [0x00000007eaab0000,0x00000007eaab0000,0x00000007f9b50000)
  from space 6912K, 31% used [0x00000007fa2f0000,0x00000007fa50d860,0x00000007fa9b0000)
  to   space 7360K, 0% used [0x00000007f9b50000,0x00000007f9b50000,0x00000007fa280000)
 ParOldGen       total 87424K, used 34322K [0x00000007c0000000, 0x00000007c5560000, 0x00000007eaab0000)
  object space 87424K, 39% used [0x00000007c0000000,0x00000007c2184830,0x00000007c5560000)
 PSPermGen       total 48960K, used 48446K [0x00000007bae00000, 0x00000007bddd0000, 0x00000007c0000000)
  object space 48960K, 98% used [0x00000007bae00000,0x00000007bdd4fbc8,0x00000007bddd0000)
}
Event: 2347.052 GC heap before
{Heap before GC invocations=80 (full 36):
 PSYoungGen      total 253312K, used 2166K [0x00000007eaab0000, 0x00000007fa9b0000, 0x0000000800000000)
  eden space 246400K, 0% used [0x00000007eaab0000,0x00000007eaab0000,0x00000007f9b50000)
  from space 6912K, 31% used [0x00000007fa2f0000,0x00000007fa50d860,0x00000007fa9b0000)
  to   space 7360K, 0% used [0x00000007f9b50000,0x00000007f9b50000,0x00000007fa280000)
 ParOldGen       total 87424K, used 34322K [0x00000007c0000000, 0x00000007c5560000, 0x00000007eaab0000)
  object space 87424K, 39% used [0x00000007c0000000,0x00000007c2184830,0x00000007c5560000)
 PSPermGen       total 48960K, used 48446K [0x00000007bae00000, 0x00000007bddd0000, 0x00000007c0000000)
  object space 48960K, 98% used [0x00000007bae00000,0x00000007bdd4fbc8,0x00000007bddd0000)
Event: 2347.195 GC heap after
Heap after GC invocations=80 (full 36):
 PSYoungGen      total 253312K, used 0K [0x00000007eaab0000, 0x00000007fa9b0000, 0x0000000800000000)
  eden space 246400K, 0% used [0x00000007eaab0000,0x00000007eaab0000,0x00000007f9b50000)
  from space 6912K, 0% used [0x00000007fa2f0000,0x00000007fa2f0000,0x00000007fa9b0000)
  to   space 7360K, 0% used [0x00000007f9b50000,0x00000007f9b50000,0x00000007fa280000)
 ParOldGen       total 87424K, used 34548K [0x00000007c0000000, 0x00000007c5560000, 0x00000007eaab0000)
  object space 87424K, 39% used [0x00000007c0000000,0x00000007c21bd218,0x00000007c5560000)
 PSPermGen       total 48768K, used 48446K [0x00000007bae00000, 0x00000007bdda0000, 0x00000007c0000000)
  object space 48768K, 99% used [0x00000007bae00000,0x00000007bdd4f968,0x00000007bdda0000)
}
Event: 2406.451 GC heap before
{Heap before GC invocations=81 (full 36):
 PSYoungGen      total 253312K, used 246400K [0x00000007eaab0000, 0x00000007fa9b0000, 0x0000000800000000)
  eden space 246400K, 100% used [0x00000007eaab0000,0x00000007f9b50000,0x00000007f9b50000)
  from space 6912K, 0% used [0x00000007fa2f0000,0x00000007fa2f0000,0x00000007fa9b0000)
  to   space 7360K, 0% used [0x00000007f9b50000,0x00000007f9b50000,0x00000007fa280000)
 ParOldGen       total 87424K, used 34548K [0x00000007c0000000, 0x00000007c5560000, 0x00000007eaab0000)
  object space 87424K, 39% used [0x00000007c0000000,0x00000007c21bd218,0x00000007c5560000)
 PSPermGen       total 48768K, used 48532K [0x00000007bae00000, 0x00000007bdda0000, 0x00000007c0000000)
  object space 48768K, 99% used [0x00000007bae00000,0x00000007bdd65258,0x00000007bdda0000)
Event: 2406.459 GC heap after
Heap after GC invocations=81 (full 36):
 PSYoungGen      total 253760K, used 6497K [0x00000007eaab0000, 0x0000000800000000, 0x0000000800000000)
  eden space 246400K, 0% used [0x00000007eaab0000,0x00000007eaab0000,0x00000007f9b50000)
  from space 7360K, 88% used [0x00000007f9b50000,0x00000007fa1a86b0,0x00000007fa280000)
  to   space 8512K, 0% used [0x00000007ff7b0000,0x00000007ff7b0000,0x0000000800000000)
 ParOldGen       total 87424K, used 34548K [0x00000007c0000000, 0x00000007c5560000, 0x00000007eaab0000)
  object space 87424K, 39% used [0x00000007c0000000,0x00000007c21bd218,0x00000007c5560000)
 PSPermGen       total 48768K, used 48532K [0x00000007bae00000, 0x00000007bdda0000, 0x00000007c0000000)
  object space 48768K, 99% used [0x00000007bae00000,0x00000007bdd65258,0x00000007bdda0000)
}
Event: 2420.804 GC heap before
{Heap before GC invocations=82 (full 36):
 PSYoungGen      total 253760K, used 80701K [0x00000007eaab0000, 0x0000000800000000, 0x0000000800000000)
  eden space 246400K, 30% used [0x00000007eaab0000,0x00000007ef326e08,0x00000007f9b50000)
  from space 7360K, 88% used [0x00000007f9b50000,0x00000007fa1a86b0,0x00000007fa280000)
  to   space 8512K, 0% used [0x00000007ff7b0000,0x00000007ff7b0000,0x0000000800000000)
 ParOldGen       total 87424K, used 34548K [0x00000007c0000000, 0x00000007c5560000, 0x00000007eaab0000)
  object space 87424K, 39% used [0x00000007c0000000,0x00000007c21bd218,0x00000007c5560000)
 PSPermGen       total 48768K, used 48537K [0x00000007bae00000, 0x00000007bdda0000, 0x00000007c0000000)
  object space 48768K, 99% used [0x00000007bae00000,0x00000007bdd66630,0x00000007bdda0000)
Event: 2420.814 GC heap after
Heap after GC invocations=82 (full 36):
 PSYoungGen      total 341504K, used 1804K [0x00000007eaab0000, 0x0000000800000000, 0x0000000800000000)
  eden space 332992K, 0% used [0x00000007eaab0000,0x00000007eaab0000,0x00000007fefe0000)
  from space 8512K, 21% used [0x00000007ff7b0000,0x00000007ff973170,0x0000000800000000)
  to   space 8000K, 0% used [0x00000007fefe0000,0x00000007fefe0000,0x00000007ff7b0000)
 ParOldGen       total 87424K, used 39012K [0x00000007c0000000, 0x00000007c5560000, 0x00000007eaab0000)
  object space 87424K, 44% used [0x00000007c0000000,0x00000007c2619230,0x00000007c5560000)
 PSPermGen       total 48768K, used 48537K [0x00000007bae00000, 0x00000007bdda0000, 0x00000007c0000000)
  object space 48768K, 99% used [0x00000007bae00000,0x00000007bdd66630,0x00000007bdda0000)
}
Event: 2420.814 GC heap before
{Heap before GC invocations=83 (full 37):
 PSYoungGen      total 341504K, used 1804K [0x00000007eaab0000, 0x0000000800000000, 0x0000000800000000)
  eden space 332992K, 0% used [0x00000007eaab0000,0x00000007eaab0000,0x00000007fefe0000)
  from space 8512K, 21% used [0x00000007ff7b0000,0x00000007ff973170,0x0000000800000000)
  to   space 8000K, 0% used [0x00000007fefe0000,0x00000007fefe0000,0x00000007ff7b0000)
 ParOldGen       total 87424K, used 39012K [0x00000007c0000000, 0x00000007c5560000, 0x00000007eaab0000)
  object space 87424K, 44% used [0x00000007c0000000,0x00000007c2619230,0x00000007c5560000)
 PSPermGen       total 48768K, used 48537K [0x00000007bae00000, 0x00000007bdda0000, 0x00000007c0000000)
  object space 48768K, 99% used [0x00000007bae00000,0x00000007bdd66630,0x00000007bdda0000)
Event: 2420.962 GC heap after
Heap after GC invocations=83 (full 37):
 PSYoungGen      total 341504K, used 0K [0x00000007eaab0000, 0x0000000800000000, 0x0000000800000000)
  eden space 332992K, 0% used [0x00000007eaab0000,0x00000007eaab0000,0x00000007fefe0000)
  from space 8512K, 0% used [0x00000007ff7b0000,0x00000007ff7b0000,0x0000000800000000)
  to   space 8000K, 0% used [0x00000007fefe0000,0x00000007fefe0000,0x00000007ff7b0000)
 ParOldGen       total 87424K, used 36343K [0x00000007c0000000, 0x00000007c5560000, 0x00000007eaab0000)
  object space 87424K, 41% used [0x00000007c0000000,0x00000007c237dc68,0x00000007c5560000)
 PSPermGen       total 48832K, used 48537K [0x00000007bae00000, 0x00000007bddb0000, 0x00000007c0000000)
  object space 48832K, 99% used [0x00000007bae00000,0x00000007bdd66470,0x00000007bddb0000)
}

