# JRE version: 7.0_25-b15
# Java VM: Java HotSpot(TM) 64-Bit Server VM (23.25-b01 mixed mode bsd-amd64 compressed oops)
Heap
 PSYoungGen      total 334016K, used 56341K [0x00000007eaab0000, 0x00000007ffe60000, 0x0000000800000000)
  eden space 321472K, 17% used [0x00000007eaab0000,0x00000007ee1b56b0,0x00000007fe4a0000)
  from space 12544K, 0% used [0x00000007ff220000,0x00000007ff220000,0x00000007ffe60000)
  to   space 13184K, 0% used [0x00000007fe4a0000,0x00000007fe4a0000,0x00000007ff180000)
 ParOldGen       total 87424K, used 34405K [0x00000007c0000000, 0x00000007c5560000, 0x00000007eaab0000)
  object space 87424K, 39% used [0x00000007c0000000,0x00000007c21994a8,0x00000007c5560000)
 PSPermGen       total 51072K, used 47861K [0x00000007bae00000, 0x00000007bdfe0000, 0x00000007c0000000)
  object space 51072K, 93% used [0x00000007bae00000,0x00000007bdcbd4a8,0x00000007bdfe0000)
GC Heap History (10 events):
Event: 1390.619 GC heap before
{Heap before GC invocations=51 (full 21):
 PSYoungGen      total 334144K, used 1963K [0x00000007eaab0000, 0x0000000800000000, 0x0000000800000000)
  eden space 317632K, 0% used [0x00000007eaab0000,0x00000007eaab0000,0x00000007fe0e0000)
  from space 16512K, 11% used [0x00000007fefe0000,0x00000007ff1caf00,0x0000000800000000)
  to   space 15360K, 0% used [0x00000007fe0e0000,0x00000007fe0e0000,0x00000007fefe0000)
 ParOldGen       total 87424K, used 35646K [0x00000007c0000000, 0x00000007c5560000, 0x00000007eaab0000)
  object space 87424K, 40% used [0x00000007c0000000,0x00000007c22cf908,0x00000007c5560000)
 PSPermGen       total 52800K, used 47841K [0x00000007bae00000, 0x00000007be190000, 0x00000007c0000000)
  object space 52800K, 90% used [0x00000007bae00000,0x00000007bdcb84f0,0x00000007be190000)
Event: 1390.751 GC heap after
Heap after GC invocations=51 (full 21):
 PSYoungGen      total 334144K, used 0K [0x00000007eaab0000, 0x0000000800000000, 0x0000000800000000)
  eden space 317632K, 0% used [0x00000007eaab0000,0x00000007eaab0000,0x00000007fe0e0000)
  from space 16512K, 0% used [0x00000007fefe0000,0x00000007fefe0000,0x0000000800000000)
  to   space 15360K, 0% used [0x00000007fe0e0000,0x00000007fe0e0000,0x00000007fefe0000)
 ParOldGen       total 87424K, used 34437K [0x00000007c0000000, 0x00000007c5560000, 0x00000007eaab0000)
  object space 87424K, 39% used [0x00000007c0000000,0x00000007c21a17b8,0x00000007c5560000)
 PSPermGen       total 51776K, used 47840K [0x00000007bae00000, 0x00000007be090000, 0x00000007c0000000)
  object space 51776K, 92% used [0x00000007bae00000,0x00000007bdcb8350,0x00000007be090000)
}
Event: 1451.960 GC heap before
{Heap before GC invocations=52 (full 21):
 PSYoungGen      total 334144K, used 103080K [0x00000007eaab0000, 0x0000000800000000, 0x0000000800000000)
  eden space 317632K, 32% used [0x00000007eaab0000,0x00000007f0f5a320,0x00000007fe0e0000)
  from space 16512K, 0% used [0x00000007fefe0000,0x00000007fefe0000,0x0000000800000000)
  to   space 15360K, 0% used [0x00000007fe0e0000,0x00000007fe0e0000,0x00000007fefe0000)
 ParOldGen       total 87424K, used 34437K [0x00000007c0000000, 0x00000007c5560000, 0x00000007eaab0000)
  object space 87424K, 39% used [0x00000007c0000000,0x00000007c21a17b8,0x00000007c5560000)
 PSPermGen       total 51776K, used 47847K [0x00000007bae00000, 0x00000007be090000, 0x00000007c0000000)
  object space 51776K, 92% used [0x00000007bae00000,0x00000007bdcb9cb0,0x00000007be090000)
Event: 1451.964 GC heap after
Heap after GC invocations=52 (full 21):
 PSYoungGen      total 332992K, used 1965K [0x00000007eaab0000, 0x0000000800000000, 0x0000000800000000)
  eden space 317632K, 0% used [0x00000007eaab0000,0x00000007eaab0000,0x00000007fe0e0000)
  from space 15360K, 12% used [0x00000007fe0e0000,0x00000007fe2cb4a0,0x00000007fefe0000)
  to   space 14208K, 0% used [0x00000007ff220000,0x00000007ff220000,0x0000000800000000)
 ParOldGen       total 87424K, used 34437K [0x00000007c0000000, 0x00000007c5560000, 0x00000007eaab0000)
  object space 87424K, 39% used [0x00000007c0000000,0x00000007c21a17b8,0x00000007c5560000)
 PSPermGen       total 51776K, used 47847K [0x00000007bae00000, 0x00000007be090000, 0x00000007c0000000)
  object space 51776K, 92% used [0x00000007bae00000,0x00000007bdcb9cb0,0x00000007be090000)
}
Event: 1451.964 GC heap before
{Heap before GC invocations=53 (full 22):
 PSYoungGen      total 332992K, used 1965K [0x00000007eaab0000, 0x0000000800000000, 0x0000000800000000)
  eden space 317632K, 0% used [0x00000007eaab0000,0x00000007eaab0000,0x00000007fe0e0000)
  from space 15360K, 12% used [0x00000007fe0e0000,0x00000007fe2cb4a0,0x00000007fefe0000)
  to   space 14208K, 0% used [0x00000007ff220000,0x00000007ff220000,0x0000000800000000)
 ParOldGen       total 87424K, used 34437K [0x00000007c0000000, 0x00000007c5560000, 0x00000007eaab0000)
  object space 87424K, 39% used [0x00000007c0000000,0x00000007c21a17b8,0x00000007c5560000)
 PSPermGen       total 51776K, used 47847K [0x00000007bae00000, 0x00000007be090000, 0x00000007c0000000)
  object space 51776K, 92% used [0x00000007bae00000,0x00000007bdcb9cb0,0x00000007be090000)
Event: 1452.069 GC heap after
Heap after GC invocations=53 (full 22):
 PSYoungGen      total 332992K, used 0K [0x00000007eaab0000, 0x0000000800000000, 0x0000000800000000)
  eden space 317632K, 0% used [0x00000007eaab0000,0x00000007eaab0000,0x00000007fe0e0000)
  from space 15360K, 0% used [0x00000007fe0e0000,0x00000007fe0e0000,0x00000007fefe0000)
  to   space 14208K, 0% used [0x00000007ff220000,0x00000007ff220000,0x0000000800000000)
 ParOldGen       total 87424K, used 34352K [0x00000007c0000000, 0x00000007c5560000, 0x00000007eaab0000)
  object space 87424K, 39% used [0x00000007c0000000,0x00000007c218c1d0,0x00000007c5560000)
 PSPermGen       total 51648K, used 47847K [0x00000007bae00000, 0x00000007be070000, 0x00000007c0000000)
  object space 51648K, 92% used [0x00000007bae00000,0x00000007bdcb9c70,0x00000007be070000)
}
Event: 1512.332 GC heap before
{Heap before GC invocations=54 (full 22):
 PSYoungGen      total 332992K, used 117806K [0x00000007eaab0000, 0x0000000800000000, 0x0000000800000000)
  eden space 317632K, 37% used [0x00000007eaab0000,0x00000007f1dbbaa0,0x00000007fe0e0000)
  from space 15360K, 0% used [0x00000007fe0e0000,0x00000007fe0e0000,0x00000007fefe0000)
  to   space 14208K, 0% used [0x00000007ff220000,0x00000007ff220000,0x0000000800000000)
 ParOldGen       total 87424K, used 34352K [0x00000007c0000000, 0x00000007c5560000, 0x00000007eaab0000)
  object space 87424K, 39% used [0x00000007c0000000,0x00000007c218c1d0,0x00000007c5560000)
 PSPermGen       total 51648K, used 47852K [0x00000007bae00000, 0x00000007be070000, 0x00000007c0000000)
  object space 51648K, 92% used [0x00000007bae00000,0x00000007bdcbb190,0x00000007be070000)
Event: 1512.337 GC heap after
Heap after GC invocations=54 (full 22):
 PSYoungGen      total 334016K, used 2067K [0x00000007eaab0000, 0x00000007ffe60000, 0x0000000800000000)
  eden space 321472K, 0% used [0x00000007eaab0000,0x00000007eaab0000,0x00000007fe4a0000)
  from space 12544K, 16% used [0x00000007ff220000,0x00000007ff424e00,0x00000007ffe60000)
  to   space 13184K, 0% used [0x00000007fe4a0000,0x00000007fe4a0000,0x00000007ff180000)
 ParOldGen       total 87424K, used 34352K [0x00000007c0000000, 0x00000007c5560000, 0x00000007eaab0000)
  object space 87424K, 39% used [0x00000007c0000000,0x00000007c218c1d0,0x00000007c5560000)
 PSPermGen       total 51648K, used 47852K [0x00000007bae00000, 0x00000007be070000, 0x00000007c0000000)
  object space 51648K, 92% used [0x00000007bae00000,0x00000007bdcbb190,0x00000007be070000)
}
Event: 1512.337 GC heap before
{Heap before GC invocations=55 (full 23):
 PSYoungGen      total 334016K, used 2067K [0x00000007eaab0000, 0x00000007ffe60000, 0x0000000800000000)
  eden space 321472K, 0% used [0x00000007eaab0000,0x00000007eaab0000,0x00000007fe4a0000)
  from space 12544K, 16% used [0x00000007ff220000,0x00000007ff424e00,0x00000007ffe60000)
  to   space 13184K, 0% used [0x00000007fe4a0000,0x00000007fe4a0000,0x00000007ff180000)
 ParOldGen       total 87424K, used 34352K [0x00000007c0000000, 0x00000007c5560000, 0x00000007eaab0000)
  object space 87424K, 39% used [0x00000007c0000000,0x00000007c218c1d0,0x00000007c5560000)
 PSPermGen       total 51648K, used 47852K [0x00000007bae00000, 0x00000007be070000, 0x00000007c0000000)
  object space 51648K, 92% used [0x00000007bae00000,0x00000007bdcbb190,0x00000007be070000)
Event: 1512.458 GC heap after
Heap after GC invocations=55 (full 23):
 PSYoungGen      total 334016K, used 0K [0x00000007eaab0000, 0x00000007ffe60000, 0x0000000800000000)
  eden space 321472K, 0% used [0x00000007eaab0000,0x00000007eaab0000,0x00000007fe4a0000)
  from space 12544K, 0% used [0x00000007ff220000,0x00000007ff220000,0x00000007ffe60000)
  to   space 13184K, 0% used [0x00000007fe4a0000,0x00000007fe4a0000,0x00000007ff180000)
 ParOldGen       total 87424K, used 34405K [0x00000007c0000000, 0x00000007c5560000, 0x00000007eaab0000)
  object space 87424K, 39% used [0x00000007c0000000,0x00000007c21994a8,0x00000007c5560000)
 PSPermGen       total 51072K, used 47852K [0x00000007bae00000, 0x00000007bdfe0000, 0x00000007c0000000)
  object space 51072K, 93% used [0x00000007bae00000,0x00000007bdcbb170,0x00000007bdfe0000)
}

