# JRE version: 7.0_25-b15
# Java VM: Java HotSpot(TM) 64-Bit Server VM (23.25-b01 mixed mode bsd-amd64 compressed oops)
Heap
 PSYoungGen      total 271104K, used 108238K [0x00000007eaab0000, 0x00000007fcf30000, 0x0000000800000000)
  eden space 245632K, 44% used [0x00000007eaab0000,0x00000007f1463bb0,0x00000007f9a90000)
  from space 25472K, 0% used [0x00000007fb650000,0x00000007fb650000,0x00000007fcf30000)
  to   space 26944K, 0% used [0x00000007f9a90000,0x00000007f9a90000,0x00000007fb4e0000)
 ParOldGen       total 87424K, used 42891K [0x00000007c0000000, 0x00000007c5560000, 0x00000007eaab0000)
  object space 87424K, 49% used [0x00000007c0000000,0x00000007c29e2e30,0x00000007c5560000)
 PSPermGen       total 70848K, used 51644K [0x00000007bae00000, 0x00000007bf330000, 0x00000007c0000000)
  object space 70848K, 72% used [0x00000007bae00000,0x00000007be06f0c8,0x00000007bf330000)
GC Heap History (10 events):
Event: 647.719 GC heap before
{Heap before GC invocations=28 (full 10):
 PSYoungGen      total 273856K, used 1758K [0x00000007eaab0000, 0x00000007fd430000, 0x0000000800000000)
  eden space 245632K, 0% used [0x00000007eaab0000,0x00000007eaab0000,0x00000007f9a90000)
  from space 28224K, 6% used [0x00000007fb8a0000,0x00000007fba57ae0,0x00000007fd430000)
  to   space 29504K, 0% used [0x00000007f9a90000,0x00000007f9a90000,0x00000007fb760000)
 ParOldGen       total 87424K, used 43421K [0x00000007c0000000, 0x00000007c5560000, 0x00000007eaab0000)
  object space 87424K, 49% used [0x00000007c0000000,0x00000007c2a67468,0x00000007c5560000)
 PSPermGen       total 81728K, used 51366K [0x00000007bae00000, 0x00000007bfdd0000, 0x00000007c0000000)
  object space 81728K, 62% used [0x00000007bae00000,0x00000007be029858,0x00000007bfdd0000)
Event: 647.854 GC heap after
Heap after GC invocations=28 (full 10):
 PSYoungGen      total 273856K, used 0K [0x00000007eaab0000, 0x00000007fd430000, 0x0000000800000000)
  eden space 245632K, 0% used [0x00000007eaab0000,0x00000007eaab0000,0x00000007f9a90000)
  from space 28224K, 0% used [0x00000007fb8a0000,0x00000007fb8a0000,0x00000007fd430000)
  to   space 29504K, 0% used [0x00000007f9a90000,0x00000007f9a90000,0x00000007fb760000)
 ParOldGen       total 87424K, used 42515K [0x00000007c0000000, 0x00000007c5560000, 0x00000007eaab0000)
  object space 87424K, 48% used [0x00000007c0000000,0x00000007c2984c28,0x00000007c5560000)
 PSPermGen       total 77568K, used 51365K [0x00000007bae00000, 0x00000007bf9c0000, 0x00000007c0000000)
  object space 77568K, 66% used [0x00000007bae00000,0x00000007be0295b8,0x00000007bf9c0000)
}
Event: 707.717 GC heap before
{Heap before GC invocations=29 (full 10):
 PSYoungGen      total 273856K, used 34863K [0x00000007eaab0000, 0x00000007fd430000, 0x0000000800000000)
  eden space 245632K, 14% used [0x00000007eaab0000,0x00000007eccbbde8,0x00000007f9a90000)
  from space 28224K, 0% used [0x00000007fb8a0000,0x00000007fb8a0000,0x00000007fd430000)
  to   space 29504K, 0% used [0x00000007f9a90000,0x00000007f9a90000,0x00000007fb760000)
 ParOldGen       total 87424K, used 42515K [0x00000007c0000000, 0x00000007c5560000, 0x00000007eaab0000)
  object space 87424K, 48% used [0x00000007c0000000,0x00000007c2984c28,0x00000007c5560000)
 PSPermGen       total 77568K, used 51586K [0x00000007bae00000, 0x00000007bf9c0000, 0x00000007c0000000)
  object space 77568K, 66% used [0x00000007bae00000,0x00000007be060a38,0x00000007bf9c0000)
Event: 707.721 GC heap after
Heap after GC invocations=29 (full 10):
 PSYoungGen      total 246016K, used 369K [0x00000007eaab0000, 0x00000007fd210000, 0x0000000800000000)
  eden space 245632K, 0% used [0x00000007eaab0000,0x00000007eaab0000,0x00000007f9a90000)
  from space 384K, 96% used [0x00000007f9a90000,0x00000007f9aec470,0x00000007f9af0000)
  to   space 28416K, 0% used [0x00000007fb650000,0x00000007fb650000,0x00000007fd210000)
 ParOldGen       total 87424K, used 42515K [0x00000007c0000000, 0x00000007c5560000, 0x00000007eaab0000)
  object space 87424K, 48% used [0x00000007c0000000,0x00000007c2984c28,0x00000007c5560000)
 PSPermGen       total 77568K, used 51586K [0x00000007bae00000, 0x00000007bf9c0000, 0x00000007c0000000)
  object space 77568K, 66% used [0x00000007bae00000,0x00000007be060a38,0x00000007bf9c0000)
}
Event: 707.721 GC heap before
{Heap before GC invocations=30 (full 11):
 PSYoungGen      total 246016K, used 369K [0x00000007eaab0000, 0x00000007fd210000, 0x0000000800000000)
  eden space 245632K, 0% used [0x00000007eaab0000,0x00000007eaab0000,0x00000007f9a90000)
  from space 384K, 96% used [0x00000007f9a90000,0x00000007f9aec470,0x00000007f9af0000)
  to   space 28416K, 0% used [0x00000007fb650000,0x00000007fb650000,0x00000007fd210000)
 ParOldGen       total 87424K, used 42515K [0x00000007c0000000, 0x00000007c5560000, 0x00000007eaab0000)
  object space 87424K, 48% used [0x00000007c0000000,0x00000007c2984c28,0x00000007c5560000)
 PSPermGen       total 77568K, used 51586K [0x00000007bae00000, 0x00000007bf9c0000, 0x00000007c0000000)
  object space 77568K, 66% used [0x00000007bae00000,0x00000007be060a38,0x00000007bf9c0000)
Event: 707.883 GC heap after
Heap after GC invocations=30 (full 11):
 PSYoungGen      total 246016K, used 0K [0x00000007eaab0000, 0x00000007fd210000, 0x0000000800000000)
  eden space 245632K, 0% used [0x00000007eaab0000,0x00000007eaab0000,0x00000007f9a90000)
  from space 384K, 0% used [0x00000007f9a90000,0x00000007f9a90000,0x00000007f9af0000)
  to   space 28416K, 0% used [0x00000007fb650000,0x00000007fb650000,0x00000007fd210000)
 ParOldGen       total 87424K, used 42666K [0x00000007c0000000, 0x00000007c5560000, 0x00000007eaab0000)
  object space 87424K, 48% used [0x00000007c0000000,0x00000007c29aa858,0x00000007c5560000)
 PSPermGen       total 74496K, used 51585K [0x00000007bae00000, 0x00000007bf6c0000, 0x00000007c0000000)
  object space 74496K, 69% used [0x00000007bae00000,0x00000007be0606f8,0x00000007bf6c0000)
}
Event: 769.042 GC heap before
{Heap before GC invocations=31 (full 11):
 PSYoungGen      total 246016K, used 110792K [0x00000007eaab0000, 0x00000007fd210000, 0x0000000800000000)
  eden space 245632K, 45% used [0x00000007eaab0000,0x00000007f16e2188,0x00000007f9a90000)
  from space 384K, 0% used [0x00000007f9a90000,0x00000007f9a90000,0x00000007f9af0000)
  to   space 28416K, 0% used [0x00000007fb650000,0x00000007fb650000,0x00000007fd210000)
 ParOldGen       total 87424K, used 42666K [0x00000007c0000000, 0x00000007c5560000, 0x00000007eaab0000)
  object space 87424K, 48% used [0x00000007c0000000,0x00000007c29aa858,0x00000007c5560000)
 PSPermGen       total 74496K, used 51604K [0x00000007bae00000, 0x00000007bf6c0000, 0x00000007c0000000)
  object space 74496K, 69% used [0x00000007bae00000,0x00000007be0650a8,0x00000007bf6c0000)
Event: 769.057 GC heap after
Heap after GC invocations=31 (full 11):
 PSYoungGen      total 271104K, used 2153K [0x00000007eaab0000, 0x00000007fcf30000, 0x0000000800000000)
  eden space 245632K, 0% used [0x00000007eaab0000,0x00000007eaab0000,0x00000007f9a90000)
  from space 25472K, 8% used [0x00000007fb650000,0x00000007fb86a6f8,0x00000007fcf30000)
  to   space 26944K, 0% used [0x00000007f9a90000,0x00000007f9a90000,0x00000007fb4e0000)
 ParOldGen       total 87424K, used 42666K [0x00000007c0000000, 0x00000007c5560000, 0x00000007eaab0000)
  object space 87424K, 48% used [0x00000007c0000000,0x00000007c29aa858,0x00000007c5560000)
 PSPermGen       total 74496K, used 51604K [0x00000007bae00000, 0x00000007bf6c0000, 0x00000007c0000000)
  object space 74496K, 69% used [0x00000007bae00000,0x00000007be0650a8,0x00000007bf6c0000)
}
Event: 769.057 GC heap before
{Heap before GC invocations=32 (full 12):
 PSYoungGen      total 271104K, used 2153K [0x00000007eaab0000, 0x00000007fcf30000, 0x0000000800000000)
  eden space 245632K, 0% used [0x00000007eaab0000,0x00000007eaab0000,0x00000007f9a90000)
  from space 25472K, 8% used [0x00000007fb650000,0x00000007fb86a6f8,0x00000007fcf30000)
  to   space 26944K, 0% used [0x00000007f9a90000,0x00000007f9a90000,0x00000007fb4e0000)
 ParOldGen       total 87424K, used 42666K [0x00000007c0000000, 0x00000007c5560000, 0x00000007eaab0000)
  object space 87424K, 48% used [0x00000007c0000000,0x00000007c29aa858,0x00000007c5560000)
 PSPermGen       total 74496K, used 51604K [0x00000007bae00000, 0x00000007bf6c0000, 0x00000007c0000000)
  object space 74496K, 69% used [0x00000007bae00000,0x00000007be0650a8,0x00000007bf6c0000)
Event: 769.179 GC heap after
Heap after GC invocations=32 (full 12):
 PSYoungGen      total 271104K, used 0K [0x00000007eaab0000, 0x00000007fcf30000, 0x0000000800000000)
  eden space 245632K, 0% used [0x00000007eaab0000,0x00000007eaab0000,0x00000007f9a90000)
  from space 25472K, 0% used [0x00000007fb650000,0x00000007fb650000,0x00000007fcf30000)
  to   space 26944K, 0% used [0x00000007f9a90000,0x00000007f9a90000,0x00000007fb4e0000)
 ParOldGen       total 87424K, used 42891K [0x00000007c0000000, 0x00000007c5560000, 0x00000007eaab0000)
  object space 87424K, 49% used [0x00000007c0000000,0x00000007c29e2e30,0x00000007c5560000)
 PSPermGen       total 70848K, used 51603K [0x00000007bae00000, 0x00000007bf330000, 0x00000007c0000000)
  object space 70848K, 72% used [0x00000007bae00000,0x00000007be064cc8,0x00000007bf330000)
}

