# JRE version: 7.0_25-b15
# Java VM: Java HotSpot(TM) 64-Bit Server VM (23.25-b01 mixed mode bsd-amd64 compressed oops)
Heap
 PSYoungGen      total 261056K, used 236940K [0x00000007eaab0000, 0x00000007fce90000, 0x0000000800000000)
  eden space 258944K, 91% used [0x00000007eaab0000,0x00000007f9213140,0x00000007fa790000)
  from space 2112K, 0% used [0x00000007fc880000,0x00000007fc880000,0x00000007fca90000)
  to   space 3136K, 0% used [0x00000007fcb80000,0x00000007fcb80000,0x00000007fce90000)
 ParOldGen       total 87424K, used 43280K [0x00000007c0000000, 0x00000007c5560000, 0x00000007eaab0000)
  object space 87424K, 49% used [0x00000007c0000000,0x00000007c2a440b0,0x00000007c5560000)
 PSPermGen       total 53056K, used 52546K [0x00000007bae00000, 0x00000007be1d0000, 0x00000007c0000000)
  object space 53056K, 99% used [0x00000007bae00000,0x00000007be150a18,0x00000007be1d0000)
GC Heap History (10 events):
Event: 8471.590 GC heap before
{Heap before GC invocations=273 (full 128):
 PSYoungGen      total 259264K, used 288K [0x00000007eaab0000, 0x00000007fd160000, 0x0000000800000000)
  eden space 258944K, 0% used [0x00000007eaab0000,0x00000007eaab0000,0x00000007fa790000)
  from space 320K, 90% used [0x00000007fce30000,0x00000007fce78000,0x00000007fce80000)
  to   space 2944K, 0% used [0x00000007fce80000,0x00000007fce80000,0x00000007fd160000)
 ParOldGen       total 87424K, used 43162K [0x00000007c0000000, 0x00000007c5560000, 0x00000007eaab0000)
  object space 87424K, 49% used [0x00000007c0000000,0x00000007c2a26880,0x00000007c5560000)
 PSPermGen       total 53056K, used 52530K [0x00000007bae00000, 0x00000007be1d0000, 0x00000007c0000000)
  object space 53056K, 99% used [0x00000007bae00000,0x00000007be14c878,0x00000007be1d0000)
Event: 8471.882 GC heap after
Heap after GC invocations=273 (full 128):
 PSYoungGen      total 259264K, used 0K [0x00000007eaab0000, 0x00000007fd160000, 0x0000000800000000)
  eden space 258944K, 0% used [0x00000007eaab0000,0x00000007eaab0000,0x00000007fa790000)
  from space 320K, 0% used [0x00000007fce30000,0x00000007fce30000,0x00000007fce80000)
  to   space 2944K, 0% used [0x00000007fce80000,0x00000007fce80000,0x00000007fd160000)
 ParOldGen       total 87424K, used 43142K [0x00000007c0000000, 0x00000007c5560000, 0x00000007eaab0000)
  object space 87424K, 49% used [0x00000007c0000000,0x00000007c2a21b40,0x00000007c5560000)
 PSPermGen       total 53056K, used 52530K [0x00000007bae00000, 0x00000007be1d0000, 0x00000007c0000000)
  object space 53056K, 99% used [0x00000007bae00000,0x00000007be14c878,0x00000007be1d0000)
}
Event: 8531.594 GC heap before
{Heap before GC invocations=274 (full 128):
 PSYoungGen      total 259264K, used 14317K [0x00000007eaab0000, 0x00000007fd160000, 0x0000000800000000)
  eden space 258944K, 5% used [0x00000007eaab0000,0x00000007eb8ab790,0x00000007fa790000)
  from space 320K, 0% used [0x00000007fce30000,0x00000007fce30000,0x00000007fce80000)
  to   space 2944K, 0% used [0x00000007fce80000,0x00000007fce80000,0x00000007fd160000)
 ParOldGen       total 87424K, used 43142K [0x00000007c0000000, 0x00000007c5560000, 0x00000007eaab0000)
  object space 87424K, 49% used [0x00000007c0000000,0x00000007c2a21b40,0x00000007c5560000)
 PSPermGen       total 53056K, used 52530K [0x00000007bae00000, 0x00000007be1d0000, 0x00000007c0000000)
  object space 53056K, 99% used [0x00000007bae00000,0x00000007be14c878,0x00000007be1d0000)
Event: 8531.598 GC heap after
Heap after GC invocations=274 (full 128):
 PSYoungGen      total 259072K, used 128K [0x00000007eaab0000, 0x00000007fcea0000, 0x0000000800000000)
  eden space 258944K, 0% used [0x00000007eaab0000,0x00000007eaab0000,0x00000007fa790000)
  from space 128K, 100% used [0x00000007fce80000,0x00000007fcea0000,0x00000007fcea0000)
  to   space 3136K, 0% used [0x00000007fc880000,0x00000007fc880000,0x00000007fcb90000)
 ParOldGen       total 87424K, used 43142K [0x00000007c0000000, 0x00000007c5560000, 0x00000007eaab0000)
  object space 87424K, 49% used [0x00000007c0000000,0x00000007c2a21b40,0x00000007c5560000)
 PSPermGen       total 53056K, used 52530K [0x00000007bae00000, 0x00000007be1d0000, 0x00000007c0000000)
  object space 53056K, 99% used [0x00000007bae00000,0x00000007be14c878,0x00000007be1d0000)
}
Event: 8531.598 GC heap before
{Heap before GC invocations=275 (full 129):
 PSYoungGen      total 259072K, used 128K [0x00000007eaab0000, 0x00000007fcea0000, 0x0000000800000000)
  eden space 258944K, 0% used [0x00000007eaab0000,0x00000007eaab0000,0x00000007fa790000)
  from space 128K, 100% used [0x00000007fce80000,0x00000007fcea0000,0x00000007fcea0000)
  to   space 3136K, 0% used [0x00000007fc880000,0x00000007fc880000,0x00000007fcb90000)
 ParOldGen       total 87424K, used 43142K [0x00000007c0000000, 0x00000007c5560000, 0x00000007eaab0000)
  object space 87424K, 49% used [0x00000007c0000000,0x00000007c2a21b40,0x00000007c5560000)
 PSPermGen       total 53056K, used 52530K [0x00000007bae00000, 0x00000007be1d0000, 0x00000007c0000000)
  object space 53056K, 99% used [0x00000007bae00000,0x00000007be14c878,0x00000007be1d0000)
Event: 8531.734 GC heap after
Heap after GC invocations=275 (full 129):
 PSYoungGen      total 259072K, used 0K [0x00000007eaab0000, 0x00000007fcea0000, 0x0000000800000000)
  eden space 258944K, 0% used [0x00000007eaab0000,0x00000007eaab0000,0x00000007fa790000)
  from space 128K, 0% used [0x00000007fce80000,0x00000007fce80000,0x00000007fcea0000)
  to   space 3136K, 0% used [0x00000007fc880000,0x00000007fc880000,0x00000007fcb90000)
 ParOldGen       total 87424K, used 43105K [0x00000007c0000000, 0x00000007c5560000, 0x00000007eaab0000)
  object space 87424K, 49% used [0x00000007c0000000,0x00000007c2a18548,0x00000007c5560000)
 PSPermGen       total 53056K, used 52530K [0x00000007bae00000, 0x00000007be1d0000, 0x00000007c0000000)
  object space 53056K, 99% used [0x00000007bae00000,0x00000007be14c878,0x00000007be1d0000)
}
Event: 8591.597 GC heap before
{Heap before GC invocations=276 (full 129):
 PSYoungGen      total 259072K, used 135291K [0x00000007eaab0000, 0x00000007fcea0000, 0x0000000800000000)
  eden space 258944K, 52% used [0x00000007eaab0000,0x00000007f2eceea8,0x00000007fa790000)
  from space 128K, 0% used [0x00000007fce80000,0x00000007fce80000,0x00000007fcea0000)
  to   space 3136K, 0% used [0x00000007fc880000,0x00000007fc880000,0x00000007fcb90000)
 ParOldGen       total 87424K, used 43105K [0x00000007c0000000, 0x00000007c5560000, 0x00000007eaab0000)
  object space 87424K, 49% used [0x00000007c0000000,0x00000007c2a18548,0x00000007c5560000)
 PSPermGen       total 53056K, used 52534K [0x00000007bae00000, 0x00000007be1d0000, 0x00000007c0000000)
  object space 53056K, 99% used [0x00000007bae00000,0x00000007be14db68,0x00000007be1d0000)
Event: 8591.601 GC heap after
Heap after GC invocations=276 (full 129):
 PSYoungGen      total 261056K, used 2075K [0x00000007eaab0000, 0x00000007fce90000, 0x0000000800000000)
  eden space 258944K, 0% used [0x00000007eaab0000,0x00000007eaab0000,0x00000007fa790000)
  from space 2112K, 98% used [0x00000007fc880000,0x00000007fca86c88,0x00000007fca90000)
  to   space 3136K, 0% used [0x00000007fcb80000,0x00000007fcb80000,0x00000007fce90000)
 ParOldGen       total 87424K, used 43105K [0x00000007c0000000, 0x00000007c5560000, 0x00000007eaab0000)
  object space 87424K, 49% used [0x00000007c0000000,0x00000007c2a18548,0x00000007c5560000)
 PSPermGen       total 53056K, used 52534K [0x00000007bae00000, 0x00000007be1d0000, 0x00000007c0000000)
  object space 53056K, 99% used [0x00000007bae00000,0x00000007be14db68,0x00000007be1d0000)
}
Event: 8591.601 GC heap before
{Heap before GC invocations=277 (full 130):
 PSYoungGen      total 261056K, used 2075K [0x00000007eaab0000, 0x00000007fce90000, 0x0000000800000000)
  eden space 258944K, 0% used [0x00000007eaab0000,0x00000007eaab0000,0x00000007fa790000)
  from space 2112K, 98% used [0x00000007fc880000,0x00000007fca86c88,0x00000007fca90000)
  to   space 3136K, 0% used [0x00000007fcb80000,0x00000007fcb80000,0x00000007fce90000)
 ParOldGen       total 87424K, used 43105K [0x00000007c0000000, 0x00000007c5560000, 0x00000007eaab0000)
  object space 87424K, 49% used [0x00000007c0000000,0x00000007c2a18548,0x00000007c5560000)
 PSPermGen       total 53056K, used 52534K [0x00000007bae00000, 0x00000007be1d0000, 0x00000007c0000000)
  object space 53056K, 99% used [0x00000007bae00000,0x00000007be14db68,0x00000007be1d0000)
Event: 8591.720 GC heap after
Heap after GC invocations=277 (full 130):
 PSYoungGen      total 261056K, used 0K [0x00000007eaab0000, 0x00000007fce90000, 0x0000000800000000)
  eden space 258944K, 0% used [0x00000007eaab0000,0x00000007eaab0000,0x00000007fa790000)
  from space 2112K, 0% used [0x00000007fc880000,0x00000007fc880000,0x00000007fca90000)
  to   space 3136K, 0% used [0x00000007fcb80000,0x00000007fcb80000,0x00000007fce90000)
 ParOldGen       total 87424K, used 43280K [0x00000007c0000000, 0x00000007c5560000, 0x00000007eaab0000)
  object space 87424K, 49% used [0x00000007c0000000,0x00000007c2a440b0,0x00000007c5560000)
 PSPermGen       total 53056K, used 52534K [0x00000007bae00000, 0x00000007be1d0000, 0x00000007c0000000)
  object space 53056K, 99% used [0x00000007bae00000,0x00000007be14db68,0x00000007be1d0000)
}

